#
# There is insufficient memory for the Java Runtime Environment to continue.
# Native memory allocation (mmap) failed to map 9863168 bytes for G1 virtual space
# Possible reasons:
#   The system is out of physical RAM or swap space
#   The process is running with CompressedOops enabled, and the Java Heap may be blocking the growth of the native heap
# Possible solutions:
#   Reduce memory load on the system
#   Increase physical memory or swap space
#   Check if swap backing store is full
#   Decrease Java heap size (-Xmx/-Xms)
#   Decrease number of Java threads
#   Decrease Java thread stack sizes (-Xss)
#   Set larger code cache with -XX:ReservedCodeCacheSize=
#   JVM is running with Unscaled Compressed Oops mode in which the Java heap is
#     placed in the first 4GB address space. The Java Heap base address is the
#     maximum limit for the native heap growth. Please use -XX:HeapBaseMinAddress
#     to set the Java Heap base and to place the Java Heap above 4GB virtual address.
# This output file may be truncated or incomplete.
#
#  Out of Memory Error (os_windows.cpp:3536), pid=19404, tid=664
#
# JRE version: Java(TM) SE Runtime Environment (19.0.2+7) (build 19.0.2+7-44)
# Java VM: Java HotSpot(TM) 64-Bit Server VM (19.0.2+7-44, mixed mode, emulated-client, sharing, tiered, compressed oops, compressed class ptrs, g1 gc, windows-amd64)
# No core dump will be written. Minidumps are not enabled by default on client versions of Windows
#

---------------  S U M M A R Y ------------

Command Line: -Dquarkus-internal.serialized-app-model.path=C:\Users\33660\Documents\PLD_SMART\PLDsmart\back-end\prescrypt\target\quarkus\bootstrap\dev-app-model.dat -javaagent:C:\Users\33660\.m2\repository\io\quarkus\quarkus-class-change-agent\3.0.1.Final\quarkus-class-change-agent-3.0.1.Final.jar -XX:TieredStopAtLevel=1 -agentlib:jdwp=transport=dt_socket,address=localhost:5005,server=y,suspend=n -Djava.util.logging.manager=org.jboss.logmanager.LogManager C:\Users\33660\Documents\PLD_SMART\PLDsmart\back-end\prescrypt\target\prescrypt-dev.jar

Host: Intel(R) Core(TM) i5-8250U CPU @ 1.60GHz, 8 cores, 7G,  Windows 11 , 64 bit Build 22000 (10.0.22000.1880)
Time: Thu May 11 00:26:21 2023 Paris, Madrid (heure duild 22000 (10.0.22000.1880) elapsed time: 1340.044884 seconds (0d 0h 22m 20s)

---------------  T H R E A D  ---------------

Current thread (0x000001e1e11e56c0):  VMThread "VM Thread" [stack: 0x0000003b1bc00000,0x0000003b1bd00000] [id=664]

Stack: [0x0000003b1bc00000,0x0000003b1bd00000]
Native frames: (J=compiled Java code, j=interpreted, Vv=VM code, C=native code)
V  [jvm.dll+0x6ee21a]
V  [jvm.dll+0x85765e]
V  [jvm.dll+0x85904e]
V  [jvm.dll+0x859703]
V  [jvm.dll+0x28298f]
V  [jvm.dll+0x6eb009]
V  [jvm.dll+0x6dfbaa]
V  [jvm.dll+0x3573f6]
V  [jvm.dll+0x35ee56]
V  [jvm.dll+0x3b5433]
V  [jvm.dll+0x3b564f]
V  [jvm.dll+0x32c9ea]
V  [jvm.dll+0x32ca97]
V  [jvm.dll+0x374cd2]
V  [jvm.dll+0x37340f]
V  [jvm.dll+0x32c210]
V  [jvm.dll+0x372ccd]
V  [jvm.dll+0x85ebc3]
V  [jvm.dll+0x85f989]
V  [jvm.dll+0x85febd]
V  [jvm.dll+0x86034b]
V  [jvm.dll+0x860407]
V  [jvm.dll+0x80125a]
V  [jvm.dll+0x6ecf0b]
C  [ucrtbase.dll+0x26c0c]
C  [KERNEL32.DLL+0x155a0]
C  [ntdll.dll+0x485b]

VM_Operation (0x0000003b1d5fdf48): G1TryInitiateConcMark, mode: safepoint, requested by thread 0x000001e1ec5deb40


---------------  P R O C E S S  ---------------

Threads class SMR info:
_java_thread_list=0x000001e1ec40d860, length=36, elements={
0x000001e1e11fc340, 0x000001e1e11fe990, 0x000001e1e1204260, 0x000001e1e12047a0,
0x000001e1e1204ce0, 0x000001e1e1205220, 0x000001e1e120cc70, 0x000001e1e1217210,
0x000001e1e125deb0, 0x000001e1e5b1cec0, 0x000001e1e5b292f0, 0x000001e1e5b2b7c0,
0x000001e1e69a6dd0, 0x000001e1e77bcc00, 0x000001e1e77bebe0, 0x000001e1e77be690,
0x000001e1e77c0120, 0x000001e1e77bbc10, 0x000001e1e77c0bc0, 0x000001e1e77c1660,
0x000001e1e77bf130, 0x000001e1e77bf680, 0x000001e1e77bb6c0, 0x000001e1e77c2100,
0x000001e1e77bc160, 0x000001e1e77c2650, 0x000001e1e6ac4b20, 0x000001e1ec5df090,
0x000001e1ec5e15c0, 0x000001e1ec5e1b10, 0x000001e1ec3600a0, 0x000001e1e77c1110,
0x000001e1ec35f0b0, 0x000001e1ebadd440, 0x000001e1ec5e05d0, 0x000001e1ec5deb40
}

Java Threads: ( => current thread )
  0x000001e1e11fc340 JavaThread "Reference Handler" daemon [_thread_blocked, id=5500, stack(0x0000003b1bd00000,0x0000003b1be00000)]
  0x000001e1e11fe990 JavaThread "Finalizer" daemon [_thread_blocked, id=5896, stack(0x0000003b1be00000,0x0000003b1bf00000)]
  0x000001e1e1204260 JavaThread "Signal Dispatcher" daemon [_thread_blocked, id=6440, stack(0x0000003b1bf00000,0x0000003b1c000000)]
  0x000001e1e12047a0 JavaThread "Attach Listener" daemon [_thread_blocked, id=17792, stack(0x0000003b1c000000,0x0000003b1c100000)]
  0x000001e1e1204ce0 JavaThread "Service Thread" daemon [_thread_blocked, id=8072, stack(0x0000003b1c100000,0x0000003b1c200000)]
  0x000001e1e1205220 JavaThread "Monitor Deflation Thread" daemon [_thread_blocked, id=16656, stack(0x0000003b1c200000,0x0000003b1c300000)]
  0x000001e1e120cc70 JavaThread "C1 CompilerThread0" daemon [_thread_blocked, id=9744, stack(0x0000003b1c300000,0x0000003b1c400000)]
  0x000001e1e1217210 JavaThread "Sweeper thread" daemon [_thread_blocked, id=3776, stack(0x0000003b1c400000,0x0000003b1c500000)]
  0x000001e1e125deb0 JavaThread "Common-Cleaner" daemon [_thread_blocked, id=2988, stack(0x0000003b1c500000,0x0000003b1c600000)]
  0x000001e1e5b1cec0 JavaThread "JDWP Transport Listener: dt_socket" daemon [_thread_in_native, id=13328, stack(0x0000003b1c800000,0x0000003b1c900000)]
  0x000001e1e5b292f0 JavaThread "JDWP Event Helper Thread" daemon [_thread_blocked, id=19224, stack(0x0000003b1c900000,0x0000003b1ca00000)]
  0x000001e1e5b2b7c0 JavaThread "Notification Thread" daemon [_thread_blocked, id=724, stack(0x0000003b1ca00000,0x0000003b1cb00000)]
  0x000001e1e69a6dd0 JavaThread "Quarkus Devmode keep alive thread" [_thread_blocked, id=1104, stack(0x0000003b1d300000,0x0000003b1d400000)]
  0x000001e1e77bcc00 JavaThread "WindowsStreamPump" daemon [_thread_in_native, id=10452, stack(0x0000003b22100000,0x0000003b22200000)]
  0x000001e1e77bebe0 JavaThread "Aesh InputStream Reader" daemon [_thread_blocked, id=1304, stack(0x0000003b22200000,0x0000003b22300000)]
  0x000001e1e77be690 JavaThread "vertx-blocked-thread-checker" daemon [_thread_blocked, id=7600, stack(0x0000003b22400000,0x0000003b22500000)]
  0x000001e1e77c0120 JavaThread "Jndi-Dns-address-change-listener" daemon [_thread_in_native, id=1924, stack(0x0000003b22500000,0x0000003b22600000)]
  0x000001e1e77bbc10 JavaThread "[DevConsole]vert.x-eventloop-thread-0" [_thread_in_native, id=2448, stack(0x0000003b22600000,0x0000003b22700000)]
  0x000001e1e77c0bc0 JavaThread "vertx-blocked-thread-checker" daemon [_thread_blocked, id=3576, stack(0x0000003b1de00000,0x0000003b1df00000)]
  0x000001e1e77c1660 JavaThread "vert.x-eventloop-thread-0" [_thread_in_native, id=18232, stack(0x0000003b1df00000,0x0000003b1e000000)]
  0x000001e1e77bf130 JavaThread "vert.x-eventloop-thread-1" [_thread_in_native, id=2084, stack(0x0000003b1e000000,0x0000003b1e100000)]
  0x000001e1e77bf680 JavaThread "vert.x-acceptor-thread-0" [_thread_in_native, id=3612, stack(0x0000003b1e100000,0x0000003b1e200000)]
  0x000001e1e77bb6c0 JavaThread "vert.x-eventloop-thread-2" [_thread_in_native, id=8648, stack(0x0000003b1e200000,0x0000003b1e300000)]
  0x000001e1e77c2100 JavaThread "DestroyJavaVM" [_thread_blocked, id=8544, stack(0x0000003b1b600000,0x0000003b1b700000)]
  0x000001e1e77bc160 JavaThread "vert.x-worker-thread-1" [_thread_blocked, id=13956, stack(0x0000003b1c600000,0x0000003b1c700000)]
  0x000001e1e77c2650 JavaThread "Java2D Disposer" daemon [_thread_blocked, id=7060, stack(0x0000003b1c700000,0x0000003b1c800000)]
  0x000001e1e6ac4b20 JavaThread "ForkJoinPool.commonPool-worker-9" daemon [_thread_blocked, id=15772, stack(0x0000003b1b400000,0x0000003b1b500000)]
  0x000001e1ec5df090 JavaThread "ForkJoinPool.commonPool-worker-15" daemon [_thread_blocked, id=18556, stack(0x0000003b1b300000,0x0000003b1b400000)]
  0x000001e1ec5e15c0 JavaThread "ForkJoinPool.commonPool-worker-18" daemon [_thread_blocked, id=15628, stack(0x0000003b1d800000,0x0000003b1d900000)]
  0x000001e1ec5e1b10 JavaThread "ForkJoinPool.commonPool-worker-19" daemon [_thread_blocked, id=4620, stack(0x0000003b1b500000,0x0000003b1b600000)]
  0x000001e1ec3600a0 JavaThread "ForkJoinPool.commonPool-worker-21" daemon [_thread_blocked, id=19784, stack(0x0000003b1d600000,0x0000003b1d700000)]
  0x000001e1e77c1110 JavaThread "ForkJoinPool.commonPool-worker-22" daemon [_thread_blocked, id=19000, stack(0x0000003b1cc00000,0x0000003b1cd00000)]
  0x000001e1ec35f0b0 JavaThread "ForkJoinPool.commonPool-worker-23" daemon [_thread_blocked, id=19288, stack(0x0000003b1d700000,0x0000003b1d800000)]
  0x000001e1ebadd440 JavaThread "C1 CompilerThread1" daemon [_thread_blocked, id=11044, stack(0x0000003b1f900000,0x0000003b1fa00000)]
  0x000001e1ec5e05d0 JavaThread "Quarkus Main Thread" [_thread_blocked, id=20412, stack(0x0000003b1d400000,0x0000003b1d500000)]
  0x000001e1ec5deb40 JavaThread "executor-thread-1" daemon [_thread_blocked, id=6520, stack(0x0000003b1d500000,0x0000003b1d600000)]

Other Threads:
=>0x000001e1e11e56c0 VMThread "VM Thread" [stack: 0x0000003b1bc00000,0x0000003b1bd00000] [id=664]
  0x000001e1cecb3660 WatcherThread "VM Periodic Task Thread" [stack: 0x0000003b1cb00000,0x0000003b1cc00000] [id=13992]
  0x000001e1ced123a0 WorkerThread "GC Thread#0" [stack: 0x0000003b1b700000,0x0000003b1b800000] [id=3140]
  0x000001e1e5c6bad0 WorkerThread "GC Thread#1" [stack: 0x0000003b1cd00000,0x0000003b1ce00000] [id=15396]
  0x000001e1e5c6bda0 WorkerThread "GC Thread#2" [stack: 0x0000003b1ce00000,0x0000003b1cf00000] [id=15344]
  0x000001e1e5c8c460 WorkerThread "GC Thread#3" [stack: 0x0000003b1cf00000,0x0000003b1d000000] [id=17508]
  0x000001e1e5c8de00 WorkerThread "GC Thread#4" [stack: 0x0000003b1d000000,0x0000003b1d100000] [id=20700]
  0x000001e1e5c8cd20 WorkerThread "GC Thread#5" [stack: 0x0000003b1d100000,0x0000003b1d200000] [id=1160]
  0x000001e1e5c8c780 WorkerThread "GC Thread#6" [stack: 0x0000003b1d200000,0x0000003b1d300000] [id=3192]
  0x000001e1e5c8e0d0 WorkerThread "GC Thread#7" [stack: 0x0000003b1db00000,0x0000003b1dc00000] [id=5900]
  0x000001e1ced24150 ConcurrentGCThread "G1 Main Marker" [stack: 0x0000003b1b800000,0x0000003b1b900000] [id=12348]
  0x000001e1ced24b80 WorkerThread "G1 Conc#0" [stack: 0x0000003b1b900000,0x0000003b1ba00000] [id=11260]
  0x000001e1e6e9cef0 WorkerThread "G1 Conc#1" [stack: 0x0000003b22300000,0x0000003b22400000] [id=10736]
  0x000001e1e1099500 ConcurrentGCThread "G1 Refine#0" [stack: 0x0000003b1ba00000,0x0000003b1bb00000] [id=19676]
  0x000001e1e109c920 ConcurrentGCThread "G1 Service" [stack: 0x0000003b1bb00000,0x0000003b1bc00000] [id=11940]

Threads with active compile tasks:

VM state: at safepoint (normal execution)

VM Mutex/Monitor currently owned by a thread:  ([mutex/lock_event])
[0x000001e1cecad860] Threads_lock - owner thread: 0x000001e1e11e56c0
[0x000001e1cecb0ee0] Heap_lock - owner thread: 0x000001e1ec5deb40

Heap address: 0x0000000082600000, size: 2010 MB, Compressed Oops mode: 32-bit

CDS archive(s) mapped at: [0x0000000800000000-0x0000000800c40000-0x0000000800c40000), size 12845056, SharedBaseAddress: 0x0000000800000000, ArchiveRelocationMode: 0.
Compressed class space mapped at: 0x0000000801000000-0x0000000841000000, reserved size: 1073741824
Narrow klass base: 0x0000000800000000, Narrow klass shift: 0, Narrow klass range: 0x100000000

GC Precious Log:
 CardTable entry size: 512
 Card Set container configuration: InlinePtr #cards 5 size 8 Array Of Cards #cards 12 size 40 Howl #buckets 4 coarsen threshold 1843 Howl Bitmap #cards 512 size 80 coarsen threshold 460 Card regions per heap region 1 cards per card region 2048
 CPUs: 8 total, 8 available
 Memory: 8034M
 Large Page Support: Disabled
 NUMA Support: Disabled
 Compressed Oops: Enabled (32-bit)
 Heap Region Size: 1M
 Heap Min Capacity: 8M
 Heap Initial Capacity: 126M
 Heap Max Capacity: 2010M
 Pre-touch: Disabled
 Parallel Workers: 8
 Concurrent Workers: 2
 Concurrent Refinement Workers: 8
 Periodic GC: Disabled

Heap:
 garbage-first heap   total 308224K, used 122806K [0x0000000082600000, 0x0000000100000000)
  region size 1024K, 10 young (10240K), 10 survivors (10240K)
 Metaspace       used 61096K, committed 62400K, reserved 1114112K
  class space    used 7943K, committed 8704K, reserved 1048576K

Heap Regions: E=young(eden), S=young(survivor), O=old, HS=humongous(starts), HC=humongous(continues), CS=collection set, F=free, OA=open archive, CA=closed archive, TAMS=top-at-mark-start (previous, next)
|   0|0x0000000082600000, 0x0000000082700000, 0x0000000082700000|100%|HS|  |TAMS 0x0000000082700000, 0x0000000082700000| Complete 
|   1|0x0000000082700000, 0x0000000082800000, 0x0000000082800000|100%|HS|  |TAMS 0x0000000082800000, 0x0000000082800000| Complete 
|   2|0x0000000082800000, 0x0000000082900000, 0x0000000082900000|100%|HC|  |TAMS 0x0000000082900000, 0x0000000082900000| Complete 
|   3|0x0000000082900000, 0x0000000082a00000, 0x0000000082a00000|100%| O|  |TAMS 0x0000000082a00000, 0x0000000082a00000| Untracked 
|   4|0x0000000082a00000, 0x0000000082b00000, 0x0000000082b00000|100%| O|  |TAMS 0x0000000082b00000, 0x0000000082b00000| Untracked 
|   5|0x0000000082b00000, 0x0000000082c00000, 0x0000000082c00000|100%| O|  |TAMS 0x0000000082c00000, 0x0000000082c00000| Untracked 
|   6|0x0000000082c00000, 0x0000000082d00000, 0x0000000082d00000|100%| O|  |TAMS 0x0000000082d00000, 0x0000000082d00000| Untracked 
|   7|0x0000000082d00000, 0x0000000082e00000, 0x0000000082e00000|100%| O|  |TAMS 0x0000000082e00000, 0x0000000082e00000| Untracked 
|   8|0x0000000082e00000, 0x0000000082f00000, 0x0000000082f00000|100%| O|  |TAMS 0x0000000082f00000, 0x0000000082f00000| Untracked 
|   9|0x0000000082f00000, 0x0000000083000000, 0x0000000083000000|100%| O|  |TAMS 0x0000000083000000, 0x0000000083000000| Untracked 
|  10|0x0000000083000000, 0x0000000083100000, 0x0000000083100000|100%| O|  |TAMS 0x0000000083100000, 0x0000000083100000| Untracked 
|  11|0x0000000083100000, 0x0000000083200000, 0x0000000083200000|100%| O|  |TAMS 0x0000000083200000, 0x0000000083200000| Untracked 
|  12|0x0000000083200000, 0x0000000083300000, 0x0000000083300000|100%| O|  |TAMS 0x0000000083300000, 0x0000000083300000| Untracked 
|  13|0x0000000083300000, 0x0000000083400000, 0x0000000083400000|100%| O|  |TAMS 0x0000000083400000, 0x0000000083400000| Untracked 
|  14|0x0000000083400000, 0x0000000083500000, 0x0000000083500000|100%| O|  |TAMS 0x0000000083500000, 0x0000000083500000| Untracked 
|  15|0x0000000083500000, 0x0000000083600000, 0x0000000083600000|100%| O|  |TAMS 0x0000000083600000, 0x0000000083600000| Untracked 
|  16|0x0000000083600000, 0x0000000083700000, 0x0000000083700000|100%| O|  |TAMS 0x0000000083700000, 0x0000000083700000| Untracked 
|  17|0x0000000083700000, 0x0000000083800000, 0x0000000083800000|100%| O|  |TAMS 0x0000000083800000, 0x0000000083800000| Untracked 
|  18|0x0000000083800000, 0x0000000083900000, 0x0000000083900000|100%| O|  |TAMS 0x0000000083900000, 0x0000000083900000| Untracked 
|  19|0x0000000083900000, 0x0000000083a00000, 0x0000000083a00000|100%| O|  |TAMS 0x0000000083a00000, 0x0000000083a00000| Untracked 
|  20|0x0000000083a00000, 0x0000000083b00000, 0x0000000083b00000|100%| O|  |TAMS 0x0000000083b00000, 0x0000000083b00000| Untracked 
|  21|0x0000000083b00000, 0x0000000083c00000, 0x0000000083c00000|100%| O|  |TAMS 0x0000000083c00000, 0x0000000083c00000| Untracked 
|  22|0x0000000083c00000, 0x0000000083d00000, 0x0000000083d00000|100%| O|  |TAMS 0x0000000083d00000, 0x0000000083d00000| Untracked 
|  23|0x0000000083d00000, 0x0000000083e00000, 0x0000000083e00000|100%| O|  |TAMS 0x0000000083e00000, 0x0000000083e00000| Untracked 
|  24|0x0000000083e00000, 0x0000000083f00000, 0x0000000083f00000|100%| O|  |TAMS 0x0000000083f00000, 0x0000000083f00000| Untracked 
|  25|0x0000000083f00000, 0x0000000084000000, 0x0000000084000000|100%| O|  |TAMS 0x0000000084000000, 0x0000000084000000| Untracked 
|  26|0x0000000084000000, 0x0000000084100000, 0x0000000084100000|100%| O|  |TAMS 0x0000000084100000, 0x0000000084100000| Untracked 
|  27|0x0000000084100000, 0x0000000084200000, 0x0000000084200000|100%|HS|  |TAMS 0x0000000084200000, 0x0000000084200000| Complete 
|  28|0x0000000084200000, 0x0000000084300000, 0x0000000084300000|100%| O|  |TAMS 0x0000000084300000, 0x0000000084300000| Untracked 
|  29|0x0000000084300000, 0x0000000084400000, 0x0000000084400000|100%| O|  |TAMS 0x0000000084400000, 0x0000000084400000| Untracked 
|  30|0x0000000084400000, 0x0000000084500000, 0x0000000084500000|100%| O|  |TAMS 0x0000000084500000, 0x0000000084500000| Untracked 
|  31|0x0000000084500000, 0x0000000084500000, 0x0000000084600000|  0%| F|  |TAMS 0x0000000084500000, 0x0000000084500000| Untracked 
|  32|0x0000000084600000, 0x0000000084700000, 0x0000000084700000|100%| O|  |TAMS 0x0000000084700000, 0x0000000084700000| Untracked 
|  33|0x0000000084700000, 0x0000000084800000, 0x0000000084800000|100%| O|  |TAMS 0x0000000084800000, 0x0000000084800000| Untracked 
|  34|0x0000000084800000, 0x0000000084900000, 0x0000000084900000|100%| O|  |TAMS 0x0000000084900000, 0x0000000084900000| Untracked 
|  35|0x0000000084900000, 0x0000000084a00000, 0x0000000084a00000|100%| O|  |TAMS 0x0000000084a00000, 0x0000000084a00000| Untracked 
|  36|0x0000000084a00000, 0x0000000084b00000, 0x0000000084b00000|100%| O|  |TAMS 0x0000000084b00000, 0x0000000084b00000| Untracked 
|  37|0x0000000084b00000, 0x0000000084c00000, 0x0000000084c00000|100%| O|  |TAMS 0x0000000084c00000, 0x0000000084c00000| Untracked 
|  38|0x0000000084c00000, 0x0000000084d00000, 0x0000000084d00000|100%| O|  |TAMS 0x0000000084d00000, 0x0000000084d00000| Untracked 
|  39|0x0000000084d00000, 0x0000000084e00000, 0x0000000084e00000|100%| O|  |TAMS 0x0000000084e00000, 0x0000000084e00000| Untracked 
|  40|0x0000000084e00000, 0x0000000084f00000, 0x0000000084f00000|100%|HS|  |TAMS 0x0000000084f00000, 0x0000000084f00000| Complete 
|  41|0x0000000084f00000, 0x0000000085000000, 0x0000000085000000|100%| O|  |TAMS 0x0000000085000000, 0x0000000085000000| Untracked 
|  42|0x0000000085000000, 0x0000000085100000, 0x0000000085100000|100%| O|  |TAMS 0x0000000085100000, 0x0000000085100000| Untracked 
|  43|0x0000000085100000, 0x0000000085200000, 0x0000000085200000|100%| O|  |TAMS 0x0000000085200000, 0x0000000085200000| Untracked 
|  44|0x0000000085200000, 0x0000000085300000, 0x0000000085300000|100%| O|  |TAMS 0x0000000085300000, 0x0000000085300000| Untracked 
|  45|0x0000000085300000, 0x0000000085400000, 0x0000000085400000|100%| O|  |TAMS 0x0000000085400000, 0x0000000085400000| Untracked 
|  46|0x0000000085400000, 0x0000000085500000, 0x0000000085500000|100%| O|  |TAMS 0x0000000085500000, 0x0000000085500000| Untracked 
|  47|0x0000000085500000, 0x0000000085600000, 0x0000000085600000|100%| O|  |TAMS 0x0000000085600000, 0x0000000085600000| Untracked 
|  48|0x0000000085600000, 0x0000000085700000, 0x0000000085700000|100%| O|  |TAMS 0x0000000085700000, 0x0000000085700000| Untracked 
|  49|0x0000000085700000, 0x0000000085800000, 0x0000000085800000|100%| O|  |TAMS 0x0000000085800000, 0x0000000085800000| Untracked 
|  50|0x0000000085800000, 0x0000000085900000, 0x0000000085900000|100%| O|  |TAMS 0x0000000085900000, 0x0000000085900000| Untracked 
|  51|0x0000000085900000, 0x0000000085a00000, 0x0000000085a00000|100%| O|  |TAMS 0x0000000085a00000, 0x0000000085a00000| Untracked 
|  52|0x0000000085a00000, 0x0000000085b00000, 0x0000000085b00000|100%| O|  |TAMS 0x0000000085b00000, 0x0000000085b00000| Untracked 
|  53|0x0000000085b00000, 0x0000000085c00000, 0x0000000085c00000|100%| O|  |TAMS 0x0000000085c00000, 0x0000000085c00000| Untracked 
|  54|0x0000000085c00000, 0x0000000085d00000, 0x0000000085d00000|100%| O|  |TAMS 0x0000000085c00000, 0x0000000085d00000| Untracked 
|  55|0x0000000085d00000, 0x0000000085e00000, 0x0000000085e00000|100%| O|  |TAMS 0x0000000085e00000, 0x0000000085e00000| Untracked 
|  56|0x0000000085e00000, 0x0000000085f00000, 0x0000000085f00000|100%| O|  |TAMS 0x0000000085f00000, 0x0000000085f00000| Untracked 
|  57|0x0000000085f00000, 0x0000000086000000, 0x0000000086000000|100%| O|  |TAMS 0x0000000086000000, 0x0000000086000000| Untracked 
|  58|0x0000000086000000, 0x0000000086100000, 0x0000000086100000|100%| O|  |TAMS 0x0000000086100000, 0x0000000086100000| Untracked 
|  59|0x0000000086100000, 0x0000000086200000, 0x0000000086200000|100%| O|  |TAMS 0x0000000086200000, 0x0000000086200000| Untracked 
|  60|0x0000000086200000, 0x0000000086300000, 0x0000000086300000|100%| O|  |TAMS 0x0000000086200000, 0x0000000086300000| Untracked 
|  61|0x0000000086300000, 0x0000000086400000, 0x0000000086400000|100%| O|  |TAMS 0x0000000086400000, 0x0000000086400000| Untracked 
|  62|0x0000000086400000, 0x0000000086500000, 0x0000000086500000|100%|HS|  |TAMS 0x0000000086500000, 0x0000000086500000| Complete 
|  63|0x0000000086500000, 0x0000000086600000, 0x0000000086600000|100%|HC|  |TAMS 0x0000000086600000, 0x0000000086600000| Complete 
|  64|0x0000000086600000, 0x0000000086700000, 0x0000000086700000|100%| O|  |TAMS 0x0000000086700000, 0x0000000086700000| Untracked 
|  65|0x0000000086700000, 0x0000000086800000, 0x0000000086800000|100%| O|  |TAMS 0x0000000086800000, 0x0000000086800000| Untracked 
|  66|0x0000000086800000, 0x0000000086900000, 0x0000000086900000|100%| O|  |TAMS 0x0000000086900000, 0x0000000086900000| Untracked 
|  67|0x0000000086900000, 0x0000000086a00000, 0x0000000086a00000|100%| O|  |TAMS 0x0000000086a00000, 0x0000000086a00000| Untracked 
|  68|0x0000000086a00000, 0x0000000086b00000, 0x0000000086b00000|100%| O|  |TAMS 0x0000000086b00000, 0x0000000086b00000| Untracked 
|  69|0x0000000086b00000, 0x0000000086c00000, 0x0000000086c00000|100%| O|  |TAMS 0x0000000086c00000, 0x0000000086c00000| Untracked 
|  70|0x0000000086c00000, 0x0000000086d00000, 0x0000000086d00000|100%| O|  |TAMS 0x0000000086d00000, 0x0000000086d00000| Untracked 
|  71|0x0000000086d00000, 0x0000000086e00000, 0x0000000086e00000|100%| O|  |TAMS 0x0000000086e00000, 0x0000000086e00000| Untracked 
|  72|0x0000000086e00000, 0x0000000086f00000, 0x0000000086f00000|100%| O|  |TAMS 0x0000000086f00000, 0x0000000086f00000| Untracked 
|  73|0x0000000086f00000, 0x0000000087000000, 0x0000000087000000|100%| O|  |TAMS 0x0000000087000000, 0x0000000087000000| Untracked 
|  74|0x0000000087000000, 0x0000000087100000, 0x0000000087100000|100%| O|  |TAMS 0x0000000087100000, 0x0000000087100000| Untracked 
|  75|0x0000000087100000, 0x0000000087200000, 0x0000000087200000|100%| O|  |TAMS 0x0000000087200000, 0x0000000087200000| Untracked 
|  76|0x0000000087200000, 0x0000000087300000, 0x0000000087300000|100%| O|  |TAMS 0x0000000087300000, 0x0000000087300000| Untracked 
|  77|0x0000000087300000, 0x0000000087400000, 0x0000000087400000|100%| O|  |TAMS 0x0000000087400000, 0x0000000087400000| Untracked 
|  78|0x0000000087400000, 0x0000000087500000, 0x0000000087500000|100%| O|  |TAMS 0x0000000087500000, 0x0000000087500000| Untracked 
|  79|0x0000000087500000, 0x0000000087600000, 0x0000000087600000|100%| O|  |TAMS 0x0000000087600000, 0x0000000087600000| Untracked 
|  80|0x0000000087600000, 0x0000000087700000, 0x0000000087700000|100%| O|  |TAMS 0x0000000087700000, 0x0000000087700000| Untracked 
|  81|0x0000000087700000, 0x0000000087800000, 0x0000000087800000|100%| O|  |TAMS 0x0000000087800000, 0x0000000087800000| Untracked 
|  82|0x0000000087800000, 0x0000000087900000, 0x0000000087900000|100%| O|  |TAMS 0x0000000087900000, 0x0000000087900000| Untracked 
|  83|0x0000000087900000, 0x0000000087a00000, 0x0000000087a00000|100%| O|  |TAMS 0x0000000087a00000, 0x0000000087a00000| Untracked 
|  84|0x0000000087a00000, 0x0000000087b00000, 0x0000000087b00000|100%| O|  |TAMS 0x0000000087a00000, 0x0000000087b00000| Untracked 
|  85|0x0000000087b00000, 0x0000000087c00000, 0x0000000087c00000|100%| O|  |TAMS 0x0000000087b00000, 0x0000000087c00000| Untracked 
|  86|0x0000000087c00000, 0x0000000087d00000, 0x0000000087d00000|100%| O|  |TAMS 0x0000000087d00000, 0x0000000087d00000| Untracked 
|  87|0x0000000087d00000, 0x0000000087e00000, 0x0000000087e00000|100%| O|  |TAMS 0x0000000087e00000, 0x0000000087e00000| Untracked 
|  88|0x0000000087e00000, 0x0000000087f00000, 0x0000000087f00000|100%| O|  |TAMS 0x0000000087e00000, 0x0000000087f00000| Untracked 
|  89|0x0000000087f00000, 0x0000000088000000, 0x0000000088000000|100%| O|  |TAMS 0x0000000088000000, 0x0000000088000000| Untracked 
|  90|0x0000000088000000, 0x0000000088100000, 0x0000000088100000|100%| O|  |TAMS 0x0000000088100000, 0x0000000088100000| Untracked 
|  91|0x0000000088100000, 0x0000000088200000, 0x0000000088200000|100%| O|  |TAMS 0x0000000088200000, 0x0000000088200000| Untracked 
|  92|0x0000000088200000, 0x0000000088200000, 0x0000000088300000|  0%| F|  |TAMS 0x0000000088200000, 0x0000000088200000| Untracked 
|  93|0x0000000088300000, 0x0000000088400000, 0x0000000088400000|100%| O|  |TAMS 0x0000000088300000, 0x0000000088400000| Untracked 
|  94|0x0000000088400000, 0x0000000088400000, 0x0000000088500000|  0%| F|  |TAMS 0x0000000088400000, 0x0000000088400000| Untracked 
|  95|0x0000000088500000, 0x0000000088600000, 0x0000000088600000|100%| O|  |TAMS 0x0000000088600000, 0x0000000088600000| Untracked 
|  96|0x0000000088600000, 0x0000000088600000, 0x0000000088700000|  0%| F|  |TAMS 0x0000000088600000, 0x0000000088600000| Untracked 
|  97|0x0000000088700000, 0x0000000088700000, 0x0000000088800000|  0%| F|  |TAMS 0x0000000088700000, 0x0000000088700000| Untracked 
|  98|0x0000000088800000, 0x0000000088800000, 0x0000000088900000|  0%| F|  |TAMS 0x0000000088800000, 0x0000000088800000| Untracked 
|  99|0x0000000088900000, 0x0000000088a00000, 0x0000000088a00000|100%| O|  |TAMS 0x0000000088a00000, 0x0000000088a00000| Untracked 
| 100|0x0000000088a00000, 0x0000000088b00000, 0x0000000088b00000|100%| O|  |TAMS 0x0000000088b00000, 0x0000000088b00000| Untracked 
| 101|0x0000000088b00000, 0x0000000088b00000, 0x0000000088c00000|  0%| F|  |TAMS 0x0000000088b00000, 0x0000000088b00000| Untracked 
| 102|0x0000000088c00000, 0x0000000088d00000, 0x0000000088d00000|100%| O|  |TAMS 0x0000000088c00000, 0x0000000088d00000| Untracked 
| 103|0x0000000088d00000, 0x0000000088e00000, 0x0000000088e00000|100%| O|  |TAMS 0x0000000088e00000, 0x0000000088e00000| Untracked 
| 104|0x0000000088e00000, 0x0000000088f00000, 0x0000000088f00000|100%| O|  |TAMS 0x0000000088f00000, 0x0000000088f00000| Untracked 
| 105|0x0000000088f00000, 0x0000000089000000, 0x0000000089000000|100%| O|  |TAMS 0x0000000088f00000, 0x0000000089000000| Untracked 
| 106|0x0000000089000000, 0x0000000089100000, 0x0000000089100000|100%| O|  |TAMS 0x0000000089000000, 0x0000000089100000| Untracked 
| 107|0x0000000089100000, 0x0000000089200000, 0x0000000089200000|100%| O|  |TAMS 0x0000000089100000, 0x0000000089200000| Untracked 
| 108|0x0000000089200000, 0x0000000089200000, 0x0000000089300000|  0%| F|  |TAMS 0x0000000089200000, 0x0000000089200000| Untracked 
| 109|0x0000000089300000, 0x0000000089300000, 0x0000000089400000|  0%| F|  |TAMS 0x0000000089300000, 0x0000000089300000| Untracked 
| 110|0x0000000089400000, 0x0000000089500000, 0x0000000089500000|100%| O|  |TAMS 0x0000000089400000, 0x0000000089500000| Untracked 
| 111|0x0000000089500000, 0x0000000089600000, 0x0000000089600000|100%| O|  |TAMS 0x0000000089500000, 0x0000000089600000| Untracked 
| 112|0x0000000089600000, 0x0000000089698800, 0x0000000089700000| 59%| O|  |TAMS 0x0000000089600000, 0x0000000089698800| Untracked 
| 113|0x0000000089700000, 0x0000000089700000, 0x0000000089800000|  0%| F|  |TAMS 0x0000000089700000, 0x0000000089700000| Untracked 
| 114|0x0000000089800000, 0x0000000089800000, 0x0000000089900000|  0%| F|  |TAMS 0x0000000089800000, 0x0000000089800000| Untracked 
| 115|0x0000000089900000, 0x0000000089900000, 0x0000000089a00000|  0%| F|  |TAMS 0x0000000089900000, 0x0000000089900000| Untracked 
| 116|0x0000000089a00000, 0x0000000089a00000, 0x0000000089b00000|  0%| F|  |TAMS 0x0000000089a00000, 0x0000000089a00000| Untracked 
| 117|0x0000000089b00000, 0x0000000089b00000, 0x0000000089c00000|  0%| F|  |TAMS 0x0000000089b00000, 0x0000000089b00000| Untracked 
| 118|0x0000000089c00000, 0x0000000089d00000, 0x0000000089d00000|100%| O|  |TAMS 0x0000000089d00000, 0x0000000089d00000| Untracked 
| 119|0x0000000089d00000, 0x0000000089e00000, 0x0000000089e00000|100%| O|  |TAMS 0x0000000089e00000, 0x0000000089e00000| Untracked 
| 120|0x0000000089e00000, 0x0000000089f00000, 0x0000000089f00000|100%| O|  |TAMS 0x0000000089f00000, 0x0000000089f00000| Untracked 
| 121|0x0000000089f00000, 0x000000008a000000, 0x000000008a000000|100%| O|  |TAMS 0x000000008a000000, 0x000000008a000000| Untracked 
| 122|0x000000008a000000, 0x000000008a100000, 0x000000008a100000|100%| O|  |TAMS 0x000000008a100000, 0x000000008a100000| Untracked 
| 123|0x000000008a100000, 0x000000008a200000, 0x000000008a200000|100%| O|  |TAMS 0x000000008a200000, 0x000000008a200000| Untracked 
| 124|0x000000008a200000, 0x000000008a300000, 0x000000008a300000|100%| O|  |TAMS 0x000000008a278c00, 0x000000008a300000| Untracked 
| 125|0x000000008a300000, 0x000000008a300000, 0x000000008a400000|  0%| F|  |TAMS 0x000000008a300000, 0x000000008a300000| Untracked 
| 126|0x000000008a400000, 0x000000008a400000, 0x000000008a500000|  0%| F|  |TAMS 0x000000008a400000, 0x000000008a400000| Untracked 
| 127|0x000000008a500000, 0x000000008a500000, 0x000000008a600000|  0%| F|  |TAMS 0x000000008a500000, 0x000000008a500000| Untracked 
| 128|0x000000008a600000, 0x000000008a600000, 0x000000008a700000|  0%| F|  |TAMS 0x000000008a600000, 0x000000008a600000| Untracked 
| 129|0x000000008a700000, 0x000000008a700000, 0x000000008a800000|  0%| F|  |TAMS 0x000000008a700000, 0x000000008a700000| Untracked 
| 130|0x000000008a800000, 0x000000008a800000, 0x000000008a900000|  0%| F|  |TAMS 0x000000008a800000, 0x000000008a800000| Untracked 
| 131|0x000000008a900000, 0x000000008a900000, 0x000000008aa00000|  0%| F|  |TAMS 0x000000008a900000, 0x000000008a900000| Untracked 
| 132|0x000000008aa00000, 0x000000008aa00000, 0x000000008ab00000|  0%| F|  |TAMS 0x000000008aa00000, 0x000000008aa00000| Untracked 
| 133|0x000000008ab00000, 0x000000008ab00000, 0x000000008ac00000|  0%| F|  |TAMS 0x000000008ab00000, 0x000000008ab00000| Untracked 
| 134|0x000000008ac00000, 0x000000008ac00000, 0x000000008ad00000|  0%| F|  |TAMS 0x000000008ac00000, 0x000000008ac00000| Untracked 
| 135|0x000000008ad00000, 0x000000008ad00000, 0x000000008ae00000|  0%| F|  |TAMS 0x000000008ad00000, 0x000000008ad00000| Untracked 
| 136|0x000000008ae00000, 0x000000008ae00000, 0x000000008af00000|  0%| F|  |TAMS 0x000000008ae00000, 0x000000008ae00000| Untracked 
| 137|0x000000008af00000, 0x000000008af00000, 0x000000008b000000|  0%| F|  |TAMS 0x000000008af00000, 0x000000008af00000| Untracked 
| 138|0x000000008b000000, 0x000000008b000000, 0x000000008b100000|  0%| F|  |TAMS 0x000000008b000000, 0x000000008b000000| Untracked 
| 139|0x000000008b100000, 0x000000008b100000, 0x000000008b200000|  0%| F|  |TAMS 0x000000008b100000, 0x000000008b100000| Untracked 
| 140|0x000000008b200000, 0x000000008b200000, 0x000000008b300000|  0%| F|  |TAMS 0x000000008b200000, 0x000000008b200000| Untracked 
| 141|0x000000008b300000, 0x000000008b300000, 0x000000008b400000|  0%| F|  |TAMS 0x000000008b300000, 0x000000008b300000| Untracked 
| 142|0x000000008b400000, 0x000000008b400000, 0x000000008b500000|  0%| F|  |TAMS 0x000000008b400000, 0x000000008b400000| Untracked 
| 143|0x000000008b500000, 0x000000008b500000, 0x000000008b600000|  0%| F|  |TAMS 0x000000008b500000, 0x000000008b500000| Untracked 
| 144|0x000000008b600000, 0x000000008b600000, 0x000000008b700000|  0%| F|  |TAMS 0x000000008b600000, 0x000000008b600000| Untracked 
| 145|0x000000008b700000, 0x000000008b700000, 0x000000008b800000|  0%| F|  |TAMS 0x000000008b700000, 0x000000008b700000| Untracked 
| 146|0x000000008b800000, 0x000000008b800000, 0x000000008b900000|  0%| F|  |TAMS 0x000000008b800000, 0x000000008b800000| Untracked 
| 147|0x000000008b900000, 0x000000008b900000, 0x000000008ba00000|  0%| F|  |TAMS 0x000000008b900000, 0x000000008b900000| Untracked 
| 148|0x000000008ba00000, 0x000000008ba00000, 0x000000008bb00000|  0%| F|  |TAMS 0x000000008ba00000, 0x000000008ba00000| Untracked 
| 149|0x000000008bb00000, 0x000000008bb00000, 0x000000008bc00000|  0%| F|  |TAMS 0x000000008bb00000, 0x000000008bb00000| Untracked 
| 150|0x000000008bc00000, 0x000000008bc00000, 0x000000008bd00000|  0%| F|  |TAMS 0x000000008bc00000, 0x000000008bc00000| Untracked 
| 151|0x000000008bd00000, 0x000000008bd00000, 0x000000008be00000|  0%| F|  |TAMS 0x000000008bd00000, 0x000000008bd00000| Untracked 
| 152|0x000000008be00000, 0x000000008be00000, 0x000000008bf00000|  0%| F|  |TAMS 0x000000008be00000, 0x000000008be00000| Untracked 
| 153|0x000000008bf00000, 0x000000008bf00000, 0x000000008c000000|  0%| F|  |TAMS 0x000000008bf00000, 0x000000008bf00000| Untracked 
| 154|0x000000008c000000, 0x000000008c000000, 0x000000008c100000|  0%| F|  |TAMS 0x000000008c000000, 0x000000008c000000| Untracked 
| 155|0x000000008c100000, 0x000000008c100000, 0x000000008c200000|  0%| F|  |TAMS 0x000000008c100000, 0x000000008c100000| Untracked 
| 156|0x000000008c200000, 0x000000008c200000, 0x000000008c300000|  0%| F|  |TAMS 0x000000008c200000, 0x000000008c200000| Untracked 
| 157|0x000000008c300000, 0x000000008c300000, 0x000000008c400000|  0%| F|  |TAMS 0x000000008c300000, 0x000000008c300000| Untracked 
| 158|0x000000008c400000, 0x000000008c400000, 0x000000008c500000|  0%| F|  |TAMS 0x000000008c400000, 0x000000008c400000| Untracked 
| 159|0x000000008c500000, 0x000000008c500000, 0x000000008c600000|  0%| F|  |TAMS 0x000000008c500000, 0x000000008c500000| Untracked 
| 160|0x000000008c600000, 0x000000008c600000, 0x000000008c700000|  0%| F|  |TAMS 0x000000008c600000, 0x000000008c600000| Untracked 
| 161|0x000000008c700000, 0x000000008c700000, 0x000000008c800000|  0%| F|  |TAMS 0x000000008c700000, 0x000000008c700000| Untracked 
| 162|0x000000008c800000, 0x000000008c800000, 0x000000008c900000|  0%| F|  |TAMS 0x000000008c800000, 0x000000008c800000| Untracked 
| 163|0x000000008c900000, 0x000000008c900000, 0x000000008ca00000|  0%| F|  |TAMS 0x000000008c900000, 0x000000008c900000| Untracked 
| 164|0x000000008ca00000, 0x000000008ca00000, 0x000000008cb00000|  0%| F|  |TAMS 0x000000008ca00000, 0x000000008ca00000| Untracked 
| 165|0x000000008cb00000, 0x000000008cb00000, 0x000000008cc00000|  0%| F|  |TAMS 0x000000008cb00000, 0x000000008cb00000| Untracked 
| 166|0x000000008cc00000, 0x000000008cc00000, 0x000000008cd00000|  0%| F|  |TAMS 0x000000008cc00000, 0x000000008cc00000| Untracked 
| 167|0x000000008cd00000, 0x000000008cd00000, 0x000000008ce00000|  0%| F|  |TAMS 0x000000008cd00000, 0x000000008cd00000| Untracked 
| 168|0x000000008ce00000, 0x000000008ce00000, 0x000000008cf00000|  0%| F|  |TAMS 0x000000008ce00000, 0x000000008ce00000| Untracked 
| 169|0x000000008cf00000, 0x000000008cf00000, 0x000000008d000000|  0%| F|  |TAMS 0x000000008cf00000, 0x000000008cf00000| Untracked 
| 170|0x000000008d000000, 0x000000008d000000, 0x000000008d100000|  0%| F|  |TAMS 0x000000008d000000, 0x000000008d000000| Untracked 
| 171|0x000000008d100000, 0x000000008d100000, 0x000000008d200000|  0%| F|  |TAMS 0x000000008d100000, 0x000000008d100000| Untracked 
| 172|0x000000008d200000, 0x000000008d200000, 0x000000008d300000|  0%| F|  |TAMS 0x000000008d200000, 0x000000008d200000| Untracked 
| 173|0x000000008d300000, 0x000000008d300000, 0x000000008d400000|  0%| F|  |TAMS 0x000000008d300000, 0x000000008d300000| Untracked 
| 174|0x000000008d400000, 0x000000008d400000, 0x000000008d500000|  0%| F|  |TAMS 0x000000008d400000, 0x000000008d400000| Untracked 
| 175|0x000000008d500000, 0x000000008d500000, 0x000000008d600000|  0%| F|  |TAMS 0x000000008d500000, 0x000000008d500000| Untracked 
| 176|0x000000008d600000, 0x000000008d600000, 0x000000008d700000|  0%| F|  |TAMS 0x000000008d600000, 0x000000008d600000| Untracked 
| 177|0x000000008d700000, 0x000000008d700000, 0x000000008d800000|  0%| F|  |TAMS 0x000000008d700000, 0x000000008d700000| Untracked 
| 178|0x000000008d800000, 0x000000008d800000, 0x000000008d900000|  0%| F|  |TAMS 0x000000008d800000, 0x000000008d800000| Untracked 
| 179|0x000000008d900000, 0x000000008d900000, 0x000000008da00000|  0%| F|  |TAMS 0x000000008d900000, 0x000000008d900000| Untracked 
| 180|0x000000008da00000, 0x000000008da00000, 0x000000008db00000|  0%| F|  |TAMS 0x000000008da00000, 0x000000008da00000| Untracked 
| 181|0x000000008db00000, 0x000000008db00000, 0x000000008dc00000|  0%| F|  |TAMS 0x000000008db00000, 0x000000008db00000| Untracked 
| 182|0x000000008dc00000, 0x000000008dc00000, 0x000000008dd00000|  0%| F|  |TAMS 0x000000008dc00000, 0x000000008dc00000| Untracked 
| 183|0x000000008dd00000, 0x000000008dd00000, 0x000000008de00000|  0%| F|  |TAMS 0x000000008dd00000, 0x000000008dd00000| Untracked 
| 184|0x000000008de00000, 0x000000008de00000, 0x000000008df00000|  0%| F|  |TAMS 0x000000008de00000, 0x000000008de00000| Untracked 
| 185|0x000000008df00000, 0x000000008df00000, 0x000000008e000000|  0%| F|  |TAMS 0x000000008df00000, 0x000000008df00000| Untracked 
| 186|0x000000008e000000, 0x000000008e000000, 0x000000008e100000|  0%| F|  |TAMS 0x000000008e000000, 0x000000008e000000| Untracked 
| 187|0x000000008e100000, 0x000000008e100000, 0x000000008e200000|  0%| F|  |TAMS 0x000000008e100000, 0x000000008e100000| Untracked 
| 188|0x000000008e200000, 0x000000008e200000, 0x000000008e300000|  0%| F|  |TAMS 0x000000008e200000, 0x000000008e200000| Untracked 
| 189|0x000000008e300000, 0x000000008e300000, 0x000000008e400000|  0%| F|  |TAMS 0x000000008e300000, 0x000000008e300000| Untracked 
| 190|0x000000008e400000, 0x000000008e400000, 0x000000008e500000|  0%| F|  |TAMS 0x000000008e400000, 0x000000008e400000| Untracked 
| 191|0x000000008e500000, 0x000000008e500000, 0x000000008e600000|  0%| F|  |TAMS 0x000000008e500000, 0x000000008e500000| Untracked 
| 192|0x000000008e600000, 0x000000008e600000, 0x000000008e700000|  0%| F|  |TAMS 0x000000008e600000, 0x000000008e600000| Untracked 
| 193|0x000000008e700000, 0x000000008e700000, 0x000000008e800000|  0%| F|  |TAMS 0x000000008e700000, 0x000000008e700000| Untracked 
| 194|0x000000008e800000, 0x000000008e800000, 0x000000008e900000|  0%| F|  |TAMS 0x000000008e800000, 0x000000008e800000| Untracked 
| 195|0x000000008e900000, 0x000000008e900000, 0x000000008ea00000|  0%| F|  |TAMS 0x000000008e900000, 0x000000008e900000| Untracked 
| 196|0x000000008ea00000, 0x000000008ea00000, 0x000000008eb00000|  0%| F|  |TAMS 0x000000008ea00000, 0x000000008ea00000| Untracked 
| 197|0x000000008eb00000, 0x000000008eb00000, 0x000000008ec00000|  0%| F|  |TAMS 0x000000008eb00000, 0x000000008eb00000| Untracked 
| 198|0x000000008ec00000, 0x000000008ec00000, 0x000000008ed00000|  0%| F|  |TAMS 0x000000008ec00000, 0x000000008ec00000| Untracked 
| 199|0x000000008ed00000, 0x000000008ed00000, 0x000000008ee00000|  0%| F|  |TAMS 0x000000008ed00000, 0x000000008ed00000| Untracked 
| 200|0x000000008ee00000, 0x000000008ee00000, 0x000000008ef00000|  0%| F|  |TAMS 0x000000008ee00000, 0x000000008ee00000| Untracked 
| 201|0x000000008ef00000, 0x000000008ef00000, 0x000000008f000000|  0%| F|  |TAMS 0x000000008ef00000, 0x000000008ef00000| Untracked 
| 202|0x000000008f000000, 0x000000008f000000, 0x000000008f100000|  0%| F|  |TAMS 0x000000008f000000, 0x000000008f000000| Untracked 
| 203|0x000000008f100000, 0x000000008f100000, 0x000000008f200000|  0%| F|  |TAMS 0x000000008f100000, 0x000000008f100000| Untracked 
| 204|0x000000008f200000, 0x000000008f200000, 0x000000008f300000|  0%| F|  |TAMS 0x000000008f200000, 0x000000008f200000| Untracked 
| 205|0x000000008f300000, 0x000000008f300000, 0x000000008f400000|  0%| F|  |TAMS 0x000000008f300000, 0x000000008f300000| Untracked 
| 206|0x000000008f400000, 0x000000008f400000, 0x000000008f500000|  0%| F|  |TAMS 0x000000008f400000, 0x000000008f400000| Untracked 
| 207|0x000000008f500000, 0x000000008f500000, 0x000000008f600000|  0%| F|  |TAMS 0x000000008f500000, 0x000000008f500000| Untracked 
| 208|0x000000008f600000, 0x000000008f600000, 0x000000008f700000|  0%| F|  |TAMS 0x000000008f600000, 0x000000008f600000| Untracked 
| 209|0x000000008f700000, 0x000000008f700000, 0x000000008f800000|  0%| F|  |TAMS 0x000000008f700000, 0x000000008f700000| Untracked 
| 210|0x000000008f800000, 0x000000008f800000, 0x000000008f900000|  0%| F|  |TAMS 0x000000008f800000, 0x000000008f800000| Untracked 
| 211|0x000000008f900000, 0x000000008f900000, 0x000000008fa00000|  0%| F|  |TAMS 0x000000008f900000, 0x000000008f900000| Untracked 
| 212|0x000000008fa00000, 0x000000008fa00000, 0x000000008fb00000|  0%| F|  |TAMS 0x000000008fa00000, 0x000000008fa00000| Untracked 
| 213|0x000000008fb00000, 0x000000008fb00000, 0x000000008fc00000|  0%| F|  |TAMS 0x000000008fb00000, 0x000000008fb00000| Untracked 
| 214|0x000000008fc00000, 0x000000008fc00000, 0x000000008fd00000|  0%| F|  |TAMS 0x000000008fc00000, 0x000000008fc00000| Untracked 
| 215|0x000000008fd00000, 0x000000008fd00000, 0x000000008fe00000|  0%| F|  |TAMS 0x000000008fd00000, 0x000000008fd00000| Untracked 
| 216|0x000000008fe00000, 0x000000008fe00000, 0x000000008ff00000|  0%| F|  |TAMS 0x000000008fe00000, 0x000000008fe00000| Untracked 
| 217|0x000000008ff00000, 0x000000008ff00000, 0x0000000090000000|  0%| F|  |TAMS 0x000000008ff00000, 0x000000008ff00000| Untracked 
| 218|0x0000000090000000, 0x0000000090000000, 0x0000000090100000|  0%| F|  |TAMS 0x0000000090000000, 0x0000000090000000| Untracked 
| 219|0x0000000090100000, 0x0000000090100000, 0x0000000090200000|  0%| F|  |TAMS 0x0000000090100000, 0x0000000090100000| Untracked 
| 220|0x0000000090200000, 0x0000000090200000, 0x0000000090300000|  0%| F|  |TAMS 0x0000000090200000, 0x0000000090200000| Untracked 
| 221|0x0000000090300000, 0x0000000090300000, 0x0000000090400000|  0%| F|  |TAMS 0x0000000090300000, 0x0000000090300000| Untracked 
| 222|0x0000000090400000, 0x0000000090400000, 0x0000000090500000|  0%| F|  |TAMS 0x0000000090400000, 0x0000000090400000| Untracked 
| 223|0x0000000090500000, 0x0000000090500000, 0x0000000090600000|  0%| F|  |TAMS 0x0000000090500000, 0x0000000090500000| Untracked 
| 224|0x0000000090600000, 0x0000000090600000, 0x0000000090700000|  0%| F|  |TAMS 0x0000000090600000, 0x0000000090600000| Untracked 
| 225|0x0000000090700000, 0x0000000090700000, 0x0000000090800000|  0%| F|  |TAMS 0x0000000090700000, 0x0000000090700000| Untracked 
| 226|0x0000000090800000, 0x0000000090800000, 0x0000000090900000|  0%| F|  |TAMS 0x0000000090800000, 0x0000000090800000| Untracked 
| 227|0x0000000090900000, 0x0000000090900000, 0x0000000090a00000|  0%| F|  |TAMS 0x0000000090900000, 0x0000000090900000| Untracked 
| 228|0x0000000090a00000, 0x0000000090a00000, 0x0000000090b00000|  0%| F|  |TAMS 0x0000000090a00000, 0x0000000090a00000| Untracked 
| 229|0x0000000090b00000, 0x0000000090b00000, 0x0000000090c00000|  0%| F|  |TAMS 0x0000000090b00000, 0x0000000090b00000| Untracked 
| 230|0x0000000090c00000, 0x0000000090c00000, 0x0000000090d00000|  0%| F|  |TAMS 0x0000000090c00000, 0x0000000090c00000| Untracked 
| 231|0x0000000090d00000, 0x0000000090d00000, 0x0000000090e00000|  0%| F|  |TAMS 0x0000000090d00000, 0x0000000090d00000| Untracked 
| 232|0x0000000090e00000, 0x0000000090e00000, 0x0000000090f00000|  0%| F|  |TAMS 0x0000000090e00000, 0x0000000090e00000| Untracked 
| 233|0x0000000090f00000, 0x0000000090f00000, 0x0000000091000000|  0%| F|  |TAMS 0x0000000090f00000, 0x0000000090f00000| Untracked 
| 234|0x0000000091000000, 0x0000000091000000, 0x0000000091100000|  0%| F|  |TAMS 0x0000000091000000, 0x0000000091000000| Untracked 
| 235|0x0000000091100000, 0x0000000091100000, 0x0000000091200000|  0%| F|  |TAMS 0x0000000091100000, 0x0000000091100000| Untracked 
| 236|0x0000000091200000, 0x0000000091200000, 0x0000000091300000|  0%| F|  |TAMS 0x0000000091200000, 0x0000000091200000| Untracked 
| 237|0x0000000091300000, 0x0000000091300000, 0x0000000091400000|  0%| F|  |TAMS 0x0000000091300000, 0x0000000091300000| Untracked 
| 238|0x0000000091400000, 0x0000000091400000, 0x0000000091500000|  0%| F|  |TAMS 0x0000000091400000, 0x0000000091400000| Untracked 
| 239|0x0000000091500000, 0x0000000091500000, 0x0000000091600000|  0%| F|  |TAMS 0x0000000091500000, 0x0000000091500000| Untracked 
| 240|0x0000000091600000, 0x0000000091600000, 0x0000000091700000|  0%| F|  |TAMS 0x0000000091600000, 0x0000000091600000| Untracked 
| 241|0x0000000091700000, 0x0000000091700000, 0x0000000091800000|  0%| F|  |TAMS 0x0000000091700000, 0x0000000091700000| Untracked 
| 242|0x0000000091800000, 0x0000000091800000, 0x0000000091900000|  0%| F|  |TAMS 0x0000000091800000, 0x0000000091800000| Untracked 
| 243|0x0000000091900000, 0x0000000091900000, 0x0000000091a00000|  0%| F|  |TAMS 0x0000000091900000, 0x0000000091900000| Untracked 
| 244|0x0000000091a00000, 0x0000000091a00000, 0x0000000091b00000|  0%| F|  |TAMS 0x0000000091a00000, 0x0000000091a00000| Untracked 
| 245|0x0000000091b00000, 0x0000000091b00000, 0x0000000091c00000|  0%| F|  |TAMS 0x0000000091b00000, 0x0000000091b00000| Untracked 
| 246|0x0000000091c00000, 0x0000000091c00000, 0x0000000091d00000|  0%| F|  |TAMS 0x0000000091c00000, 0x0000000091c00000| Untracked 
| 247|0x0000000091d00000, 0x0000000091d00000, 0x0000000091e00000|  0%| F|  |TAMS 0x0000000091d00000, 0x0000000091d00000| Untracked 
| 248|0x0000000091e00000, 0x0000000091e00000, 0x0000000091f00000|  0%| F|  |TAMS 0x0000000091e00000, 0x0000000091e00000| Untracked 
| 249|0x0000000091f00000, 0x0000000091f55078, 0x0000000092000000| 33%| S|CS|TAMS 0x0000000091f00000, 0x0000000091f00000| Complete 
| 250|0x0000000092000000, 0x0000000092100000, 0x0000000092100000|100%| S|CS|TAMS 0x0000000092000000, 0x0000000092000000| Complete 
| 251|0x0000000092100000, 0x0000000092200000, 0x0000000092200000|100%| S|CS|TAMS 0x0000000092100000, 0x0000000092100000| Complete 
| 252|0x0000000092200000, 0x0000000092300000, 0x0000000092300000|100%| S|CS|TAMS 0x0000000092200000, 0x0000000092200000| Complete 
| 253|0x0000000092300000, 0x0000000092400000, 0x0000000092400000|100%| S|CS|TAMS 0x0000000092300000, 0x0000000092300000| Complete 
| 254|0x0000000092400000, 0x0000000092500000, 0x0000000092500000|100%| S|CS|TAMS 0x0000000092400000, 0x0000000092400000| Complete 
| 255|0x0000000092500000, 0x0000000092600000, 0x0000000092600000|100%| S|CS|TAMS 0x0000000092500000, 0x0000000092500000| Complete 
| 256|0x0000000092600000, 0x0000000092700000, 0x0000000092700000|100%| S|CS|TAMS 0x0000000092600000, 0x0000000092600000| Complete 
| 257|0x0000000092700000, 0x0000000092800000, 0x0000000092800000|100%| S|CS|TAMS 0x0000000092700000, 0x0000000092700000| Complete 
| 258|0x0000000092800000, 0x0000000092900000, 0x0000000092900000|100%| S|CS|TAMS 0x0000000092800000, 0x0000000092800000| Complete 
| 259|0x0000000092900000, 0x0000000092900000, 0x0000000092a00000|  0%| F|  |TAMS 0x0000000092900000, 0x0000000092900000| Untracked 
| 260|0x0000000092a00000, 0x0000000092a00000, 0x0000000092b00000|  0%| F|  |TAMS 0x0000000092a00000, 0x0000000092a00000| Untracked 
| 261|0x0000000092b00000, 0x0000000092b00000, 0x0000000092c00000|  0%| F|  |TAMS 0x0000000092b00000, 0x0000000092b00000| Untracked 
| 262|0x0000000092c00000, 0x0000000092c00000, 0x0000000092d00000|  0%| F|  |TAMS 0x0000000092c00000, 0x0000000092c00000| Untracked 
| 263|0x0000000092d00000, 0x0000000092d00000, 0x0000000092e00000|  0%| F|  |TAMS 0x0000000092d00000, 0x0000000092d00000| Untracked 
| 264|0x0000000092e00000, 0x0000000092e00000, 0x0000000092f00000|  0%| F|  |TAMS 0x0000000092e00000, 0x0000000092e00000| Untracked 
| 265|0x0000000092f00000, 0x0000000092f00000, 0x0000000093000000|  0%| F|  |TAMS 0x0000000092f00000, 0x0000000092f00000| Untracked 
| 266|0x0000000093000000, 0x0000000093000000, 0x0000000093100000|  0%| F|  |TAMS 0x0000000093000000, 0x0000000093000000| Untracked 
| 267|0x0000000093100000, 0x0000000093100000, 0x0000000093200000|  0%| F|  |TAMS 0x0000000093100000, 0x0000000093100000| Untracked 
| 268|0x0000000093200000, 0x0000000093200000, 0x0000000093300000|  0%| F|  |TAMS 0x0000000093200000, 0x0000000093200000| Untracked 
| 269|0x0000000093300000, 0x0000000093300000, 0x0000000093400000|  0%| F|  |TAMS 0x0000000093300000, 0x0000000093300000| Untracked 
| 270|0x0000000093400000, 0x0000000093400000, 0x0000000093500000|  0%| F|  |TAMS 0x0000000093400000, 0x0000000093400000| Untracked 
| 271|0x0000000093500000, 0x0000000093500000, 0x0000000093600000|  0%| F|  |TAMS 0x0000000093500000, 0x0000000093500000| Untracked 
| 272|0x0000000093600000, 0x0000000093600000, 0x0000000093700000|  0%| F|  |TAMS 0x0000000093600000, 0x0000000093600000| Untracked 
| 273|0x0000000093700000, 0x0000000093700000, 0x0000000093800000|  0%| F|  |TAMS 0x0000000093700000, 0x0000000093700000| Untracked 
| 274|0x0000000093800000, 0x0000000093800000, 0x0000000093900000|  0%| F|  |TAMS 0x0000000093800000, 0x0000000093800000| Untracked 
| 275|0x0000000093900000, 0x0000000093900000, 0x0000000093a00000|  0%| F|  |TAMS 0x0000000093900000, 0x0000000093900000| Untracked 
| 276|0x0000000093a00000, 0x0000000093a00000, 0x0000000093b00000|  0%| F|  |TAMS 0x0000000093a00000, 0x0000000093a00000| Untracked 
| 277|0x0000000093b00000, 0x0000000093b00000, 0x0000000093c00000|  0%| F|  |TAMS 0x0000000093b00000, 0x0000000093b00000| Untracked 
| 278|0x0000000093c00000, 0x0000000093c00000, 0x0000000093d00000|  0%| F|  |TAMS 0x0000000093c00000, 0x0000000093c00000| Untracked 
| 279|0x0000000093d00000, 0x0000000093d00000, 0x0000000093e00000|  0%| F|  |TAMS 0x0000000093d00000, 0x0000000093d00000| Untracked 
| 280|0x0000000093e00000, 0x0000000093e00000, 0x0000000093f00000|  0%| F|  |TAMS 0x0000000093e00000, 0x0000000093e00000| Untracked 
| 281|0x0000000093f00000, 0x0000000093f00000, 0x0000000094000000|  0%| F|  |TAMS 0x0000000093f00000, 0x0000000093f00000| Untracked 
| 282|0x0000000094000000, 0x0000000094000000, 0x0000000094100000|  0%| F|  |TAMS 0x0000000094000000, 0x0000000094000000| Untracked 
| 283|0x0000000094100000, 0x0000000094100000, 0x0000000094200000|  0%| F|  |TAMS 0x0000000094100000, 0x0000000094100000| Untracked 
| 284|0x0000000094200000, 0x0000000094200000, 0x0000000094300000|  0%| F|  |TAMS 0x0000000094200000, 0x0000000094200000| Untracked 
| 285|0x0000000094300000, 0x0000000094300000, 0x0000000094400000|  0%| F|  |TAMS 0x0000000094300000, 0x0000000094300000| Untracked 
| 286|0x0000000094400000, 0x0000000094400000, 0x0000000094500000|  0%| F|  |TAMS 0x0000000094400000, 0x0000000094400000| Untracked 
| 287|0x0000000094500000, 0x0000000094500000, 0x0000000094600000|  0%| F|  |TAMS 0x0000000094500000, 0x0000000094500000| Untracked 
| 288|0x0000000094600000, 0x0000000094600000, 0x0000000094700000|  0%| F|  |TAMS 0x0000000094600000, 0x0000000094600000| Untracked 
| 289|0x0000000094700000, 0x0000000094700000, 0x0000000094800000|  0%| F|  |TAMS 0x0000000094700000, 0x0000000094700000| Untracked 
| 290|0x0000000094800000, 0x0000000094800000, 0x0000000094900000|  0%| F|  |TAMS 0x0000000094800000, 0x0000000094800000| Untracked 
| 291|0x0000000094900000, 0x0000000094900000, 0x0000000094a00000|  0%| F|  |TAMS 0x0000000094900000, 0x0000000094900000| Untracked 
| 292|0x0000000094a00000, 0x0000000094a00000, 0x0000000094b00000|  0%| F|  |TAMS 0x0000000094a00000, 0x0000000094a00000| Untracked 
| 293|0x0000000094b00000, 0x0000000094b00000, 0x0000000094c00000|  0%| F|  |TAMS 0x0000000094b00000, 0x0000000094b00000| Untracked 
| 294|0x0000000094c00000, 0x0000000094c00000, 0x0000000094d00000|  0%| F|  |TAMS 0x0000000094c00000, 0x0000000094c00000| Untracked 
| 295|0x0000000094d00000, 0x0000000094d00000, 0x0000000094e00000|  0%| F|  |TAMS 0x0000000094d00000, 0x0000000094d00000| Untracked 
| 296|0x0000000094e00000, 0x0000000094e00000, 0x0000000094f00000|  0%| F|  |TAMS 0x0000000094e00000, 0x0000000094e00000| Untracked 
| 297|0x0000000094f00000, 0x0000000094f00000, 0x0000000095000000|  0%| F|  |TAMS 0x0000000094f00000, 0x0000000094f00000| Untracked 
| 298|0x0000000095000000, 0x0000000095000000, 0x0000000095100000|  0%| F|  |TAMS 0x0000000095000000, 0x0000000095000000| Untracked 
| 299|0x0000000095100000, 0x0000000095100000, 0x0000000095200000|  0%| F|  |TAMS 0x0000000095100000, 0x0000000095100000| Untracked 
| 300|0x0000000095200000, 0x0000000095200000, 0x0000000095300000|  0%| F|  |TAMS 0x0000000095200000, 0x0000000095200000| Untracked 

Card table byte_map: [0x000001e1da120000,0x000001e1da510000] _byte_map_base: 0x000001e1d9d0d000

Marking Bits (Prev, Next): (CMBitMap*) 0x000001e1ced13a20, (CMBitMap*) 0x000001e1ced139e0
 Prev Bits: [0x000001e1dc870000, 0x000001e1de7d8000)
 Next Bits: [0x000001e1da900000, 0x000001e1dc868000)

Polling page: 0x000001e1ccbf0000

Metaspace:

Usage:
  Non-class:     51.91 MB used.
      Class:      7.76 MB used.
       Both:     59.66 MB used.

Virtual space:
  Non-class space:       64.00 MB reserved,      52.44 MB ( 82%) committed,  1 nodes.
      Class space:        1.00 GB reserved,       8.50 MB ( <1%) committed,  1 nodes.
             Both:        1.06 GB reserved,      60.94 MB (  6%) committed. 

Chunk freelists:
   Non-Class:  3.62 MB
       Class:  3.75 MB
        Both:  7.37 MB

MaxMetaspaceSize: unlimited
CompressedClassSpaceSize: 1.00 GB
Initial GC threshold: 21.00 MB
Current GC threshold: 100.94 MB
CDS: on
MetaspaceReclaimPolicy: balanced
 - commit_granule_bytes: 65536.
 - commit_granule_words: 8192.
 - virtual_space_node_default_size: 8388608.
 - enlarge_chunks_in_place: 1.
 - new_chunks_are_fully_committed: 0.
 - uncommit_free_chunks: 1.
 - use_allocation_guard: 0.


Internal statistics:

num_allocs_failed_limit: 12.
num_arena_births: 2974.
num_arena_deaths: 1756.
num_vsnodes_births: 2.
num_vsnodes_deaths: 0.
num_space_committed: 978.
num_space_uncommitted: 3.
num_chunks_returned_to_freelist: 2270.
num_chunks_taken_from_freelist: 6672.
num_chunk_merges: 692.
num_chunk_splits: 3704.
num_chunks_enlarged: 2278.
num_inconsistent_stats: 0.

CodeCache: size=49152Kb used=22998Kb max_used=22998Kb free=26153Kb
 bounds [0x000001e1d6c20000, 0x000001e1d82c0000, 0x000001e1d9c20000]
 total_blobs=12231 nmethods=11517 adapters=638
 compilation: enabled
              stopped_count=0, restarted_count=0
 full_count=0

Compilation events (20 events):
Event: 1340.017 Thread 0x000001e1e120cc70 11686       1       java.lang.StackFrameInfo::getClassName (8 bytes)
Event: 1340.018 Thread 0x000001e1e120cc70 nmethod 11686 0x000001e1d809cb90 code [0x000001e1d809cd40, 0x000001e1d809ce88]
Event: 1340.020 Thread 0x000001e1e120cc70 11687   !   1       io.vertx.core.http.impl.Http1xServerRequest::onData (92 bytes)
Event: 1340.020 Thread 0x000001e1ebadd440 11688       1       io.vertx.core.buffer.impl.BufferImpl::length (8 bytes)
Event: 1340.020 Thread 0x000001e1ebadd440 nmethod 11688 0x000001e1d809c890 code [0x000001e1d809ca40, 0x000001e1d809cb28]
Event: 1340.020 Thread 0x000001e1ebadd440 11689       1       io.vertx.core.http.impl.HttpEventHandler::handleChunk (39 bytes)
Event: 1340.021 Thread 0x000001e1ebadd440 nmethod 11689 0x000001e1d809c290 code [0x000001e1d809c460, 0x000001e1d809c6b8]
Event: 1340.021 Thread 0x000001e1ebadd440 11690       1       org.jboss.resteasy.reactive.server.vertx.VertxInputStream$VertxBlockingInput::handle (9 bytes)
Event: 1340.021 Thread 0x000001e1e120cc70 nmethod 11687 0x000001e1d809b590 code [0x000001e1d809b7a0, 0x000001e1d809bdb8]
Event: 1340.021 Thread 0x000001e1e120cc70 11691   !   1       org.jboss.resteasy.reactive.server.vertx.VertxInputStream$VertxBlockingInput::handle (86 bytes)
Event: 1340.021 Thread 0x000001e1ebadd440 nmethod 11690 0x000001e1d809b190 code [0x000001e1d809b340, 0x000001e1d809b488]
Event: 1340.022 Thread 0x000001e1e120cc70 nmethod 11691 0x000001e1d809a810 code [0x000001e1d809aa00, 0x000001e1d809af18]
Event: 1340.022 Thread 0x000001e1e120cc70 11692       1       io.netty.buffer.PoolChunkList::allocate (86 bytes)
Event: 1340.022 Thread 0x000001e1ebadd440 11693       1       io.netty.channel.DefaultChannelConfig::getAllocator (5 bytes)
Event: 1340.022 Thread 0x000001e1ebadd440 nmethod 11693 0x000001e1d809a510 code [0x000001e1d809a6a0, 0x000001e1d809a758]
Event: 1340.022 Thread 0x000001e1ebadd440 11694       1       io.netty.buffer.LongLongHashMap::index (41 bytes)
Event: 1340.022 Thread 0x000001e1ebadd440 nmethod 11694 0x000001e1d809a210 code [0x000001e1d809a3a0, 0x000001e1d809a4b8]
Event: 1340.022 Thread 0x000001e1e120cc70 nmethod 11692 0x000001e1d8099a10 code [0x000001e1d8099c00, 0x000001e1d8099f28]
Event: 1340.026 Thread 0x000001e1e120cc70 11695       1       sun.security.provider.SHA2::implReset (20 bytes)
Event: 1340.026 Thread 0x000001e1e120cc70 nmethod 11695 0x000001e1d8099590 code [0x000001e1d8099740, 0x000001e1d80998c8]

GC Heap History (20 events):
Event: 968.763 GC heap after
{Heap after GC invocations=30 (full 0):
 garbage-first heap   total 308224K, used 114515K [0x0000000082600000, 0x0000000100000000)
  region size 1024K, 2 young (2048K), 2 survivors (2048K)
 Metaspace       used 58855K, committed 61440K, reserved 1114112K
  class space    used 7615K, committed 8704K, reserved 1048576K
}
Event: 968.934 GC heap before
{Heap before GC invocations=30 (full 0):
 garbage-first heap   total 308224K, used 139091K [0x0000000082600000, 0x0000000100000000)
  region size 1024K, 27 young (27648K), 2 survivors (2048K)
 Metaspace       used 59392K, committed 61440K, reserved 1114112K
  class space    used 7686K, committed 8704K, reserved 1048576K
}
Event: 968.939 GC heap after
{Heap after GC invocations=31 (full 0):
 garbage-first heap   total 308224K, used 119319K [0x0000000082600000, 0x0000000100000000)
  region size 1024K, 7 young (7168K), 7 survivors (7168K)
 Metaspace       used 59392K, committed 61440K, reserved 1114112K
  class space    used 7686K, committed 8704K, reserved 1048576K
}
Event: 1106.449 GC heap before
{Heap before GC invocations=32 (full 0):
 garbage-first heap   total 308224K, used 231959K [0x0000000082600000, 0x0000000100000000)
  region size 1024K, 99 young (101376K), 7 survivors (7168K)
 Metaspace       used 59388K, committed 61440K, reserved 1114112K
  class space    used 7686K, committed 8704K, reserved 1048576K
}
Event: 1106.459 GC heap after
{Heap after GC invocations=33 (full 0):
 garbage-first heap   total 308224K, used 122226K [0x0000000082600000, 0x0000000100000000)
  region size 1024K, 13 young (13312K), 13 survivors (13312K)
 Metaspace       used 59388K, committed 61440K, reserved 1114112K
  class space    used 7686K, committed 8704K, reserved 1048576K
}
Event: 1106.469 GC heap before
{Heap before GC invocations=33 (full 0):
 garbage-first heap   total 308224K, used 124274K [0x0000000082600000, 0x0000000100000000)
  region size 1024K, 15 young (15360K), 13 survivors (13312K)
 Metaspace       used 59388K, committed 61440K, reserved 1114112K
  class space    used 7686K, committed 8704K, reserved 1048576K
}
Event: 1106.494 GC heap after
{Heap after GC invocations=34 (full 0):
 garbage-first heap   total 308224K, used 115193K [0x0000000082600000, 0x0000000100000000)
  region size 1024K, 2 young (2048K), 2 survivors (2048K)
 Metaspace       used 59388K, committed 61440K, reserved 1114112K
  class space    used 7686K, committed 8704K, reserved 1048576K
}
Event: 1107.052 GC heap before
{Heap before GC invocations=34 (full 0):
 garbage-first heap   total 308224K, used 147961K [0x0000000082600000, 0x0000000100000000)
  region size 1024K, 36 young (36864K), 2 survivors (2048K)
 Metaspace       used 59971K, committed 61696K, reserved 1114112K
  class space    used 7770K, committed 8704K, reserved 1048576K
}
Event: 1107.058 GC heap after
{Heap after GC invocations=35 (full 0):
 garbage-first heap   total 308224K, used 122163K [0x0000000082600000, 0x0000000100000000)
  region size 1024K, 9 young (9216K), 9 survivors (9216K)
 Metaspace       used 59971K, committed 61696K, reserved 1114112K
  class space    used 7770K, committed 8704K, reserved 1048576K
}
Event: 1142.311 GC heap before
{Heap before GC invocations=36 (full 0):
 garbage-first heap   total 308224K, used 239930K [0x0000000082600000, 0x0000000100000000)
  region size 1024K, 106 young (108544K), 9 survivors (9216K)
 Metaspace       used 59998K, committed 61696K, reserved 1114112K
  class space    used 7777K, committed 8704K, reserved 1048576K
}
Event: 1142.324 GC heap after
{Heap after GC invocations=37 (full 0):
 garbage-first heap   total 308224K, used 126244K [0x0000000082600000, 0x0000000100000000)
  region size 1024K, 9 young (9216K), 9 survivors (9216K)
 Metaspace       used 59998K, committed 61696K, reserved 1114112K
  class space    used 7777K, committed 8704K, reserved 1048576K
}
Event: 1142.354 GC heap before
{Heap before GC invocations=37 (full 0):
 garbage-first heap   total 308224K, used 132388K [0x0000000082600000, 0x0000000100000000)
  region size 1024K, 15 young (15360K), 9 survivors (9216K)
 Metaspace       used 59999K, committed 61696K, reserved 1114112K
  class space    used 7777K, committed 8704K, reserved 1048576K
}
Event: 1142.363 GC heap after
{Heap after GC invocations=38 (full 0):
 garbage-first heap   total 308224K, used 117219K [0x0000000082600000, 0x0000000100000000)
  region size 1024K, 2 young (2048K), 2 survivors (2048K)
 Metaspace       used 59999K, committed 61696K, reserved 1114112K
  class space    used 7777K, committed 8704K, reserved 1048576K
}
Event: 1142.544 GC heap before
{Heap before GC invocations=38 (full 0):
 garbage-first heap   total 308224K, used 141795K [0x0000000082600000, 0x0000000100000000)
  region size 1024K, 28 young (28672K), 2 survivors (2048K)
 Metaspace       used 60546K, committed 62016K, reserved 1114112K
  class space    used 7858K, committed 8704K, reserved 1048576K
}
Event: 1142.549 GC heap after
{Heap after GC invocations=39 (full 0):
 garbage-first heap   total 308224K, used 122252K [0x0000000082600000, 0x0000000100000000)
  region size 1024K, 7 young (7168K), 7 survivors (7168K)
 Metaspace       used 60546K, committed 62016K, reserved 1114112K
  class space    used 7858K, committed 8704K, reserved 1048576K
}
Event: 1339.688 GC heap before
{Heap before GC invocations=40 (full 0):
 garbage-first heap   total 308224K, used 252300K [0x0000000082600000, 0x0000000100000000)
  region size 1024K, 98 young (100352K), 7 survivors (7168K)
 Metaspace       used 60535K, committed 62016K, reserved 1114112K
  class space    used 7859K, committed 8704K, reserved 1048576K
}
Event: 1339.697 GC heap after
{Heap after GC invocations=41 (full 0):
 garbage-first heap   total 308224K, used 124187K [0x0000000082600000, 0x0000000100000000)
  region size 1024K, 12 young (12288K), 12 survivors (12288K)
 Metaspace       used 60535K, committed 62016K, reserved 1114112K
  class space    used 7859K, committed 8704K, reserved 1048576K
}
Event: 1339.725 GC heap before
{Heap before GC invocations=41 (full 0):
 garbage-first heap   total 308224K, used 127259K [0x0000000082600000, 0x0000000100000000)
  region size 1024K, 15 young (15360K), 12 survivors (12288K)
 Metaspace       used 60535K, committed 62016K, reserved 1114112K
  class space    used 7859K, committed 8704K, reserved 1048576K
}
Event: 1339.733 GC heap after
{Heap after GC invocations=42 (full 0):
 garbage-first heap   total 308224K, used 115298K [0x0000000082600000, 0x0000000100000000)
  region size 1024K, 2 young (2048K), 2 survivors (2048K)
 Metaspace       used 60535K, committed 62016K, reserved 1114112K
  class space    used 7859K, committed 8704K, reserved 1048576K
}
Event: 1340.028 GC heap before
{Heap before GC invocations=42 (full 0):
 garbage-first heap   total 308224K, used 154210K [0x0000000082600000, 0x0000000100000000)
  region size 1024K, 42 young (43008K), 2 survivors (2048K)
 Metaspace       used 61096K, committed 62400K, reserved 1114112K
  class space    used 7943K, committed 8704K, reserved 1048576K
}

Dll operation events (16 events):
Event: 0.013 Loaded shared library C:\Program Files\Java\jdk-19\bin\java.dll
Event: 0.029 Loaded shared library C:\Program Files\Java\jdk-19\bin\jsvml.dll
Event: 0.107 Loaded shared library C:\Program Files\Java\jdk-19\bin\zip.dll
Event: 0.111 Loaded shared library C:\Program Files\Java\jdk-19\bin\instrument.dll
Event: 0.120 Loaded shared library C:\Program Files\Java\jdk-19\bin\net.dll
Event: 0.123 Loaded shared library C:\Program Files\Java\jdk-19\bin\nio.dll
Event: 0.127 Loaded shared library C:\Program Files\Java\jdk-19\bin\zip.dll
Event: 0.268 Loaded shared library C:\Program Files\Java\jdk-19\bin\jimage.dll
Event: 1.620 Loaded shared library C:\Program Files\Java\jdk-19\bin\management.dll
Event: 1.624 Loaded shared library C:\Program Files\Java\jdk-19\bin\management_ext.dll
Event: 1.667 Loaded shared library C:\Program Files\Java\jdk-19\bin\verify.dll
Event: 2.819 Loaded shared library C:\Users\33660\AppData\Local\Temp\jansi-2.4.0-4d80f177df62cd0f-jansi.dll
Event: 4.457 Loaded shared library C:\Program Files\Java\jdk-19\bin\sunmscapi.dll
Event: 4.488 Loaded shared library C:\Program Files\Java\jdk-19\bin\extnet.dll
Event: 8.929 Loaded shared library C:\Program Files\Java\jdk-19\bin\awt.dll
Event: 9.054 Loaded shared library C:\Users\33660\AppData\Local\Temp\jna-48672528\jna10948510584905845707.dll

Deoptimization events (20 events):
Event: 1339.998 Thread 0x000001e1ec5e05d0 DEOPT PACKING pc=0x000001e1d78dd1b4 sp=0x0000003b1d4fe720
Event: 1339.998 Thread 0x000001e1ec5e05d0 DEOPT UNPACKING pc=0x000001e1d6c87543 sp=0x0000003b1d4fdc98 mode 1
Event: 1339.998 Thread 0x000001e1ec5e05d0 DEOPT PACKING pc=0x000001e1d78d46d4 sp=0x0000003b1d4fe860
Event: 1339.998 Thread 0x000001e1ec5e05d0 DEOPT UNPACKING pc=0x000001e1d6c87543 sp=0x0000003b1d4fddf0 mode 1
Event: 1339.998 Thread 0x000001e1ec5e05d0 DEOPT PACKING pc=0x000001e1d78dd1b4 sp=0x0000003b1d4fe720
Event: 1339.998 Thread 0x000001e1ec5e05d0 DEOPT UNPACKING pc=0x000001e1d6c87543 sp=0x0000003b1d4fdc98 mode 1
Event: 1339.998 Thread 0x000001e1ec5e05d0 DEOPT PACKING pc=0x000001e1d78d46d4 sp=0x0000003b1d4fe860
Event: 1339.998 Thread 0x000001e1ec5e05d0 DEOPT UNPACKING pc=0x000001e1d6c87543 sp=0x0000003b1d4fddf0 mode 1
Event: 1339.998 Thread 0x000001e1ec5e05d0 DEOPT PACKING pc=0x000001e1d78dd1b4 sp=0x0000003b1d4fe720
Event: 1339.998 Thread 0x000001e1ec5e05d0 DEOPT UNPACKING pc=0x000001e1d6c87543 sp=0x0000003b1d4fdc98 mode 1
Event: 1339.998 Thread 0x000001e1ec5e05d0 DEOPT PACKING pc=0x000001e1d78d46d4 sp=0x0000003b1d4fe860
Event: 1339.998 Thread 0x000001e1ec5e05d0 DEOPT UNPACKING pc=0x000001e1d6c87543 sp=0x0000003b1d4fddf0 mode 1
Event: 1339.998 Thread 0x000001e1ec5e05d0 DEOPT PACKING pc=0x000001e1d78dd1b4 sp=0x0000003b1d4fe720
Event: 1339.998 Thread 0x000001e1ec5e05d0 DEOPT UNPACKING pc=0x000001e1d6c87543 sp=0x0000003b1d4fdc98 mode 1
Event: 1339.998 Thread 0x000001e1ec5e05d0 DEOPT PACKING pc=0x000001e1d78d46d4 sp=0x0000003b1d4fe860
Event: 1339.998 Thread 0x000001e1ec5e05d0 DEOPT UNPACKING pc=0x000001e1d6c87543 sp=0x0000003b1d4fddf0 mode 1
Event: 1339.998 Thread 0x000001e1ec5e05d0 DEOPT PACKING pc=0x000001e1d78dd1b4 sp=0x0000003b1d4fe720
Event: 1339.998 Thread 0x000001e1ec5e05d0 DEOPT UNPACKING pc=0x000001e1d6c87543 sp=0x0000003b1d4fdc98 mode 1
Event: 1339.998 Thread 0x000001e1ec5e05d0 DEOPT PACKING pc=0x000001e1d78d46d4 sp=0x0000003b1d4fe860
Event: 1339.998 Thread 0x000001e1ec5e05d0 DEOPT UNPACKING pc=0x000001e1d6c87543 sp=0x0000003b1d4fddf0 mode 1

Classes loaded (20 events):
Event: 113.114 Loading class java/lang/invoke/MethodHandleImpl$Makers
Event: 113.114 Loading class java/lang/invoke/MethodHandleImpl$Makers done
Event: 113.114 Loading class java/lang/invoke/MethodHandleImpl$Makers$1
Event: 113.115 Loading class java/lang/invoke/MethodHandleImpl$Makers$1 done
Event: 113.115 Loading class java/lang/invoke/MethodHandleImpl$Makers$2
Event: 113.115 Loading class java/lang/invoke/MethodHandleImpl$Makers$2 done
Event: 113.115 Loading class java/lang/invoke/MethodHandleImpl$Makers$3
Event: 113.115 Loading class java/lang/invoke/MethodHandleImpl$Makers$3 done
Event: 113.117 Loading class java/lang/runtime/ObjectMethods$1
Event: 113.117 Loading class java/lang/runtime/ObjectMethods$1 done
Event: 113.120 Loading class java/lang/invoke/DirectMethodHandle$1
Event: 113.120 Loading class java/lang/invoke/DirectMethodHandle$1 done
Event: 113.144 Loading class java/util/EnumMap$Values
Event: 113.144 Loading class java/util/EnumMap$Values done
Event: 113.144 Loading class java/util/EnumMap$ValueIterator
Event: 113.144 Loading class java/util/EnumMap$ValueIterator done
Event: 113.149 Loading class java/util/WeakHashMap$KeyIterator
Event: 113.149 Loading class java/util/WeakHashMap$KeyIterator done
Event: 329.215 Loading class java/util/concurrent/atomic/Striped64$Cell
Event: 329.216 Loading class java/util/concurrent/atomic/Striped64$Cell done

Classes unloaded (20 events):
Event: 1142.642 Thread 0x000001e1e11e56c0 Unloading class 0x000000080184efc8 'io/quarkus/deployment/recording/BytecodeRecorderImpl$$ReturnValueProxy1285'
Event: 1142.642 Thread 0x000001e1e11e56c0 Unloading class 0x000000080184ecf0 'io/quarkus/deployment/recording/BytecodeRecorderImpl$$ReturnValueProxy1283'
Event: 1142.642 Thread 0x000001e1e11e56c0 Unloading class 0x000000080184eac0 'io/quarkus/deployment/recording/BytecodeRecorderImpl$$ReturnValueProxy1280'
Event: 1142.642 Thread 0x000001e1e11e56c0 Unloading class 0x000000080184e890 'io/quarkus/deployment/recording/BytecodeRecorderImpl$$ReturnValueProxy1276'
Event: 1142.642 Thread 0x000001e1e11e56c0 Unloading class 0x000000080184e648 'io/quarkus/deployment/recording/BytecodeRecorderImpl$$ReturnValueProxy1272'
Event: 1142.642 Thread 0x000001e1e11e56c0 Unloading class 0x000000080184e400 'io/quarkus/deployment/recording/BytecodeRecorderImpl$$ReturnValueProxy1274'
Event: 1142.642 Thread 0x000001e1e11e56c0 Unloading class 0x000000080184e000 'io/quarkus/deployment/recording/BytecodeRecorderImpl$$ReturnValueProxy1268'
Event: 1142.642 Thread 0x000001e1e11e56c0 Unloading class 0x000000080184dd98 'io/quarkus/deployment/recording/BytecodeRecorderImpl$$ReturnValueProxy1270'
Event: 1142.642 Thread 0x000001e1e11e56c0 Unloading class 0x000000080184db50 'io/quarkus/deployment/recording/BytecodeRecorderImpl$$ReturnValueProxy1264'
Event: 1142.642 Thread 0x000001e1e11e56c0 Unloading class 0x000000080184d920 'io/quarkus/deployment/recording/BytecodeRecorderImpl$$ReturnValueProxy1265'
Event: 1142.642 Thread 0x000001e1e11e56c0 Unloading class 0x000000080184d6d8 'io/quarkus/deployment/recording/BytecodeRecorderImpl$$ReturnValueProxy1260'
Event: 1142.642 Thread 0x000001e1e11e56c0 Unloading class 0x000000080184d490 'io/quarkus/deployment/recording/BytecodeRecorderImpl$$ReturnValueProxy1261'
Event: 1142.642 Thread 0x000001e1e11e56c0 Unloading class 0x000000080184d248 'io/quarkus/deployment/recording/BytecodeRecorderImpl$$ReturnValueProxy1258'
Event: 1142.642 Thread 0x000001e1e11e56c0 Unloading class 0x000000080184d000 'io/quarkus/deployment/recording/BytecodeRecorderImpl$$ReturnValueProxy1256'
Event: 1142.642 Thread 0x000001e1e11e56c0 Unloading class 0x0000000801809c90 'io/quarkus/deployment/recording/BytecodeRecorderImpl$$ReturnValueProxy1254'
Event: 1142.642 Thread 0x000001e1e11e56c0 Unloading class 0x0000000801809a48 'io/quarkus/deployment/recording/BytecodeRecorderImpl$$ReturnValueProxy1252'
Event: 1142.642 Thread 0x000001e1e11e56c0 Unloading class 0x0000000801809800 'io/quarkus/deployment/recording/BytecodeRecorderImpl$$ReturnValueProxy1250'
Event: 1142.642 Thread 0x000001e1e11e56c0 Unloading class 0x0000000801813c78 'io/quarkus/deployment/recording/BytecodeRecorderImpl$$ReturnValueProxy1246'
Event: 1142.642 Thread 0x000001e1e11e56c0 Unloading class 0x0000000801813a48 'io/quarkus/deployment/recording/BytecodeRecorderImpl$$ReturnValueProxy1248'
Event: 1142.642 Thread 0x000001e1e11e56c0 Unloading class 0x0000000801813800 'io/quarkus/deployment/recording/BytecodeRecorderImpl$$ReturnValueProxy1244'

Classes redefined (0 events):
No events

Internal exceptions (20 events):
Event: 1339.927 Thread 0x000001e1ec5e05d0 Exception <a 'sun/nio/fs/WindowsException'{0x0000000093095380}> (0x0000000093095380) 
thrown [s\open\src\hotspot\share\prims\jni.cpp, line 517]
Event: 1339.928 Thread 0x000001e1ec5e05d0 Exception <a 'sun/nio/fs/WindowsException'{0x0000000093095a40}> (0x0000000093095a40) 
thrown [s\open\src\hotspot\share\prims\jni.cpp, line 517]
Event: 1339.928 Thread 0x000001e1ec5e05d0 Exception <a 'sun/nio/fs/WindowsException'{0x0000000093096040}> (0x0000000093096040) 
thrown [s\open\src\hotspot\share\prims\jni.cpp, line 517]
Event: 1339.928 Thread 0x000001e1ec5e05d0 Exception <a 'sun/nio/fs/WindowsException'{0x00000000930963a0}> (0x00000000930963a0) 
thrown [s\open\src\hotspot\share\prims\jni.cpp, line 517]
Event: 1339.930 Thread 0x000001e1ec5e05d0 Exception <a 'sun/nio/fs/WindowsException'{0x00000000930a5df8}> (0x00000000930a5df8) 
thrown [s\open\src\hotspot\share\prims\jni.cpp, line 517]
Event: 1339.930 Thread 0x000001e1ec5e05d0 Exception <a 'sun/nio/fs/WindowsException'{0x00000000930a6488}> (0x00000000930a6488) 
thrown [s\open\src\hotspot\share\prims\jni.cpp, line 517]
Event: 1339.930 Thread 0x000001e1ec5e05d0 Exception <a 'sun/nio/fs/WindowsException'{0x00000000930a6a88}> (0x00000000930a6a88) 
thrown [s\open\src\hotspot\share\prims\jni.cpp, line 517]
Event: 1339.930 Thread 0x000001e1ec5e05d0 Exception <a 'sun/nio/fs/WindowsException'{0x00000000930a6d50}> (0x00000000930a6d50) 
thrown [s\open\src\hotspot\share\prims\jni.cpp, line 517]
Event: 1339.931 Thread 0x000001e1ec5e05d0 Exception <a 'sun/nio/fs/WindowsException'{0x00000000930ca470}> (0x00000000930ca470) 
thrown [s\open\src\hotspot\share\prims\jni.cpp, line 517]
Event: 1339.970 Thread 0x000001e1ec5e05d0 Exception <a 'sun/nio/fs/WindowsException'{0x0000000092e98c58}> (0x0000000092e98c58) 
thrown [s\open\src\hotspot\share\prims\jni.cpp, line 517]
Event: 1339.971 Thread 0x000001e1ec5e05d0 Exception <a 'sun/nio/fs/WindowsException'{0x0000000092e9ee10}> (0x0000000092e9ee10) 
thrown [s\open\src\hotspot\share\prims\jni.cpp, line 517]
Event: 1339.971 Thread 0x000001e1ec5e05d0 Exception <a 'sun/nio/fs/WindowsException'{0x0000000092e9f740}> (0x0000000092e9f740) 
thrown [s\open\src\hotspot\share\prims\jni.cpp, line 517]
Event: 1339.971 Thread 0x000001e1ec5e05d0 Exception <a 'sun/nio/fs/WindowsException'{0x0000000092e9fb50}> (0x0000000092e9fb50) 
thrown [s\open\src\hotspot\share\prims\jni.cpp, line 517]
Event: 1339.971 Thread 0x000001e1ec5e05d0 Exception <a 'sun/nio/fs/WindowsException'{0x0000000092e9fea0}> (0x0000000092e9fea0) 
thrown [s\open\src\hotspot\share\prims\jni.cpp, line 517]
Event: 1339.971 Thread 0x000001e1ec5e05d0 Exception <a 'sun/nio/fs/WindowsException'{0x0000000092ea0200}> (0x0000000092ea0200) 
thrown [s\open\src\hotspot\share\prims\jni.cpp, line 517]
Event: 1339.973 Thread 0x000001e1ec5e05d0 Exception <a 'sun/nio/fs/WindowsException'{0x0000000092ea75a8}> (0x0000000092ea75a8) 
thrown [s\open\src\hotspot\share\prims\jni.cpp, line 517]
Event: 1339.973 Thread 0x000001e1ec5e05d0 Exception <a 'sun/nio/fs/WindowsException'{0x0000000092ea7988}> (0x0000000092ea7988) 
thrown [s\open\src\hotspot\share\prims\jni.cpp, line 517]
Event: 1339.974 Thread 0x000001e1ec5e05d0 Exception <a 'sun/nio/fs/WindowsException'{0x0000000092ea7cd8}> (0x0000000092ea7cd8) 
thrown [s\open\src\hotspot\share\prims\jni.cpp, line 517]
Event: 1339.974 Thread 0x000001e1ec5e05d0 Exception <a 'sun/nio/fs/WindowsException'{0x0000000092ea7fa0}> (0x0000000092ea7fa0) 
thrown [s\open\src\hotspot\share\prims\jni.cpp, line 517]
Event: 1339.975 Thread 0x000001e1ec5e05d0 Exception <a 'sun/nio/fs/WindowsException'{0x0000000092ec9920}> (0x0000000092ec9920) 
thrown [s\open\src\hotspot\share\prims\jni.cpp, line 517]

VM Operations (20 events):
Event: 1142.549 Executing VM operation: G1TryInitiateConcMark done
Event: 1142.641 Executing VM operation: G1PauseRemark
Event: 1142.659 Executing VM operation: G1PauseRemark done
Event: 1142.659 Executing VM operation: Cleanup
Event: 1142.660 Executing VM operation: Cleanup done
Event: 1142.719 Executing VM operation: G1PauseCleanup
Event: 1142.719 Executing VM operation: G1PauseCleanup done
Event: 1144.735 Executing VM operation: Cleanup
Event: 1144.735 Executing VM operation: Cleanup done
Event: 1203.114 Executing VM operation: Cleanup
Event: 1203.114 Executing VM operation: Cleanup done
Event: 1223.239 Executing VM operation: Cleanup
Event: 1223.239 Executing VM operation: Cleanup done
Event: 1339.081 Executing VM operation: Cleanup
Event: 1339.081 Executing VM operation: Cleanup done
Event: 1339.688 Executing VM operation: G1CollectForAllocation
Event: 1339.697 Executing VM operation: G1CollectForAllocation done
Event: 1339.725 Executing VM operation: G1CollectForAllocation
Event: 1339.733 Executing VM operation: G1CollectForAllocation done
Event: 1340.028 Executing VM operation: G1TryInitiateConcMark

Events (20 events):
Event: 1339.887 Thread 0x000001e1ec361b30 Thread exited: 0x000001e1ec361b30
Event: 1339.887 Thread 0x000001e1ec35eb60 Thread exited: 0x000001e1ec35eb60
Event: 1339.887 Thread 0x000001e1ec360b40 Thread exited: 0x000001e1ec360b40
Event: 1339.887 Thread 0x000001e1ec5e25b0 Thread exited: 0x000001e1ec5e25b0
Event: 1339.887 Thread 0x000001e1ec35e610 Thread exited: 0x000001e1ec35e610
Event: 1339.887 Thread 0x000001e1ec3645b0 Thread exited: 0x000001e1ec3645b0
Event: 1339.887 Thread 0x000001e1ec5e4590 Thread exited: 0x000001e1ec5e4590
Event: 1339.887 Thread 0x000001e1ec364060 Thread exited: 0x000001e1ec364060
Event: 1339.887 Thread 0x000001e1ec362b20 Thread exited: 0x000001e1ec362b20
Event: 1339.887 Thread 0x000001e1ec5e2b00 Thread exited: 0x000001e1ec5e2b00
Event: 1339.887 Thread 0x000001e1ec35f600 Thread exited: 0x000001e1ec35f600
Event: 1339.888 Thread 0x000001e1ec5e4ae0 Thread exited: 0x000001e1ec5e4ae0
Event: 1339.888 Thread 0x000001e1ec5df5e0 Thread exited: 0x000001e1ec5df5e0
Event: 1339.888 Thread 0x000001e1ec35d0d0 Thread exited: 0x000001e1ec35d0d0
Event: 1339.888 Thread 0x000001e1ec3605f0 Thread exited: 0x000001e1ec3605f0
Event: 1339.888 Thread 0x000001e1ec5e1070 Thread exited: 0x000001e1ec5e1070
Event: 1339.898 Thread 0x000001e1ec5e05d0 Thread added: 0x000001e1ec5e05d0
Event: 1339.993 Thread 0x000001e1ec5e25b0 Thread added: 0x000001e1ec5e25b0
Event: 1339.993 Thread 0x000001e1ec5e25b0 Thread exited: 0x000001e1ec5e25b0
Event: 1339.996 Thread 0x000001e1ec5deb40 Thread added: 0x000001e1ec5deb40


Dynamic libraries:
0x00007ff677450000 - 0x00007ff677460000 	C:\Program Files\Java\jdk-19\bin\java.EXE
0x00007ff9fdb60000 - 0x00007ff9fdd69000 	C:\WINDOWS\SYSTEM32\ntdll.dll
0x00007ff9fc760000 - 0x00007ff9fc81e000 	C:\WINDOWS\System32\KERNEL32.DLL
0x00007ff9fb2e0000 - 0x00007ff9fb664000 	C:\WINDOWS\System32\KERNELBASE.dll
0x00007ff9fb670000 - 0x00007ff9fb781000 	C:\WINDOWS\System32\ucrtbase.dll
0x00007ff9f5470000 - 0x00007ff9f5488000 	C:\Program Files\Java\jdk-19\bin\jli.dll
0x00007ff9f5530000 - 0x00007ff9f554b000 	C:\Program Files\Java\jdk-19\bin\VCRUNTIME140.dll
0x00007ff9fc5c0000 - 0x00007ff9fc66f000 	C:\WINDOWS\System32\ADVAPI32.dll
0x00007ff9fb9d0000 - 0x00007ff9fba73000 	C:\WINDOWS\System32\msvcrt.dll
0x00007ff9fba80000 - 0x00007ff9fbb1e000 	C:\WINDOWS\System32\sechost.dll
0x00007ff9fbd30000 - 0x00007ff9fbe51000 	C:\WINDOWS\System32\RPCRT4.dll
0x00007ff9fbe60000 - 0x00007ff9fc00d000 	C:\WINDOWS\System32\USER32.dll
0x00007ff9fb9a0000 - 0x00007ff9fb9c6000 	C:\WINDOWS\System32\win32u.dll
0x00007ff9fbc70000 - 0x00007ff9fbc9a000 	C:\WINDOWS\System32\GDI32.dll
0x00007ff9fb790000 - 0x00007ff9fb8af000 	C:\WINDOWS\System32\gdi32full.dll
0x00007ff9f1d20000 - 0x00007ff9f1fc5000 	C:\WINDOWS\WinSxS\amd64_microsoft.windows.common-controls_6595b64144ccf1df_6.0.22000.120_none_9d947278b86cc467\COMCTL32.dll
0x00007ff9fb240000 - 0x00007ff9fb2dd000 	C:\WINDOWS\System32\msvcp_win.dll
0x00007ff9f6280000 - 0x00007ff9f628a000 	C:\WINDOWS\SYSTEM32\VERSION.dll
0x00007ff9fc030000 - 0x00007ff9fc061000 	C:\WINDOWS\System32\IMM32.DLL
0x00007ff9f6810000 - 0x00007ff9f681c000 	C:\Program Files\Java\jdk-19\bin\vcruntime140_1.dll
0x00007ff9e4d90000 - 0x00007ff9e4e1e000 	C:\Program Files\Java\jdk-19\bin\msvcp140.dll
0x00007ff994e90000 - 0x00007ff995b50000 	C:\Program Files\Java\jdk-19\bin\server\jvm.dll
0x00007ff9ef820000 - 0x00007ff9ef829000 	C:\WINDOWS\SYSTEM32\WSOCK32.dll
0x00007ff9f62c0000 - 0x00007ff9f62f3000 	C:\WINDOWS\SYSTEM32\WINMM.dll
0x00007ff9fc820000 - 0x00007ff9fc88f000 	C:\WINDOWS\System32\WS2_32.dll
0x00007ff9fa0d0000 - 0x00007ff9fa0e8000 	C:\WINDOWS\SYSTEM32\kernel.appcore.dll
0x00007ff9f6390000 - 0x00007ff9f639a000 	C:\Program Files\Java\jdk-19\bin\jimage.dll
0x00007ff9f8ab0000 - 0x00007ff9f8cd1000 	C:\WINDOWS\SYSTEM32\DBGHELP.DLL
0x00007ff9f51d0000 - 0x00007ff9f5201000 	C:\WINDOWS\SYSTEM32\dbgcore.DLL
0x00007ff9fb8b0000 - 0x00007ff9fb92f000 	C:\WINDOWS\System32\bcryptPrimitives.dll
0x00007ff9f4350000 - 0x00007ff9f435e000 	C:\Program Files\Java\jdk-19\bin\instrument.dll
0x00007ff9f2700000 - 0x00007ff9f2726000 	C:\Program Files\Java\jdk-19\bin\java.dll
0x00007ff9f0240000 - 0x00007ff9f027c000 	C:\Program Files\Java\jdk-19\bin\jdwp.dll
0x00007ff9dfea0000 - 0x00007ff9dff77000 	C:\Program Files\Java\jdk-19\bin\jsvml.dll
0x00007ff9fd2f0000 - 0x00007ff9fdab5000 	C:\WINDOWS\System32\SHELL32.dll
0x00007ff9f90b0000 - 0x00007ff9f9914000 	C:\WINDOWS\SYSTEM32\windows.storage.dll
0x00007ff9fcd40000 - 0x00007ff9fd0b6000 	C:\WINDOWS\System32\combase.dll
0x00007ff9f8f40000 - 0x00007ff9f90a7000 	C:\WINDOWS\SYSTEM32\wintypes.dll
0x00007ff9fc890000 - 0x00007ff9fc97a000 	C:\WINDOWS\System32\SHCORE.dll
0x00007ff9fc070000 - 0x00007ff9fc0cd000 	C:\WINDOWS\System32\shlwapi.dll
0x00007ff9faf40000 - 0x00007ff9faf61000 	C:\WINDOWS\SYSTEM32\profapi.dll
0x00007ff9f3bf0000 - 0x00007ff9f3c08000 	C:\Program Files\Java\jdk-19\bin\zip.dll
0x00007ff9f3cd0000 - 0x00007ff9f3ce3000 	C:\Program Files\Java\jdk-19\bin\net.dll
0x00007ff9f7fb0000 - 0x00007ff9f80c3000 	C:\WINDOWS\SYSTEM32\WINHTTP.dll
0x00007ff9fa620000 - 0x00007ff9fa687000 	C:\WINDOWS\system32\mswsock.dll
0x00007ff9f3c60000 - 0x00007ff9f3c76000 	C:\Program Files\Java\jdk-19\bin\nio.dll
0x00007ff9f40b0000 - 0x00007ff9f40bc000 	C:\Program Files\Java\jdk-19\bin\dt_socket.dll
0x00007ff9f9b70000 - 0x00007ff9f9b9d000 	C:\WINDOWS\SYSTEM32\IPHLPAPI.DLL
0x00007ff9f9be0000 - 0x00007ff9f9cc8000 	C:\WINDOWS\SYSTEM32\DNSAPI.dll
0x00007ff9fc670000 - 0x00007ff9fc679000 	C:\WINDOWS\System32\NSI.dll
0x00007ff9f3370000 - 0x00007ff9f337a000 	C:\Windows\System32\rasadhlp.dll
0x00007ff9f4c20000 - 0x00007ff9f4ca2000 	C:\WINDOWS\System32\fwpuclnt.dll
0x00007ff9f4060000 - 0x00007ff9f406a000 	C:\Program Files\Java\jdk-19\bin\management.dll
0x00007ff9f3fe0000 - 0x00007ff9f3feb000 	C:\Program Files\Java\jdk-19\bin\management_ext.dll
0x00007ff9fc010000 - 0x00007ff9fc018000 	C:\WINDOWS\System32\PSAPI.DLL
0x00007ff9f5500000 - 0x00007ff9f5510000 	C:\Program Files\Java\jdk-19\bin\verify.dll
0x0000000069ac0000 - 0x0000000069ae4000 	C:\Users\33660\AppData\Local\Temp\jansi-2.4.0-4d80f177df62cd0f-jansi.dll
0x00007ff9fa880000 - 0x00007ff9fa898000 	C:\WINDOWS\SYSTEM32\CRYPTSP.dll
0x00007ff9fa030000 - 0x00007ff9fa065000 	C:\WINDOWS\system32\rsaenh.dll
0x00007ff9fa720000 - 0x00007ff9fa749000 	C:\WINDOWS\SYSTEM32\USERENV.dll
0x00007ff9fa9f0000 - 0x00007ff9faa17000 	C:\WINDOWS\SYSTEM32\bcrypt.dll
0x00007ff9fa870000 - 0x00007ff9fa87c000 	C:\WINDOWS\SYSTEM32\CRYPTBASE.dll
0x00007ff9f5aa0000 - 0x00007ff9f5ab9000 	C:\WINDOWS\SYSTEM32\dhcpcsvc6.DLL
0x00007ff9f6290000 - 0x00007ff9f62ae000 	C:\WINDOWS\SYSTEM32\dhcpcsvc.DLL
0x00007ff9f1570000 - 0x00007ff9f157e000 	C:\Program Files\Java\jdk-19\bin\sunmscapi.dll
0x00007ff9fb0d0000 - 0x00007ff9fb23a000 	C:\WINDOWS\System32\CRYPT32.dll
0x00007ff9fa9c0000 - 0x00007ff9fa9ea000 	C:\WINDOWS\SYSTEM32\ncrypt.dll
0x00007ff9fa980000 - 0x00007ff9fa9b7000 	C:\WINDOWS\SYSTEM32\NTASN1.dll
0x00007ff9f1520000 - 0x00007ff9f1528000 	C:\WINDOWS\system32\wshunix.dll
0x00007ff9f5430000 - 0x00007ff9f5438000 	C:\Program Files\Java\jdk-19\bin\extnet.dll
0x00007ff9a0cd0000 - 0x00007ff9a0ce7000 	C:\WINDOWS\system32\napinsp.dll
0x00007ff9a0cb0000 - 0x00007ff9a0ccb000 	C:\WINDOWS\system32\pnrpnsp.dll
0x00007ff9a0bb0000 - 0x00007ff9a0bc2000 	C:\WINDOWS\System32\winrnr.dll
0x00007ff9d1120000 - 0x00007ff9d1135000 	C:\WINDOWS\system32\wshbth.dll
0x00007ff9d1d90000 - 0x00007ff9d1daf000 	C:\WINDOWS\system32\nlansp_c.dll
0x00007ff9c08d0000 - 0x00007ff9c0a61000 	C:\Program Files\Java\jdk-19\bin\awt.dll
0x00007ff9fc680000 - 0x00007ff9fc756000 	C:\WINDOWS\System32\OLEAUT32.dll
0x00007ff9f7d70000 - 0x00007ff9f7e02000 	C:\WINDOWS\SYSTEM32\apphelp.dll
0x00007ff9dfd70000 - 0x00007ff9dfdb4000 	C:\Users\33660\AppData\Local\Temp\jna-48672528\jna10948510584905845707.dll
0x00007ff9b9bc0000 - 0x00007ff9b9eb9000 	C:\Users\33660\AppData\Local\Temp\tess4j\win32-x86-64\libtesseract531.dll
0x00007ff9b8070000 - 0x00007ff9b8467000 	C:\Users\33660\AppData\Local\Temp\tess4j\win32-x86-64\libleptonica1831.dll

dbghelp: loaded successfully - version: 4.0.5 - missing functions: none
symbol engine: initialized successfully - sym options: 0x614 - pdb path: .;C:\Program Files\Java\jdk-19\bin;C:\WINDOWS\SYSTEM32;C:\WINDOWS\WinSxS\amd64_microsoft.windows.common-controls_6595b64144ccf1df_6.0.22000.120_none_9d947278b86cc467;C:\Program Files\Java\jdk-19\bin\server;C:\Users\33660\AppData\Local\Temp;C:\Users\33660\AppData\Local\Temp\jna-48672528;C:\Users\33660\AppData\Local\Temp\tess4j\win32-x86-64

VM Arguments:
jvm_args: -Dquarkus-internal.serialized-app-model.path=C:\Users\33660\Documents\PLD_SMART\PLDsmart\back-end\prescrypt\target\quarkus\bootstrap\dev-app-model.dat -javaagent:C:\Users\33660\.m2\repository\io\quarkus\quarkus-class-change-agent\3.0.1.Final\quarkus-class-change-agent-3.0.1.Final.jar -XX:TieredStopAtLevel=1 -agentlib:jdwp=transport=dt_socket,address=localhost:5005,server=y,suspend=n -Djava.util.logging.manager=org.jboss.logmanager.LogManager 
java_command: C:\Users\33660\Documents\PLD_SMART\PLDsmart\back-end\prescrypt\target\prescrypt-dev.jar
java_class_path (initial): C:\Users\33660\Documents\PLD_SMART\PLDsmart\back-end\prescrypt\target\prescrypt-dev.jar
Launcher Type: SUN_STANDARD

[Global flags]
     intx CICompilerCount                          = 4                                         {product} {ergonomic}
     uint ConcGCThreads                            = 2                                         {product} {ergonomic}
     uint G1ConcRefinementThreads                  = 8                                         {product} {ergonomic}
   size_t G1HeapRegionSize                         = 1048576                                   {product} {ergonomic}
    uintx GCDrainStackTargetSize                   = 64                                        {product} {ergonomic}
   size_t InitialHeapSize                          = 132120576                                 {product} {ergonomic}
   size_t MarkStackSize                            = 4194304                                   {product} {ergonomic}
   size_t MaxHeapSize                              = 2107637760                                {product} {ergonomic}
   size_t MaxNewSize                               = 1264582656                                {product} {ergonomic}
   size_t MinHeapDeltaBytes                        = 1048576                                   {product} {ergonomic}
   size_t MinHeapSize                              = 8388608                                   {product} {ergonomic}
    uintx NonProfiledCodeHeapSize                  = 0                                      {pd product} {ergonomic}
     bool ProfileInterpreter                       = false                                  {pd product} {command line}
    uintx ProfiledCodeHeapSize                     = 0                                      {pd product} {ergonomic}
   size_t SoftMaxHeapSize                          = 2107637760                             {manageable} {ergonomic}
     intx TieredStopAtLevel                        = 1                                         {product} {command line}
     bool UseCompressedClassPointers               = true                           {product lp64_product} {ergonomic}
     bool UseCompressedOops                        = true                           {product lp64_product} {ergonomic}
     bool UseG1GC                                  = true                                      {product} {ergonomic}
     bool UseLargePagesIndividualAllocation        = false                                  {pd product} {ergonomic}

Logging:
Log output configuration:
 #0: stdout all=warning uptime,level,tags foldmultilines=false
 #1: stderr all=off uptime,level,tags foldmultilines=false

Environment Variables:
JAVA_HOME=C:\Program Files\Java\jdk-19
PATH=C:\Program Files (x86)\Intel\Intel(R) Management Engine Components\iCLS\;C:\Program Files\Intel\Intel(R) Management Engine Components\iCLS\;C:\Windows\system32;C:\Windows;C:\Windows\System32\Wbem;C:\Windows\System32\WindowsPowerShell\v1.0\;C:\Windows\System32\OpenSSH\;C:\Program Files (x86)\Intel\Intel(R) Management Engine Components\DAL;C:\Program Files\Intel\Intel(R) Management Engine Components\DAL;C:\Program Files (x86)\Intel\Intel(R) Management Engine Components\IPT;C:\Program Files\Intel\Intel(R) Management Engine Components\IPT;C:\Program Files (x86)\NVIDIA Corporation\PhysX\Common;C:\Program Files\Intel\WiFi\bin\;C:\Program Files\Common Files\Intel\WirelessCommon\;C:\WINDOWS\system32;C:\WINDOWS;C:\WINDOWS\System32\Wbem;C:\WINDOWS\System32\WindowsPowerShell\v1.0\;C:\WINDOWS\System32\OpenSSH\;c:\php;C:\ProgramData\chocolatey\bin;C:\ProgramData\chocolatey\lib\maven\apache-maven-3.6.3\bin;C:\Program Files\OpenJDK\jdk-13.0.2\bin;C:\Program Files\MATLAB\R2021b\bin;C:\Program Files (x86)\dotnet\;C:\Program Files\Git\cmd;C:\Program Files\MATLAB\R2022b\bin;C:\Program Files\nodejs\;C:\Program Files\Docker\Docker\resources\bin;C:\Users\33660\AppData\Local\Microsoft\WindowsApps;C:\Users\33660\AppData\Local\gitkraken\bin;C:\Users\33660\AppData\Local\Microsoft\WindowsApps;C:\Users\33660\AppData\Local\Programs\Microsoft VS Code\bin;C:\ProgramData\33660\GitHubDesktop\bin;C:\Program Files\swipl\bin;C:\Users\33660\AppData\Roaming\npm
USERNAME=33660
LANG=en_US.UTF-8
OS=Windows_NT
PROCESSOR_IDENTIFIER=Intel64 Family 6 Model 142 Stepping 10, GenuineIntel
TMP=C:\Users\33660\AppData\Local\Temp
TEMP=C:\Users\33660\AppData\Local\Temp



---------------  S Y S T E M  ---------------

OS:
 Windows 11 , 64 bit Build 22000 (10.0.22000.1880)
OS uptime: 0 days 20:56 hours
Hyper-V role detected

CPU: total 8 (initial active 8) (4 cores per cpu, 2 threads per core) family 6 model 142 stepping 10 microcode 0xe0, cx8, cmov, fxsr, ht, mmx, 3dnowpref, sse, sse2, sse3, ssse3, sse4.1, sse4.2, popcnt, lzcnt, tsc, tscinvbit, avx, avx2, aes, erms, clmul, bmi1, bmi2, adx, fma, vzeroupper, clflush, clflushopt, hv, rdtscp

Memory: 4k page, system-wide physical 8034M (820M free)
TotalPageFile size 18274M (AvailPageFile size 6M)
current process WorkingSet (physical memory assigned to process): 401M, peak: 467M
current process commit charge ("private bytes"): 1145M, peak: 1155M

vm_info: Java HotSpot(TM) 64-Bit Server VM (19.0.2+7-44) for windows-amd64 JRE (19.0.2+7-44), built on 2022-11-30T18:02:09Z by "mach5one" with MS VC++ 17.1 (VS2022)

END.
