#
# There is insufficient memory for the Java Runtime Environment to continue.
# Native memory allocation (mmap) failed to map 668991488 bytes for G1 virtual space
# Possible reasons:
#   The system is out of physical RAM or swap space
#   The process is running with CompressedOops enabled, and the Java Heap may be blocking the growth of the native heap
# Possible solutions:
#   Reduce memory load on the system
#   Increase physical memory or swap space
#   Check if swap backing store is full
#   Decrease Java heap size (-Xmx/-Xms)
#   Decrease number of Java threads
#   Decrease Java thread stack sizes (-Xss)
#   Set larger code cache with -XX:ReservedCodeCacheSize=
#   JVM is running with Unscaled Compressed Oops mode in which the Java heap is
#     placed in the first 4GB address space. The Java Heap base address is the
#     maximum limit for the native heap growth. Please use -XX:HeapBaseMinAddress
#     to set the Java Heap base and to place the Java Heap above 4GB virtual address.
# This output file may be truncated or incomplete.
#
#  Out of Memory Error (os_windows.cpp:3536), pid=13360, tid=17032
#
# JRE version: Java(TM) SE Runtime Environment (19.0.2+7) (build 19.0.2+7-44)
# Java VM: Java HotSpot(TM) 64-Bit Server VM (19.0.2+7-44, mixed mode, emulated-client, sharing, tiered, compressed oops, compressed class ptrs, g1 gc, windows-amd64)
# No core dump will be written. Minidumps are not enabled by default on client versions of Windows
#

---------------  S U M M A R Y ------------

Command Line: -Dquarkus-internal.serialized-app-model.path=C:\Users\33660\Documents\PLD_SMART\PLDsmart\back-end\prescrypt\target\quarkus\bootstrap\dev-app-model.dat -javaagent:C:\Users\33660\.m2\repository\io\quarkus\quarkus-class-change-agent\3.0.1.Final\quarkus-class-change-agent-3.0.1.Final.jar -XX:TieredStopAtLevel=1 -agentlib:jdwp=transport=dt_socket,address=localhost:5005,server=y,suspend=n -Djava.util.logging.manager=org.jboss.logmanager.LogManager C:\Users\33660\Documents\PLD_SMART\PLDsmart\back-end\prescrypt\target\prescrypt-dev.jar

Host: Intel(R) Core(TM) i5-8250U CPU @ 1.60GHz, 8 cores, 7G,  Windows 11 , 64 bit Build 22000 (10.0.22000.1880)
Time: Thu May 11 00:02:30 2023 Paris, Madrid (heure duild 22000 (10.0.22000.1880) elapsed time: 2990.396403 seconds (0d 0h 49m 50s)

---------------  T H R E A D  ---------------

Current thread (0x000001a6dc0457f0):  VMThread "VM Thread" [stack: 0x000000505ef00000,0x000000505f000000] [id=17032]

Stack: [0x000000505ef00000,0x000000505f000000]
Native frames: (J=compiled Java code, j=interpreted, Vv=VM code, C=native code)
V  [jvm.dll+0x6ee21a]
V  [jvm.dll+0x85765e]
V  [jvm.dll+0x85904e]
V  [jvm.dll+0x859703]
V  [jvm.dll+0x28298f]
V  [jvm.dll+0x6eb009]
V  [jvm.dll+0x6dfbaa]
V  [jvm.dll+0x3573f6]
V  [jvm.dll+0x35ee56]
V  [jvm.dll+0x3b541e]
V  [jvm.dll+0x3b564f]
V  [jvm.dll+0x32c9ea]
V  [jvm.dll+0x32ca97]
V  [jvm.dll+0x374cd2]
V  [jvm.dll+0x37340f]
V  [jvm.dll+0x32c210]
V  [jvm.dll+0x372ccd]
V  [jvm.dll+0x85ebc3]
V  [jvm.dll+0x85f989]
V  [jvm.dll+0x85febd]
V  [jvm.dll+0x86034b]
V  [jvm.dll+0x860407]
V  [jvm.dll+0x80125a]
V  [jvm.dll+0x6ecf0b]
C  [ucrtbase.dll+0x26c0c]
C  [KERNEL32.DLL+0x155a0]
C  [ntdll.dll+0x485b]

VM_Operation (0x00000050636fd228): G1TryInitiateConcMark, mode: safepoint, requested by thread 0x000001a6e4680040


---------------  P R O C E S S  ---------------

Threads class SMR info:
_java_thread_list=0x000001a6e46ae560, length=73, elements={
0x000001a6dc05d460, 0x000001a6dc05dd90, 0x000001a6dc063a50, 0x000001a6dc064380,
0x000001a6dc064cb0, 0x000001a6dc06d5f0, 0x000001a6dc071a30, 0x000001a6dc074920,
0x000001a6dc073930, 0x000001a6e0b06590, 0x000001a6e0b0bf30, 0x000001a6dc0723f0,
0x000001a6dc074e70, 0x000001a6e2556520, 0x000001a6e2556a70, 0x000001a6e33922a0,
0x000001a6e33902c0, 0x000001a6e338dd90, 0x000001a6e188ac10, 0x000001a6e1889180,
0x000001a6e188e130, 0x000001a6e18896d0, 0x000001a6e188ebd0, 0x000001a6e188b6b0,
0x000001a6e188bc00, 0x000001a6e188a6c0, 0x000001a6e188c6a0, 0x000001a6e3761b60,
0x000001a6e3b31040, 0x000001a6e4c228a0, 0x000001a6e4e5ae00, 0x000001a6e3b32030,
0x000001a6e4e59e10, 0x000001a6e4b86b20, 0x000001a6e0bc0a40, 0x000001a6e4d8d2d0,
0x000001a6e4d8d820, 0x000001a6e4d8cd80, 0x000001a6e4d8dd70, 0x000001a6e4d8e2c0,
0x000001a6e467f050, 0x000001a6e467e5b0, 0x000001a6e467d5c0, 0x000001a6e467d070,
0x000001a6e4680590, 0x000001a6e467eb00, 0x000001a6e0bc1a30, 0x000001a6e467f5a0,
0x000001a6e0bc04f0, 0x000001a6e3b305a0, 0x000001a6e467db10, 0x000001a6e467faf0,
0x000001a6e3761610, 0x000001a6e3762600, 0x000001a6e37620b0, 0x000001a6e37610c0,
0x000001a6e468c5b0, 0x000001a6e0bc0f90, 0x000001a6e338f820, 0x000001a6e468b070,
0x000001a6e3b30af0, 0x000001a6e3b31ae0, 0x000001a6e3a63050, 0x000001a6e467e060,
0x000001a6e3b2f060, 0x000001a6e4689090, 0x000001a6e0bc14e0, 0x000001a6e3b2fb00,
0x000001a6e4e5a360, 0x000001a6e4680040, 0x000001a6e4e5b350, 0x000001a6e491f710,
0x000001a6e46895e0
}

Java Threads: ( => current thread )
  0x000001a6dc05d460 JavaThread "Reference Handler" daemon [_thread_blocked, id=8376, stack(0x000000505f000000,0x000000505f100000)]
  0x000001a6dc05dd90 JavaThread "Finalizer" daemon [_thread_blocked, id=10656, stack(0x000000505f100000,0x000000505f200000)]
  0x000001a6dc063a50 JavaThread "Signal Dispatcher" daemon [_thread_blocked, id=20176, stack(0x000000505f200000,0x000000505f300000)]
  0x000001a6dc064380 JavaThread "Attach Listener" daemon [_thread_blocked, id=8952, stack(0x000000505f300000,0x000000505f400000)]
  0x000001a6dc064cb0 JavaThread "Service Thread" daemon [_thread_blocked, id=18540, stack(0x000000505f400000,0x000000505f500000)]
  0x000001a6dc06d5f0 JavaThread "Monitor Deflation Thread" daemon [_thread_blocked, id=1172, stack(0x000000505f500000,0x000000505f600000)]
  0x000001a6dc071a30 JavaThread "C1 CompilerThread0" daemon [_thread_blocked, id=5196, stack(0x000000505f600000,0x000000505f700000)]
  0x000001a6dc074920 JavaThread "Sweeper thread" daemon [_thread_blocked, id=19364, stack(0x000000505f700000,0x000000505f800000)]
  0x000001a6dc073930 JavaThread "Common-Cleaner" daemon [_thread_blocked, id=18064, stack(0x000000505f800000,0x000000505f900000)]
  0x000001a6e0b06590 JavaThread "JDWP Transport Listener: dt_socket" daemon [_thread_in_native, id=16508, stack(0x000000505fc00000,0x000000505fd00000)]
  0x000001a6e0b0bf30 JavaThread "JDWP Event Helper Thread" daemon [_thread_blocked, id=19280, stack(0x000000505fd00000,0x000000505fe00000)]
  0x000001a6dc0723f0 JavaThread "Notification Thread" daemon [_thread_blocked, id=12612, stack(0x000000505fe00000,0x000000505ff00000)]
  0x000001a6dc074e70 JavaThread "Quarkus Devmode keep alive thread" [_thread_blocked, id=1924, stack(0x0000005060600000,0x0000005060700000)]
  0x000001a6e2556520 JavaThread "WindowsStreamPump" daemon [_thread_in_native, id=7980, stack(0x0000005065000000,0x0000005065100000)]
  0x000001a6e2556a70 JavaThread "Aesh InputStream Reader" daemon [_thread_blocked, id=20340, stack(0x0000005065100000,0x0000005065200000)]
  0x000001a6e33922a0 JavaThread "vertx-blocked-thread-checker" daemon [_thread_blocked, id=7540, stack(0x0000005065300000,0x0000005065400000)]
  0x000001a6e33902c0 JavaThread "Jndi-Dns-address-change-listener" daemon [_thread_in_native, id=18852, stack(0x0000005065400000,0x0000005065500000)]
  0x000001a6e338dd90 JavaThread "[DevConsole]vert.x-eventloop-thread-0" [_thread_in_native, id=9800, stack(0x0000005065500000,0x0000005065600000)]
  0x000001a6e188ac10 JavaThread "vertx-blocked-thread-checker" daemon [_thread_blocked, id=2872, stack(0x0000005061100000,0x0000005061200000)]
  0x000001a6e1889180 JavaThread "vert.x-eventloop-thread-0" [_thread_in_native, id=14772, stack(0x0000005061200000,0x0000005061300000)]
  0x000001a6e188e130 JavaThread "vert.x-eventloop-thread-1" [_thread_in_native, id=13904, stack(0x0000005061300000,0x0000005061400000)]
  0x000001a6e18896d0 JavaThread "vert.x-acceptor-thread-0" [_thread_in_native, id=18520, stack(0x0000005061400000,0x0000005061500000)]
  0x000001a6e188ebd0 JavaThread "vert.x-eventloop-thread-2" [_thread_in_native, id=8432, stack(0x0000005061500000,0x0000005061600000)]
  0x000001a6e188b6b0 JavaThread "DestroyJavaVM" [_thread_blocked, id=7520, stack(0x000000505e900000,0x000000505ea00000)]
  0x000001a6e188bc00 JavaThread "vert.x-worker-thread-1" [_thread_blocked, id=18948, stack(0x000000505fb00000,0x000000505fc00000)]
  0x000001a6e188a6c0 JavaThread "vert.x-internal-blocking-1" [_thread_blocked, id=13564, stack(0x0000005061600000,0x0000005061700000)]
  0x000001a6e188c6a0 JavaThread "PostgreSQL-JDBC-Cleaner" daemon [_thread_blocked, id=3400, stack(0x0000005061700000,0x0000005061800000)]
  0x000001a6e3761b60 JavaThread "Java2D Disposer" daemon [_thread_blocked, id=16340, stack(0x0000005060b00000,0x0000005060c00000)]
  0x000001a6e3b31040 JavaThread "ForkJoinPool.commonPool-worker-31" daemon [_thread_blocked, id=19884, stack(0x000000505e600000,0x000000505e700000)]
  0x000001a6e4c228a0 JavaThread "ForkJoinPool.commonPool-worker-41" daemon [_thread_blocked, id=6360, stack(0x000000505f900000,0x000000505fa00000)]
  0x000001a6e4e5ae00 JavaThread "ForkJoinPool.commonPool-worker-43" daemon [_thread_blocked, id=19240, stack(0x0000005060700000,0x0000005060800000)]
  0x000001a6e3b32030 JavaThread "ForkJoinPool.commonPool-worker-44" daemon [_thread_blocked, id=15096, stack(0x0000005060800000,0x0000005060900000)]
  0x000001a6e4e59e10 JavaThread "ForkJoinPool.commonPool-worker-46" daemon [_thread_blocked, id=9164, stack(0x000000505e700000,0x000000505e800000)]
  0x000001a6e4b86b20 JavaThread "ForkJoinPool.commonPool-worker-47" daemon [_thread_blocked, id=5964, stack(0x000000505e800000,0x000000505e900000)]
  0x000001a6e0bc0a40 JavaThread "ForkJoinPool.commonPool-worker-45" daemon [_thread_blocked, id=11612, stack(0x000000505fa00000,0x000000505fb00000)]
  0x000001a6e4d8d2d0 JavaThread "build-2" [_thread_blocked, id=3612, stack(0x0000005060a00000,0x0000005060b00000)]
  0x000001a6e4d8d820 JavaThread "build-3" [_thread_blocked, id=19216, stack(0x0000005060c00000,0x0000005060d00000)]
  0x000001a6e4d8cd80 JavaThread "build-4" [_thread_blocked, id=17132, stack(0x0000005060f00000,0x0000005061000000)]
  0x000001a6e4d8dd70 JavaThread "build-5" [_thread_blocked, id=19300, stack(0x0000005061000000,0x0000005061100000)]
  0x000001a6e4d8e2c0 JavaThread "build-6" [_thread_blocked, id=16432, stack(0x0000005061800000,0x0000005061900000)]
  0x000001a6e467f050 JavaThread "build-7" [_thread_blocked, id=3200, stack(0x0000005061900000,0x0000005061a00000)]
  0x000001a6e467e5b0 JavaThread "build-8" [_thread_blocked, id=19068, stack(0x0000005061a00000,0x0000005061b00000)]
  0x000001a6e467d5c0 JavaThread "build-9" [_thread_blocked, id=12336, stack(0x0000005061b00000,0x0000005061c00000)]
  0x000001a6e467d070 JavaThread "build-10" [_thread_blocked, id=8648, stack(0x0000005061c00000,0x0000005061d00000)]
  0x000001a6e4680590 JavaThread "build-11" [_thread_blocked, id=6940, stack(0x0000005061d00000,0x0000005061e00000)]
  0x000001a6e467eb00 JavaThread "build-12" [_thread_blocked, id=11212, stack(0x0000005061e00000,0x0000005061f00000)]
  0x000001a6e0bc1a30 JavaThread "build-13" [_thread_blocked, id=2448, stack(0x0000005061f00000,0x0000005062000000)]
  0x000001a6e467f5a0 JavaThread "build-14" [_thread_blocked, id=3616, stack(0x0000005062000000,0x0000005062100000)]
  0x000001a6e0bc04f0 JavaThread "build-15" [_thread_blocked, id=19496, stack(0x0000005062100000,0x0000005062200000)]
  0x000001a6e3b305a0 JavaThread "build-17" [_thread_blocked, id=17496, stack(0x0000005062200000,0x0000005062300000)]
  0x000001a6e467db10 JavaThread "build-16" [_thread_blocked, id=4844, stack(0x0000005062300000,0x0000005062400000)]
  0x000001a6e467faf0 JavaThread "build-19" [_thread_blocked, id=20208, stack(0x0000005062400000,0x0000005062500000)]
  0x000001a6e3761610 JavaThread "build-18" [_thread_blocked, id=21104, stack(0x0000005062500000,0x0000005062600000)]
  0x000001a6e3762600 JavaThread "build-20" [_thread_blocked, id=16188, stack(0x0000005062600000,0x0000005062700000)]
  0x000001a6e37620b0 JavaThread "build-21" [_thread_blocked, id=18768, stack(0x0000005062700000,0x0000005062800000)]
  0x000001a6e37610c0 JavaThread "build-22" [_thread_blocked, id=6852, stack(0x0000005062800000,0x0000005062900000)]
  0x000001a6e468c5b0 JavaThread "build-23" [_thread_blocked, id=14440, stack(0x0000005062900000,0x0000005062a00000)]
  0x000001a6e0bc0f90 JavaThread "build-24" [_thread_blocked, id=4956, stack(0x0000005062a00000,0x0000005062b00000)]
  0x000001a6e338f820 JavaThread "build-26" [_thread_blocked, id=2084, stack(0x0000005062b00000,0x0000005062c00000)]
  0x000001a6e468b070 JavaThread "build-27" [_thread_blocked, id=13832, stack(0x0000005062c00000,0x0000005062d00000)]
  0x000001a6e3b30af0 JavaThread "build-25" [_thread_blocked, id=1724, stack(0x0000005062d00000,0x0000005062e00000)]
  0x000001a6e3b31ae0 JavaThread "build-28" [_thread_blocked, id=3740, stack(0x0000005062e00000,0x0000005062f00000)]
  0x000001a6e3a63050 JavaThread "C1 CompilerThread1" daemon [_thread_blocked, id=17832, stack(0x0000005062f00000,0x0000005063000000)]
  0x000001a6e467e060 JavaThread "build-29" [_thread_blocked, id=21240, stack(0x0000005063000000,0x0000005063100000)]
  0x000001a6e3b2f060 JavaThread "build-30" [_thread_blocked, id=20336, stack(0x0000005063100000,0x0000005063200000)]
  0x000001a6e4689090 JavaThread "build-31" [_thread_blocked, id=3576, stack(0x0000005063200000,0x0000005063300000)]
  0x000001a6e0bc14e0 JavaThread "build-32" [_thread_blocked, id=18560, stack(0x0000005063300000,0x0000005063400000)]
  0x000001a6e3b2fb00 JavaThread "build-33" [_thread_blocked, id=18232, stack(0x0000005063400000,0x0000005063500000)]
  0x000001a6e4e5a360 JavaThread "build-34" [_thread_blocked, id=6336, stack(0x0000005063500000,0x0000005063600000)]
  0x000001a6e4680040 JavaThread "build-35" [_thread_blocked, id=20636, stack(0x0000005063600000,0x0000005063700000)]
  0x000001a6e4e5b350 JavaThread "build-36" [_thread_blocked, id=8392, stack(0x0000005063700000,0x0000005063800000)]
  0x000001a6e491f710 JavaThread "C1 CompilerThread2" daemon [_thread_blocked, id=17628, stack(0x0000005063800000,0x0000005063900000)]
  0x000001a6e46895e0 JavaThread "build-37" [_thread_blocked, id=3240, stack(0x0000005063900000,0x0000005063a00000)]

Other Threads:
=>0x000001a6dc0457f0 VMThread "VM Thread" [stack: 0x000000505ef00000,0x000000505f000000] [id=17032]
  0x000001a6c9b13af0 WatcherThread "VM Periodic Task Thread" [stack: 0x000000505ff00000,0x0000005060000000] [id=7872]
  0x000001a6c9b74490 WorkerThread "GC Thread#0" [stack: 0x000000505ea00000,0x000000505eb00000] [id=7056]
  0x000001a6e0c4c530 WorkerThread "GC Thread#1" [stack: 0x0000005060000000,0x0000005060100000] [id=8124]
  0x000001a6e0c4c800 WorkerThread "GC Thread#2" [stack: 0x0000005060100000,0x0000005060200000] [id=5000]
  0x000001a6e0c76290 WorkerThread "GC Thread#3" [stack: 0x0000005060200000,0x0000005060300000] [id=17720]
  0x000001a6e0c77c30 WorkerThread "GC Thread#4" [stack: 0x0000005060300000,0x0000005060400000] [id=18504]
  0x000001a6e0c76880 WorkerThread "GC Thread#5" [stack: 0x0000005060400000,0x0000005060500000] [id=21112]
  0x000001a6e0c77960 WorkerThread "GC Thread#6" [stack: 0x0000005060500000,0x0000005060600000] [id=18304]
  0x000001a6e0c77f00 WorkerThread "GC Thread#7" [stack: 0x0000005060e00000,0x0000005060f00000] [id=7448]
  0x000001a6c9b86140 ConcurrentGCThread "G1 Main Marker" [stack: 0x000000505eb00000,0x000000505ec00000] [id=17380]
  0x000001a6c9b86a70 WorkerThread "G1 Conc#0" [stack: 0x000000505ec00000,0x000000505ed00000] [id=20328]
  0x000001a6e1d631c0 WorkerThread "G1 Conc#1" [stack: 0x0000005065200000,0x0000005065300000] [id=2752]
  0x000001a6c9bde960 ConcurrentGCThread "G1 Refine#0" [stack: 0x000000505ed00000,0x000000505ee00000] [id=10952]
  0x000001a6dbf00530 ConcurrentGCThread "G1 Service" [stack: 0x000000505ee00000,0x000000505ef00000] [id=12224]

Threads with active compile tasks:

VM state: at safepoint (normal execution)

VM Mutex/Monitor currently owned by a thread:  ([mutex/lock_event])
[0x000001a6c9b0db60] Threads_lock - owner thread: 0x000001a6dc0457f0
[0x000001a6c9b0d9b0] Heap_lock - owner thread: 0x000001a6e4680040

Heap address: 0x0000000082600000, size: 2010 MB, Compressed Oops mode: 32-bit

CDS archive(s) mapped at: [0x0000000800000000-0x0000000800c40000-0x0000000800c40000), size 12845056, SharedBaseAddress: 0x0000000800000000, ArchiveRelocationMode: 0.
Compressed class space mapped at: 0x0000000801000000-0x0000000841000000, reserved size: 1073741824
Narrow klass base: 0x0000000800000000, Narrow klass shift: 0, Narrow klass range: 0x100000000

GC Precious Log:
 CardTable entry size: 512
 Card Set container configuration: InlinePtr #cards 5 size 8 Array Of Cards #cards 12 size 40 Howl #buckets 4 coarsen threshold 1843 Howl Bitmap #cards 512 size 80 coarsen threshold 460 Card regions per heap region 1 cards per card region 2048
 CPUs: 8 total, 8 available
 Memory: 8034M
 Large Page Support: Disabled
 NUMA Support: Disabled
 Compressed Oops: Enabled (32-bit)
 Heap Region Size: 1M
 Heap Min Capacity: 8M
 Heap Initial Capacity: 126M
 Heap Max Capacity: 2010M
 Pre-touch: Disabled
 Parallel Workers: 8
 Concurrent Workers: 2
 Concurrent Refinement Workers: 8
 Periodic GC: Disabled

Heap:
 garbage-first heap   total 326656K, used 130009K [0x0000000082600000, 0x0000000100000000)
  region size 1024K, 3 young (3072K), 3 survivors (3072K)
 Metaspace       used 65989K, committed 67904K, reserved 1114112K
  class space    used 8648K, committed 9664K, reserved 1048576K

Heap Regions: E=young(eden), S=young(survivor), O=old, HS=humongous(starts), HC=humongous(continues), CS=collection set, F=free, OA=open archive, CA=closed archive, TAMS=top-at-mark-start (previous, next)
|   0|0x0000000082600000, 0x0000000082700000, 0x0000000082700000|100%|HS|  |TAMS 0x0000000082700000, 0x0000000082700000| Complete 
|   1|0x0000000082700000, 0x0000000082800000, 0x0000000082800000|100%|HS|  |TAMS 0x0000000082800000, 0x0000000082800000| Complete 
|   2|0x0000000082800000, 0x0000000082900000, 0x0000000082900000|100%|HC|  |TAMS 0x0000000082900000, 0x0000000082900000| Complete 
|   3|0x0000000082900000, 0x0000000082a00000, 0x0000000082a00000|100%| O|  |TAMS 0x0000000082a00000, 0x0000000082a00000| Untracked 
|   4|0x0000000082a00000, 0x0000000082b00000, 0x0000000082b00000|100%| O|  |TAMS 0x0000000082b00000, 0x0000000082b00000| Untracked 
|   5|0x0000000082b00000, 0x0000000082c00000, 0x0000000082c00000|100%| O|  |TAMS 0x0000000082c00000, 0x0000000082c00000| Untracked 
|   6|0x0000000082c00000, 0x0000000082d00000, 0x0000000082d00000|100%| O|  |TAMS 0x0000000082d00000, 0x0000000082d00000| Untracked 
|   7|0x0000000082d00000, 0x0000000082e00000, 0x0000000082e00000|100%| O|  |TAMS 0x0000000082e00000, 0x0000000082e00000| Untracked 
|   8|0x0000000082e00000, 0x0000000082f00000, 0x0000000082f00000|100%| O|  |TAMS 0x0000000082f00000, 0x0000000082f00000| Untracked 
|   9|0x0000000082f00000, 0x0000000083000000, 0x0000000083000000|100%| O|  |TAMS 0x0000000083000000, 0x0000000083000000| Untracked 
|  10|0x0000000083000000, 0x0000000083100000, 0x0000000083100000|100%| O|  |TAMS 0x0000000083100000, 0x0000000083100000| Untracked 
|  11|0x0000000083100000, 0x0000000083200000, 0x0000000083200000|100%| O|  |TAMS 0x0000000083200000, 0x0000000083200000| Untracked 
|  12|0x0000000083200000, 0x0000000083300000, 0x0000000083300000|100%| O|  |TAMS 0x0000000083300000, 0x0000000083300000| Untracked 
|  13|0x0000000083300000, 0x0000000083400000, 0x0000000083400000|100%| O|  |TAMS 0x0000000083400000, 0x0000000083400000| Untracked 
|  14|0x0000000083400000, 0x0000000083500000, 0x0000000083500000|100%| O|  |TAMS 0x0000000083500000, 0x0000000083500000| Untracked 
|  15|0x0000000083500000, 0x0000000083600000, 0x0000000083600000|100%| O|  |TAMS 0x0000000083600000, 0x0000000083600000| Untracked 
|  16|0x0000000083600000, 0x0000000083700000, 0x0000000083700000|100%| O|  |TAMS 0x0000000083700000, 0x0000000083700000| Untracked 
|  17|0x0000000083700000, 0x0000000083800000, 0x0000000083800000|100%| O|  |TAMS 0x0000000083800000, 0x0000000083800000| Untracked 
|  18|0x0000000083800000, 0x0000000083900000, 0x0000000083900000|100%| O|  |TAMS 0x0000000083900000, 0x0000000083900000| Untracked 
|  19|0x0000000083900000, 0x0000000083a00000, 0x0000000083a00000|100%| O|  |TAMS 0x0000000083a00000, 0x0000000083a00000| Untracked 
|  20|0x0000000083a00000, 0x0000000083b00000, 0x0000000083b00000|100%| O|  |TAMS 0x0000000083b00000, 0x0000000083b00000| Untracked 
|  21|0x0000000083b00000, 0x0000000083c00000, 0x0000000083c00000|100%| O|  |TAMS 0x0000000083c00000, 0x0000000083c00000| Untracked 
|  22|0x0000000083c00000, 0x0000000083d00000, 0x0000000083d00000|100%| O|  |TAMS 0x0000000083d00000, 0x0000000083d00000| Untracked 
|  23|0x0000000083d00000, 0x0000000083e00000, 0x0000000083e00000|100%| O|  |TAMS 0x0000000083e00000, 0x0000000083e00000| Untracked 
|  24|0x0000000083e00000, 0x0000000083f00000, 0x0000000083f00000|100%| O|  |TAMS 0x0000000083f00000, 0x0000000083f00000| Untracked 
|  25|0x0000000083f00000, 0x0000000084000000, 0x0000000084000000|100%| O|  |TAMS 0x0000000084000000, 0x0000000084000000| Untracked 
|  26|0x0000000084000000, 0x0000000084100000, 0x0000000084100000|100%| O|  |TAMS 0x0000000084100000, 0x0000000084100000| Untracked 
|  27|0x0000000084100000, 0x0000000084200000, 0x0000000084200000|100%| O|  |TAMS 0x0000000084200000, 0x0000000084200000| Untracked 
|  28|0x0000000084200000, 0x0000000084300000, 0x0000000084300000|100%|HS|  |TAMS 0x0000000084300000, 0x0000000084300000| Complete 
|  29|0x0000000084300000, 0x0000000084400000, 0x0000000084400000|100%| O|  |TAMS 0x0000000084400000, 0x0000000084400000| Untracked 
|  30|0x0000000084400000, 0x0000000084500000, 0x0000000084500000|100%| O|  |TAMS 0x0000000084500000, 0x0000000084500000| Untracked 
|  31|0x0000000084500000, 0x0000000084600000, 0x0000000084600000|100%| O|  |TAMS 0x0000000084600000, 0x0000000084600000| Untracked 
|  32|0x0000000084600000, 0x0000000084700000, 0x0000000084700000|100%| O|  |TAMS 0x0000000084700000, 0x0000000084700000| Untracked 
|  33|0x0000000084700000, 0x0000000084800000, 0x0000000084800000|100%| O|  |TAMS 0x0000000084800000, 0x0000000084800000| Untracked 
|  34|0x0000000084800000, 0x0000000084900000, 0x0000000084900000|100%| O|  |TAMS 0x0000000084900000, 0x0000000084900000| Untracked 
|  35|0x0000000084900000, 0x0000000084a00000, 0x0000000084a00000|100%| O|  |TAMS 0x0000000084a00000, 0x0000000084a00000| Untracked 
|  36|0x0000000084a00000, 0x0000000084b00000, 0x0000000084b00000|100%| O|  |TAMS 0x0000000084b00000, 0x0000000084b00000| Untracked 
|  37|0x0000000084b00000, 0x0000000084c00000, 0x0000000084c00000|100%| O|  |TAMS 0x0000000084c00000, 0x0000000084c00000| Untracked 
|  38|0x0000000084c00000, 0x0000000084d00000, 0x0000000084d00000|100%| O|  |TAMS 0x0000000084d00000, 0x0000000084d00000| Untracked 
|  39|0x0000000084d00000, 0x0000000084e00000, 0x0000000084e00000|100%| O|  |TAMS 0x0000000084e00000, 0x0000000084e00000| Untracked 
|  40|0x0000000084e00000, 0x0000000084f00000, 0x0000000084f00000|100%| O|  |TAMS 0x0000000084f00000, 0x0000000084f00000| Untracked 
|  41|0x0000000084f00000, 0x0000000085000000, 0x0000000085000000|100%| O|  |TAMS 0x0000000084f00000, 0x0000000085000000| Untracked 
|  42|0x0000000085000000, 0x0000000085100000, 0x0000000085100000|100%| O|  |TAMS 0x0000000085100000, 0x0000000085100000| Untracked 
|  43|0x0000000085100000, 0x0000000085200000, 0x0000000085200000|100%| O|  |TAMS 0x0000000085200000, 0x0000000085200000| Untracked 
|  44|0x0000000085200000, 0x0000000085300000, 0x0000000085300000|100%| O|  |TAMS 0x0000000085300000, 0x0000000085300000| Untracked 
|  45|0x0000000085300000, 0x0000000085400000, 0x0000000085400000|100%| O|  |TAMS 0x0000000085400000, 0x0000000085400000| Untracked 
|  46|0x0000000085400000, 0x0000000085500000, 0x0000000085500000|100%| O|  |TAMS 0x0000000085500000, 0x0000000085500000| Untracked 
|  47|0x0000000085500000, 0x0000000085600000, 0x0000000085600000|100%| O|  |TAMS 0x0000000085600000, 0x0000000085600000| Untracked 
|  48|0x0000000085600000, 0x0000000085700000, 0x0000000085700000|100%| O|  |TAMS 0x0000000085700000, 0x0000000085700000| Untracked 
|  49|0x0000000085700000, 0x0000000085800000, 0x0000000085800000|100%| O|  |TAMS 0x0000000085800000, 0x0000000085800000| Untracked 
|  50|0x0000000085800000, 0x0000000085900000, 0x0000000085900000|100%| O|  |TAMS 0x0000000085900000, 0x0000000085900000| Untracked 
|  51|0x0000000085900000, 0x0000000085a00000, 0x0000000085a00000|100%| O|  |TAMS 0x0000000085a00000, 0x0000000085a00000| Untracked 
|  52|0x0000000085a00000, 0x0000000085b00000, 0x0000000085b00000|100%| O|  |TAMS 0x0000000085b00000, 0x0000000085b00000| Untracked 
|  53|0x0000000085b00000, 0x0000000085c00000, 0x0000000085c00000|100%| O|  |TAMS 0x0000000085c00000, 0x0000000085c00000| Untracked 
|  54|0x0000000085c00000, 0x0000000085d00000, 0x0000000085d00000|100%| O|  |TAMS 0x0000000085d00000, 0x0000000085d00000| Untracked 
|  55|0x0000000085d00000, 0x0000000085e00000, 0x0000000085e00000|100%| O|  |TAMS 0x0000000085e00000, 0x0000000085e00000| Untracked 
|  56|0x0000000085e00000, 0x0000000085f00000, 0x0000000085f00000|100%| O|  |TAMS 0x0000000085f00000, 0x0000000085f00000| Untracked 
|  57|0x0000000085f00000, 0x0000000086000000, 0x0000000086000000|100%| O|  |TAMS 0x0000000086000000, 0x0000000086000000| Untracked 
|  58|0x0000000086000000, 0x0000000086100000, 0x0000000086100000|100%| O|  |TAMS 0x0000000086100000, 0x0000000086100000| Untracked 
|  59|0x0000000086100000, 0x0000000086100000, 0x0000000086200000|  0%| F|  |TAMS 0x0000000086100000, 0x0000000086100000| Untracked 
|  60|0x0000000086200000, 0x0000000086300000, 0x0000000086300000|100%| O|  |TAMS 0x0000000086300000, 0x0000000086300000| Untracked 
|  61|0x0000000086300000, 0x0000000086400000, 0x0000000086400000|100%| O|  |TAMS 0x0000000086400000, 0x0000000086400000| Untracked 
|  62|0x0000000086400000, 0x0000000086500000, 0x0000000086500000|100%| O|  |TAMS 0x0000000086500000, 0x0000000086500000| Untracked 
|  63|0x0000000086500000, 0x0000000086600000, 0x0000000086600000|100%| O|  |TAMS 0x0000000086600000, 0x0000000086600000| Untracked 
|  64|0x0000000086600000, 0x0000000086700000, 0x0000000086700000|100%| O|  |TAMS 0x0000000086700000, 0x0000000086700000| Untracked 
|  65|0x0000000086700000, 0x0000000086800000, 0x0000000086800000|100%| O|  |TAMS 0x0000000086800000, 0x0000000086800000| Untracked 
|  66|0x0000000086800000, 0x0000000086900000, 0x0000000086900000|100%| O|  |TAMS 0x0000000086900000, 0x0000000086900000| Untracked 
|  67|0x0000000086900000, 0x0000000086a00000, 0x0000000086a00000|100%| O|  |TAMS 0x0000000086a00000, 0x0000000086a00000| Untracked 
|  68|0x0000000086a00000, 0x0000000086b00000, 0x0000000086b00000|100%| O|  |TAMS 0x0000000086b00000, 0x0000000086b00000| Untracked 
|  69|0x0000000086b00000, 0x0000000086c00000, 0x0000000086c00000|100%| O|  |TAMS 0x0000000086c00000, 0x0000000086c00000| Untracked 
|  70|0x0000000086c00000, 0x0000000086c00000, 0x0000000086d00000|  0%| F|  |TAMS 0x0000000086c00000, 0x0000000086c00000| Untracked 
|  71|0x0000000086d00000, 0x0000000086e00000, 0x0000000086e00000|100%| O|  |TAMS 0x0000000086d00000, 0x0000000086e00000| Untracked 
|  72|0x0000000086e00000, 0x0000000086f00000, 0x0000000086f00000|100%| O|  |TAMS 0x0000000086e00000, 0x0000000086f00000| Untracked 
|  73|0x0000000086f00000, 0x0000000087000000, 0x0000000087000000|100%| O|  |TAMS 0x0000000086f00000, 0x0000000087000000| Untracked 
|  74|0x0000000087000000, 0x0000000087100000, 0x0000000087100000|100%|HS|  |TAMS 0x0000000087100000, 0x0000000087100000| Complete 
|  75|0x0000000087100000, 0x0000000087200000, 0x0000000087200000|100%|HS|  |TAMS 0x0000000087200000, 0x0000000087200000| Complete 
|  76|0x0000000087200000, 0x0000000087300000, 0x0000000087300000|100%|HC|  |TAMS 0x0000000087300000, 0x0000000087300000| Complete 
|  77|0x0000000087300000, 0x0000000087400000, 0x0000000087400000|100%| O|  |TAMS 0x0000000087400000, 0x0000000087400000| Untracked 
|  78|0x0000000087400000, 0x0000000087500000, 0x0000000087500000|100%| O|  |TAMS 0x0000000087500000, 0x0000000087500000| Untracked 
|  79|0x0000000087500000, 0x0000000087600000, 0x0000000087600000|100%| O|  |TAMS 0x0000000087600000, 0x0000000087600000| Untracked 
|  80|0x0000000087600000, 0x0000000087700000, 0x0000000087700000|100%| O|  |TAMS 0x0000000087700000, 0x0000000087700000| Untracked 
|  81|0x0000000087700000, 0x0000000087800000, 0x0000000087800000|100%| O|  |TAMS 0x0000000087800000, 0x0000000087800000| Untracked 
|  82|0x0000000087800000, 0x0000000087900000, 0x0000000087900000|100%| O|  |TAMS 0x0000000087900000, 0x0000000087900000| Untracked 
|  83|0x0000000087900000, 0x0000000087a00000, 0x0000000087a00000|100%| O|  |TAMS 0x0000000087a00000, 0x0000000087a00000| Untracked 
|  84|0x0000000087a00000, 0x0000000087b00000, 0x0000000087b00000|100%| O|  |TAMS 0x0000000087b00000, 0x0000000087b00000| Untracked 
|  85|0x0000000087b00000, 0x0000000087c00000, 0x0000000087c00000|100%| O|  |TAMS 0x0000000087c00000, 0x0000000087c00000| Untracked 
|  86|0x0000000087c00000, 0x0000000087d00000, 0x0000000087d00000|100%| O|  |TAMS 0x0000000087c00000, 0x0000000087d00000| Untracked 
|  87|0x0000000087d00000, 0x0000000087e00000, 0x0000000087e00000|100%| O|  |TAMS 0x0000000087e00000, 0x0000000087e00000| Untracked 
|  88|0x0000000087e00000, 0x0000000087f00000, 0x0000000087f00000|100%| O|  |TAMS 0x0000000087f00000, 0x0000000087f00000| Untracked 
|  89|0x0000000087f00000, 0x0000000088000000, 0x0000000088000000|100%| O|  |TAMS 0x0000000088000000, 0x0000000088000000| Untracked 
|  90|0x0000000088000000, 0x0000000088100000, 0x0000000088100000|100%| O|  |TAMS 0x0000000088000000, 0x0000000088100000| Untracked 
|  91|0x0000000088100000, 0x0000000088200000, 0x0000000088200000|100%| O|  |TAMS 0x0000000088200000, 0x0000000088200000| Untracked 
|  92|0x0000000088200000, 0x0000000088300000, 0x0000000088300000|100%| O|  |TAMS 0x0000000088200000, 0x0000000088300000| Untracked 
|  93|0x0000000088300000, 0x0000000088400000, 0x0000000088400000|100%| O|  |TAMS 0x0000000088300000, 0x0000000088400000| Untracked 
|  94|0x0000000088400000, 0x0000000088500000, 0x0000000088500000|100%| O|  |TAMS 0x0000000088500000, 0x0000000088500000| Untracked 
|  95|0x0000000088500000, 0x0000000088600000, 0x0000000088600000|100%| O|  |TAMS 0x0000000088600000, 0x0000000088600000| Untracked 
|  96|0x0000000088600000, 0x0000000088700000, 0x0000000088700000|100%| O|  |TAMS 0x0000000088700000, 0x0000000088700000| Untracked 
|  97|0x0000000088700000, 0x0000000088800000, 0x0000000088800000|100%| O|  |TAMS 0x0000000088800000, 0x0000000088800000| Untracked 
|  98|0x0000000088800000, 0x0000000088900000, 0x0000000088900000|100%| O|  |TAMS 0x0000000088900000, 0x0000000088900000| Untracked 
|  99|0x0000000088900000, 0x0000000088a00000, 0x0000000088a00000|100%| O|  |TAMS 0x0000000088a00000, 0x0000000088a00000| Untracked 
| 100|0x0000000088a00000, 0x0000000088b00000, 0x0000000088b00000|100%| O|  |TAMS 0x0000000088b00000, 0x0000000088b00000| Untracked 
| 101|0x0000000088b00000, 0x0000000088c00000, 0x0000000088c00000|100%| O|  |TAMS 0x0000000088c00000, 0x0000000088c00000| Untracked 
| 102|0x0000000088c00000, 0x0000000088d00000, 0x0000000088d00000|100%| O|  |TAMS 0x0000000088d00000, 0x0000000088d00000| Untracked 
| 103|0x0000000088d00000, 0x0000000088d00000, 0x0000000088e00000|  0%| F|  |TAMS 0x0000000088d00000, 0x0000000088d00000| Untracked 
| 104|0x0000000088e00000, 0x0000000088f00000, 0x0000000088f00000|100%| O|  |TAMS 0x0000000088f00000, 0x0000000088f00000| Untracked 
| 105|0x0000000088f00000, 0x0000000089000000, 0x0000000089000000|100%| O|  |TAMS 0x0000000089000000, 0x0000000089000000| Untracked 
| 106|0x0000000089000000, 0x0000000089100000, 0x0000000089100000|100%| O|  |TAMS 0x0000000089100000, 0x0000000089100000| Untracked 
| 107|0x0000000089100000, 0x0000000089200000, 0x0000000089200000|100%| O|  |TAMS 0x0000000089200000, 0x0000000089200000| Untracked 
| 108|0x0000000089200000, 0x0000000089300000, 0x0000000089300000|100%| O|  |TAMS 0x0000000089300000, 0x0000000089300000| Untracked 
| 109|0x0000000089300000, 0x0000000089400000, 0x0000000089400000|100%| O|  |TAMS 0x0000000089400000, 0x0000000089400000| Untracked 
| 110|0x0000000089400000, 0x0000000089500000, 0x0000000089500000|100%| O|  |TAMS 0x0000000089500000, 0x0000000089500000| Untracked 
| 111|0x0000000089500000, 0x0000000089600000, 0x0000000089600000|100%| O|  |TAMS 0x0000000089600000, 0x0000000089600000| Untracked 
| 112|0x0000000089600000, 0x0000000089700000, 0x0000000089700000|100%| O|  |TAMS 0x0000000089700000, 0x0000000089700000| Untracked 
| 113|0x0000000089700000, 0x0000000089800000, 0x0000000089800000|100%| O|  |TAMS 0x0000000089799000, 0x0000000089800000| Untracked 
| 114|0x0000000089800000, 0x0000000089900000, 0x0000000089900000|100%| O|  |TAMS 0x0000000089800000, 0x0000000089900000| Untracked 
| 115|0x0000000089900000, 0x0000000089a00000, 0x0000000089a00000|100%| O|  |TAMS 0x0000000089900000, 0x0000000089a00000| Untracked 
| 116|0x0000000089a00000, 0x0000000089b00000, 0x0000000089b00000|100%| O|  |TAMS 0x0000000089a00000, 0x0000000089b00000| Untracked 
| 117|0x0000000089b00000, 0x0000000089c00000, 0x0000000089c00000|100%| O|  |TAMS 0x0000000089b00000, 0x0000000089c00000| Untracked 
| 118|0x0000000089c00000, 0x0000000089d00000, 0x0000000089d00000|100%| O|  |TAMS 0x0000000089d00000, 0x0000000089d00000| Untracked 
| 119|0x0000000089d00000, 0x0000000089e00000, 0x0000000089e00000|100%| O|  |TAMS 0x0000000089e00000, 0x0000000089e00000| Untracked 
| 120|0x0000000089e00000, 0x0000000089f00000, 0x0000000089f00000|100%| O|  |TAMS 0x0000000089e00000, 0x0000000089f00000| Untracked 
| 121|0x0000000089f00000, 0x0000000089f00000, 0x000000008a000000|  0%| F|  |TAMS 0x0000000089f00000, 0x0000000089f00000| Untracked 
| 122|0x000000008a000000, 0x000000008a100000, 0x000000008a100000|100%| O|  |TAMS 0x000000008a100000, 0x000000008a100000| Untracked 
| 123|0x000000008a100000, 0x000000008a100000, 0x000000008a200000|  0%| F|  |TAMS 0x000000008a100000, 0x000000008a100000| Untracked 
| 124|0x000000008a200000, 0x000000008a300000, 0x000000008a300000|100%| O|  |TAMS 0x000000008a200000, 0x000000008a300000| Untracked 
| 125|0x000000008a300000, 0x000000008a400000, 0x000000008a400000|100%| O|  |TAMS 0x000000008a300000, 0x000000008a400000| Untracked 
| 126|0x000000008a400000, 0x000000008a400000, 0x000000008a500000|  0%| F|  |TAMS 0x000000008a400000, 0x000000008a400000| Untracked 
| 127|0x000000008a500000, 0x000000008a500000, 0x000000008a600000|  0%| F|  |TAMS 0x000000008a500000, 0x000000008a500000| Untracked 
| 128|0x000000008a600000, 0x000000008a700000, 0x000000008a700000|100%| O|  |TAMS 0x000000008a600000, 0x000000008a700000| Untracked 
| 129|0x000000008a700000, 0x000000008a800000, 0x000000008a800000|100%| O|  |TAMS 0x000000008a700000, 0x000000008a800000| Untracked 
| 130|0x000000008a800000, 0x000000008a900000, 0x000000008a900000|100%| O|  |TAMS 0x000000008a800000, 0x000000008a900000| Untracked 
| 131|0x000000008a900000, 0x000000008a959800, 0x000000008aa00000| 34%| O|  |TAMS 0x000000008a900000, 0x000000008a959800| Untracked 
| 132|0x000000008aa00000, 0x000000008aa00000, 0x000000008ab00000|  0%| F|  |TAMS 0x000000008aa00000, 0x000000008aa00000| Untracked 
| 133|0x000000008ab00000, 0x000000008ab00000, 0x000000008ac00000|  0%| F|  |TAMS 0x000000008ab00000, 0x000000008ab00000| Untracked 
| 134|0x000000008ac00000, 0x000000008ac00000, 0x000000008ad00000|  0%| F|  |TAMS 0x000000008ac00000, 0x000000008ac00000| Untracked 
| 135|0x000000008ad00000, 0x000000008ad00000, 0x000000008ae00000|  0%| F|  |TAMS 0x000000008ad00000, 0x000000008ad00000| Untracked 
| 136|0x000000008ae00000, 0x000000008ae00000, 0x000000008af00000|  0%| F|  |TAMS 0x000000008ae00000, 0x000000008ae00000| Untracked 
| 137|0x000000008af00000, 0x000000008af00000, 0x000000008b000000|  0%| F|  |TAMS 0x000000008af00000, 0x000000008af00000| Untracked 
| 138|0x000000008b000000, 0x000000008b000000, 0x000000008b100000|  0%| F|  |TAMS 0x000000008b000000, 0x000000008b000000| Untracked 
| 139|0x000000008b100000, 0x000000008b100000, 0x000000008b200000|  0%| F|  |TAMS 0x000000008b100000, 0x000000008b100000| Untracked 
| 140|0x000000008b200000, 0x000000008b200000, 0x000000008b300000|  0%| F|  |TAMS 0x000000008b200000, 0x000000008b200000| Untracked 
| 141|0x000000008b300000, 0x000000008b300000, 0x000000008b400000|  0%| F|  |TAMS 0x000000008b300000, 0x000000008b300000| Untracked 
| 142|0x000000008b400000, 0x000000008b400000, 0x000000008b500000|  0%| F|  |TAMS 0x000000008b400000, 0x000000008b400000| Untracked 
| 143|0x000000008b500000, 0x000000008b500000, 0x000000008b600000|  0%| F|  |TAMS 0x000000008b500000, 0x000000008b500000| Untracked 
| 144|0x000000008b600000, 0x000000008b600000, 0x000000008b700000|  0%| F|  |TAMS 0x000000008b600000, 0x000000008b600000| Untracked 
| 145|0x000000008b700000, 0x000000008b700000, 0x000000008b800000|  0%| F|  |TAMS 0x000000008b700000, 0x000000008b700000| Untracked 
| 146|0x000000008b800000, 0x000000008b800000, 0x000000008b900000|  0%| F|  |TAMS 0x000000008b800000, 0x000000008b800000| Untracked 
| 147|0x000000008b900000, 0x000000008b900000, 0x000000008ba00000|  0%| F|  |TAMS 0x000000008b900000, 0x000000008b900000| Untracked 
| 148|0x000000008ba00000, 0x000000008ba00000, 0x000000008bb00000|  0%| F|  |TAMS 0x000000008ba00000, 0x000000008ba00000| Untracked 
| 149|0x000000008bb00000, 0x000000008bb00000, 0x000000008bc00000|  0%| F|  |TAMS 0x000000008bb00000, 0x000000008bb00000| Untracked 
| 150|0x000000008bc00000, 0x000000008bc00000, 0x000000008bd00000|  0%| F|  |TAMS 0x000000008bc00000, 0x000000008bc00000| Untracked 
| 151|0x000000008bd00000, 0x000000008bd00000, 0x000000008be00000|  0%| F|  |TAMS 0x000000008bd00000, 0x000000008bd00000| Untracked 
| 152|0x000000008be00000, 0x000000008be00000, 0x000000008bf00000|  0%| F|  |TAMS 0x000000008be00000, 0x000000008be00000| Untracked 
| 153|0x000000008bf00000, 0x000000008bf00000, 0x000000008c000000|  0%| F|  |TAMS 0x000000008bf00000, 0x000000008bf00000| Untracked 
| 154|0x000000008c000000, 0x000000008c000000, 0x000000008c100000|  0%| F|  |TAMS 0x000000008c000000, 0x000000008c000000| Untracked 
| 155|0x000000008c100000, 0x000000008c100000, 0x000000008c200000|  0%| F|  |TAMS 0x000000008c100000, 0x000000008c100000| Untracked 
| 156|0x000000008c200000, 0x000000008c200000, 0x000000008c300000|  0%| F|  |TAMS 0x000000008c200000, 0x000000008c200000| Untracked 
| 157|0x000000008c300000, 0x000000008c300000, 0x000000008c400000|  0%| F|  |TAMS 0x000000008c300000, 0x000000008c300000| Untracked 
| 158|0x000000008c400000, 0x000000008c400000, 0x000000008c500000|  0%| F|  |TAMS 0x000000008c400000, 0x000000008c400000| Untracked 
| 159|0x000000008c500000, 0x000000008c500000, 0x000000008c600000|  0%| F|  |TAMS 0x000000008c500000, 0x000000008c500000| Untracked 
| 160|0x000000008c600000, 0x000000008c600000, 0x000000008c700000|  0%| F|  |TAMS 0x000000008c600000, 0x000000008c600000| Untracked 
| 161|0x000000008c700000, 0x000000008c700000, 0x000000008c800000|  0%| F|  |TAMS 0x000000008c700000, 0x000000008c700000| Untracked 
| 162|0x000000008c800000, 0x000000008c800000, 0x000000008c900000|  0%| F|  |TAMS 0x000000008c800000, 0x000000008c800000| Untracked 
| 163|0x000000008c900000, 0x000000008c900000, 0x000000008ca00000|  0%| F|  |TAMS 0x000000008c900000, 0x000000008c900000| Untracked 
| 164|0x000000008ca00000, 0x000000008ca00000, 0x000000008cb00000|  0%| F|  |TAMS 0x000000008ca00000, 0x000000008ca00000| Untracked 
| 165|0x000000008cb00000, 0x000000008cb00000, 0x000000008cc00000|  0%| F|  |TAMS 0x000000008cb00000, 0x000000008cb00000| Untracked 
| 166|0x000000008cc00000, 0x000000008cc00000, 0x000000008cd00000|  0%| F|  |TAMS 0x000000008cc00000, 0x000000008cc00000| Untracked 
| 167|0x000000008cd00000, 0x000000008cd00000, 0x000000008ce00000|  0%| F|  |TAMS 0x000000008cd00000, 0x000000008cd00000| Untracked 
| 168|0x000000008ce00000, 0x000000008ce00000, 0x000000008cf00000|  0%| F|  |TAMS 0x000000008ce00000, 0x000000008ce00000| Untracked 
| 169|0x000000008cf00000, 0x000000008cf00000, 0x000000008d000000|  0%| F|  |TAMS 0x000000008cf00000, 0x000000008cf00000| Untracked 
| 170|0x000000008d000000, 0x000000008d000000, 0x000000008d100000|  0%| F|  |TAMS 0x000000008d000000, 0x000000008d000000| Untracked 
| 171|0x000000008d100000, 0x000000008d100000, 0x000000008d200000|  0%| F|  |TAMS 0x000000008d100000, 0x000000008d100000| Untracked 
| 172|0x000000008d200000, 0x000000008d200000, 0x000000008d300000|  0%| F|  |TAMS 0x000000008d200000, 0x000000008d200000| Untracked 
| 173|0x000000008d300000, 0x000000008d300000, 0x000000008d400000|  0%| F|  |TAMS 0x000000008d300000, 0x000000008d300000| Untracked 
| 174|0x000000008d400000, 0x000000008d400000, 0x000000008d500000|  0%| F|  |TAMS 0x000000008d400000, 0x000000008d400000| Untracked 
| 175|0x000000008d500000, 0x000000008d500000, 0x000000008d600000|  0%| F|  |TAMS 0x000000008d500000, 0x000000008d500000| Untracked 
| 176|0x000000008d600000, 0x000000008d600000, 0x000000008d700000|  0%| F|  |TAMS 0x000000008d600000, 0x000000008d600000| Untracked 
| 177|0x000000008d700000, 0x000000008d700000, 0x000000008d800000|  0%| F|  |TAMS 0x000000008d700000, 0x000000008d700000| Untracked 
| 178|0x000000008d800000, 0x000000008d800000, 0x000000008d900000|  0%| F|  |TAMS 0x000000008d800000, 0x000000008d800000| Untracked 
| 179|0x000000008d900000, 0x000000008d900000, 0x000000008da00000|  0%| F|  |TAMS 0x000000008d900000, 0x000000008d900000| Untracked 
| 180|0x000000008da00000, 0x000000008da00000, 0x000000008db00000|  0%| F|  |TAMS 0x000000008da00000, 0x000000008da00000| Untracked 
| 181|0x000000008db00000, 0x000000008db00000, 0x000000008dc00000|  0%| F|  |TAMS 0x000000008db00000, 0x000000008db00000| Untracked 
| 182|0x000000008dc00000, 0x000000008dc00000, 0x000000008dd00000|  0%| F|  |TAMS 0x000000008dc00000, 0x000000008dc00000| Untracked 
| 183|0x000000008dd00000, 0x000000008dd00000, 0x000000008de00000|  0%| F|  |TAMS 0x000000008dd00000, 0x000000008dd00000| Untracked 
| 184|0x000000008de00000, 0x000000008de00000, 0x000000008df00000|  0%| F|  |TAMS 0x000000008de00000, 0x000000008de00000| Untracked 
| 185|0x000000008df00000, 0x000000008df00000, 0x000000008e000000|  0%| F|  |TAMS 0x000000008df00000, 0x000000008df00000| Untracked 
| 186|0x000000008e000000, 0x000000008e000000, 0x000000008e100000|  0%| F|  |TAMS 0x000000008e000000, 0x000000008e000000| Untracked 
| 187|0x000000008e100000, 0x000000008e100000, 0x000000008e200000|  0%| F|  |TAMS 0x000000008e100000, 0x000000008e100000| Untracked 
| 188|0x000000008e200000, 0x000000008e200000, 0x000000008e300000|  0%| F|  |TAMS 0x000000008e200000, 0x000000008e200000| Untracked 
| 189|0x000000008e300000, 0x000000008e300000, 0x000000008e400000|  0%| F|  |TAMS 0x000000008e300000, 0x000000008e300000| Untracked 
| 190|0x000000008e400000, 0x000000008e400000, 0x000000008e500000|  0%| F|  |TAMS 0x000000008e400000, 0x000000008e400000| Untracked 
| 191|0x000000008e500000, 0x000000008e500000, 0x000000008e600000|  0%| F|  |TAMS 0x000000008e500000, 0x000000008e500000| Untracked 
| 192|0x000000008e600000, 0x000000008e600000, 0x000000008e700000|  0%| F|  |TAMS 0x000000008e600000, 0x000000008e600000| Untracked 
| 193|0x000000008e700000, 0x000000008e700000, 0x000000008e800000|  0%| F|  |TAMS 0x000000008e700000, 0x000000008e700000| Untracked 
| 194|0x000000008e800000, 0x000000008e800000, 0x000000008e900000|  0%| F|  |TAMS 0x000000008e800000, 0x000000008e800000| Untracked 
| 195|0x000000008e900000, 0x000000008e900000, 0x000000008ea00000|  0%| F|  |TAMS 0x000000008e900000, 0x000000008e900000| Untracked 
| 196|0x000000008ea00000, 0x000000008ea00000, 0x000000008eb00000|  0%| F|  |TAMS 0x000000008ea00000, 0x000000008ea00000| Untracked 
| 197|0x000000008eb00000, 0x000000008eb00000, 0x000000008ec00000|  0%| F|  |TAMS 0x000000008eb00000, 0x000000008eb00000| Untracked 
| 198|0x000000008ec00000, 0x000000008ec00000, 0x000000008ed00000|  0%| F|  |TAMS 0x000000008ec00000, 0x000000008ec00000| Untracked 
| 199|0x000000008ed00000, 0x000000008ed00000, 0x000000008ee00000|  0%| F|  |TAMS 0x000000008ed00000, 0x000000008ed00000| Untracked 
| 200|0x000000008ee00000, 0x000000008ee00000, 0x000000008ef00000|  0%| F|  |TAMS 0x000000008ee00000, 0x000000008ee00000| Untracked 
| 201|0x000000008ef00000, 0x000000008ef00000, 0x000000008f000000|  0%| F|  |TAMS 0x000000008ef00000, 0x000000008ef00000| Untracked 
| 202|0x000000008f000000, 0x000000008f000000, 0x000000008f100000|  0%| F|  |TAMS 0x000000008f000000, 0x000000008f000000| Untracked 
| 203|0x000000008f100000, 0x000000008f100000, 0x000000008f200000|  0%| F|  |TAMS 0x000000008f100000, 0x000000008f100000| Untracked 
| 204|0x000000008f200000, 0x000000008f200000, 0x000000008f300000|  0%| F|  |TAMS 0x000000008f200000, 0x000000008f200000| Untracked 
| 205|0x000000008f300000, 0x000000008f300000, 0x000000008f400000|  0%| F|  |TAMS 0x000000008f300000, 0x000000008f300000| Untracked 
| 206|0x000000008f400000, 0x000000008f400000, 0x000000008f500000|  0%| F|  |TAMS 0x000000008f400000, 0x000000008f400000| Untracked 
| 207|0x000000008f500000, 0x000000008f500000, 0x000000008f600000|  0%| F|  |TAMS 0x000000008f500000, 0x000000008f500000| Untracked 
| 208|0x000000008f600000, 0x000000008f600000, 0x000000008f700000|  0%| F|  |TAMS 0x000000008f600000, 0x000000008f600000| Untracked 
| 209|0x000000008f700000, 0x000000008f700000, 0x000000008f800000|  0%| F|  |TAMS 0x000000008f700000, 0x000000008f700000| Untracked 
| 210|0x000000008f800000, 0x000000008f800000, 0x000000008f900000|  0%| F|  |TAMS 0x000000008f800000, 0x000000008f800000| Untracked 
| 211|0x000000008f900000, 0x000000008f900000, 0x000000008fa00000|  0%| F|  |TAMS 0x000000008f900000, 0x000000008f900000| Untracked 
| 212|0x000000008fa00000, 0x000000008fa00000, 0x000000008fb00000|  0%| F|  |TAMS 0x000000008fa00000, 0x000000008fa00000| Untracked 
| 213|0x000000008fb00000, 0x000000008fb00000, 0x000000008fc00000|  0%| F|  |TAMS 0x000000008fb00000, 0x000000008fb00000| Untracked 
| 214|0x000000008fc00000, 0x000000008fc00000, 0x000000008fd00000|  0%| F|  |TAMS 0x000000008fc00000, 0x000000008fc00000| Untracked 
| 215|0x000000008fd00000, 0x000000008fd00000, 0x000000008fe00000|  0%| F|  |TAMS 0x000000008fd00000, 0x000000008fd00000| Untracked 
| 216|0x000000008fe00000, 0x000000008fe00000, 0x000000008ff00000|  0%| F|  |TAMS 0x000000008fe00000, 0x000000008fe00000| Untracked 
| 217|0x000000008ff00000, 0x000000008ff00000, 0x0000000090000000|  0%| F|  |TAMS 0x000000008ff00000, 0x000000008ff00000| Untracked 
| 218|0x0000000090000000, 0x0000000090000000, 0x0000000090100000|  0%| F|  |TAMS 0x0000000090000000, 0x0000000090000000| Untracked 
| 219|0x0000000090100000, 0x0000000090100000, 0x0000000090200000|  0%| F|  |TAMS 0x0000000090100000, 0x0000000090100000| Untracked 
| 220|0x0000000090200000, 0x0000000090200000, 0x0000000090300000|  0%| F|  |TAMS 0x0000000090200000, 0x0000000090200000| Untracked 
| 221|0x0000000090300000, 0x0000000090300000, 0x0000000090400000|  0%| F|  |TAMS 0x0000000090300000, 0x0000000090300000| Untracked 
| 222|0x0000000090400000, 0x0000000090400000, 0x0000000090500000|  0%| F|  |TAMS 0x0000000090400000, 0x0000000090400000| Untracked 
| 223|0x0000000090500000, 0x0000000090500000, 0x0000000090600000|  0%| F|  |TAMS 0x0000000090500000, 0x0000000090500000| Untracked 
| 224|0x0000000090600000, 0x0000000090600000, 0x0000000090700000|  0%| F|  |TAMS 0x0000000090600000, 0x0000000090600000| Untracked 
| 225|0x0000000090700000, 0x0000000090700000, 0x0000000090800000|  0%| F|  |TAMS 0x0000000090700000, 0x0000000090700000| Untracked 
| 226|0x0000000090800000, 0x0000000090800000, 0x0000000090900000|  0%| F|  |TAMS 0x0000000090800000, 0x0000000090800000| Untracked 
| 227|0x0000000090900000, 0x0000000090900000, 0x0000000090a00000|  0%| F|  |TAMS 0x0000000090900000, 0x0000000090900000| Untracked 
| 228|0x0000000090a00000, 0x0000000090a00000, 0x0000000090b00000|  0%| F|  |TAMS 0x0000000090a00000, 0x0000000090a00000| Untracked 
| 229|0x0000000090b00000, 0x0000000090b00000, 0x0000000090c00000|  0%| F|  |TAMS 0x0000000090b00000, 0x0000000090b00000| Untracked 
| 230|0x0000000090c00000, 0x0000000090c00000, 0x0000000090d00000|  0%| F|  |TAMS 0x0000000090c00000, 0x0000000090c00000| Untracked 
| 231|0x0000000090d00000, 0x0000000090d00000, 0x0000000090e00000|  0%| F|  |TAMS 0x0000000090d00000, 0x0000000090d00000| Untracked 
| 232|0x0000000090e00000, 0x0000000090e00000, 0x0000000090f00000|  0%| F|  |TAMS 0x0000000090e00000, 0x0000000090e00000| Untracked 
| 233|0x0000000090f00000, 0x0000000090f00000, 0x0000000091000000|  0%| F|  |TAMS 0x0000000090f00000, 0x0000000090f00000| Untracked 
| 234|0x0000000091000000, 0x0000000091000000, 0x0000000091100000|  0%| F|  |TAMS 0x0000000091000000, 0x0000000091000000| Untracked 
| 235|0x0000000091100000, 0x0000000091100000, 0x0000000091200000|  0%| F|  |TAMS 0x0000000091100000, 0x0000000091100000| Untracked 
| 236|0x0000000091200000, 0x0000000091200000, 0x0000000091300000|  0%| F|  |TAMS 0x0000000091200000, 0x0000000091200000| Untracked 
| 237|0x0000000091300000, 0x0000000091300000, 0x0000000091400000|  0%| F|  |TAMS 0x0000000091300000, 0x0000000091300000| Untracked 
| 238|0x0000000091400000, 0x0000000091400000, 0x0000000091500000|  0%| F|  |TAMS 0x0000000091400000, 0x0000000091400000| Untracked 
| 239|0x0000000091500000, 0x0000000091500000, 0x0000000091600000|  0%| F|  |TAMS 0x0000000091500000, 0x0000000091500000| Untracked 
| 240|0x0000000091600000, 0x0000000091600000, 0x0000000091700000|  0%| F|  |TAMS 0x0000000091600000, 0x0000000091600000| Untracked 
| 241|0x0000000091700000, 0x0000000091700000, 0x0000000091800000|  0%| F|  |TAMS 0x0000000091700000, 0x0000000091700000| Untracked 
| 242|0x0000000091800000, 0x0000000091800000, 0x0000000091900000|  0%| F|  |TAMS 0x0000000091800000, 0x0000000091800000| Untracked 
| 243|0x0000000091900000, 0x0000000091900000, 0x0000000091a00000|  0%| F|  |TAMS 0x0000000091900000, 0x0000000091900000| Untracked 
| 244|0x0000000091a00000, 0x0000000091a00000, 0x0000000091b00000|  0%| F|  |TAMS 0x0000000091a00000, 0x0000000091a00000| Untracked 
| 245|0x0000000091b00000, 0x0000000091b00000, 0x0000000091c00000|  0%| F|  |TAMS 0x0000000091b00000, 0x0000000091b00000| Untracked 
| 246|0x0000000091c00000, 0x0000000091c00000, 0x0000000091d00000|  0%| F|  |TAMS 0x0000000091c00000, 0x0000000091c00000| Untracked 
| 247|0x0000000091d00000, 0x0000000091d00000, 0x0000000091e00000|  0%| F|  |TAMS 0x0000000091d00000, 0x0000000091d00000| Untracked 
| 248|0x0000000091e00000, 0x0000000091e00000, 0x0000000091f00000|  0%| F|  |TAMS 0x0000000091e00000, 0x0000000091e00000| Untracked 
| 249|0x0000000091f00000, 0x0000000091f00000, 0x0000000092000000|  0%| F|  |TAMS 0x0000000091f00000, 0x0000000091f00000| Untracked 
| 250|0x0000000092000000, 0x0000000092000000, 0x0000000092100000|  0%| F|  |TAMS 0x0000000092000000, 0x0000000092000000| Untracked 
| 251|0x0000000092100000, 0x0000000092100000, 0x0000000092200000|  0%| F|  |TAMS 0x0000000092100000, 0x0000000092100000| Untracked 
| 252|0x0000000092200000, 0x0000000092200000, 0x0000000092300000|  0%| F|  |TAMS 0x0000000092200000, 0x0000000092200000| Untracked 
| 253|0x0000000092300000, 0x0000000092300000, 0x0000000092400000|  0%| F|  |TAMS 0x0000000092300000, 0x0000000092300000| Untracked 
| 254|0x0000000092400000, 0x0000000092400000, 0x0000000092500000|  0%| F|  |TAMS 0x0000000092400000, 0x0000000092400000| Untracked 
| 255|0x0000000092500000, 0x0000000092500000, 0x0000000092600000|  0%| F|  |TAMS 0x0000000092500000, 0x0000000092500000| Untracked 
| 256|0x0000000092600000, 0x0000000092600000, 0x0000000092700000|  0%| F|  |TAMS 0x0000000092600000, 0x0000000092600000| Untracked 
| 257|0x0000000092700000, 0x0000000092700000, 0x0000000092800000|  0%| F|  |TAMS 0x0000000092700000, 0x0000000092700000| Untracked 
| 258|0x0000000092800000, 0x0000000092800000, 0x0000000092900000|  0%| F|  |TAMS 0x0000000092800000, 0x0000000092800000| Untracked 
| 259|0x0000000092900000, 0x0000000092900000, 0x0000000092a00000|  0%| F|  |TAMS 0x0000000092900000, 0x0000000092900000| Untracked 
| 260|0x0000000092a00000, 0x0000000092a00000, 0x0000000092b00000|  0%| F|  |TAMS 0x0000000092a00000, 0x0000000092a00000| Untracked 
| 261|0x0000000092b00000, 0x0000000092b00000, 0x0000000092c00000|  0%| F|  |TAMS 0x0000000092b00000, 0x0000000092b00000| Untracked 
| 262|0x0000000092c00000, 0x0000000092c00000, 0x0000000092d00000|  0%| F|  |TAMS 0x0000000092c00000, 0x0000000092c00000| Untracked 
| 263|0x0000000092d00000, 0x0000000092d00000, 0x0000000092e00000|  0%| F|  |TAMS 0x0000000092d00000, 0x0000000092d00000| Untracked 
| 264|0x0000000092e00000, 0x0000000092e00000, 0x0000000092f00000|  0%| F|  |TAMS 0x0000000092e00000, 0x0000000092e00000| Untracked 
| 265|0x0000000092f00000, 0x0000000092f00000, 0x0000000093000000|  0%| F|  |TAMS 0x0000000092f00000, 0x0000000092f00000| Untracked 
| 266|0x0000000093000000, 0x0000000093000000, 0x0000000093100000|  0%| F|  |TAMS 0x0000000093000000, 0x0000000093000000| Untracked 
| 267|0x0000000093100000, 0x0000000093100000, 0x0000000093200000|  0%| F|  |TAMS 0x0000000093100000, 0x0000000093100000| Untracked 
| 268|0x0000000093200000, 0x0000000093200000, 0x0000000093300000|  0%| F|  |TAMS 0x0000000093200000, 0x0000000093200000| Untracked 
| 269|0x0000000093300000, 0x0000000093300000, 0x0000000093400000|  0%| F|  |TAMS 0x0000000093300000, 0x0000000093300000| Untracked 
| 270|0x0000000093400000, 0x0000000093400000, 0x0000000093500000|  0%| F|  |TAMS 0x0000000093400000, 0x0000000093400000| Untracked 
| 271|0x0000000093500000, 0x0000000093500000, 0x0000000093600000|  0%| F|  |TAMS 0x0000000093500000, 0x0000000093500000| Untracked 
| 272|0x0000000093600000, 0x0000000093600000, 0x0000000093700000|  0%| F|  |TAMS 0x0000000093600000, 0x0000000093600000| Untracked 
| 273|0x0000000093700000, 0x0000000093700000, 0x0000000093800000|  0%| F|  |TAMS 0x0000000093700000, 0x0000000093700000| Untracked 
| 274|0x0000000093800000, 0x0000000093800000, 0x0000000093900000|  0%| F|  |TAMS 0x0000000093800000, 0x0000000093800000| Untracked 
| 275|0x0000000093900000, 0x0000000093900000, 0x0000000093a00000|  0%| F|  |TAMS 0x0000000093900000, 0x0000000093900000| Untracked 
| 276|0x0000000093a00000, 0x0000000093a00000, 0x0000000093b00000|  0%| F|  |TAMS 0x0000000093a00000, 0x0000000093a00000| Untracked 
| 277|0x0000000093b00000, 0x0000000093b00000, 0x0000000093c00000|  0%| F|  |TAMS 0x0000000093b00000, 0x0000000093b00000| Untracked 
| 278|0x0000000093c00000, 0x0000000093c00000, 0x0000000093d00000|  0%| F|  |TAMS 0x0000000093c00000, 0x0000000093c00000| Untracked 
| 279|0x0000000093d00000, 0x0000000093d00000, 0x0000000093e00000|  0%| F|  |TAMS 0x0000000093d00000, 0x0000000093d00000| Untracked 
| 280|0x0000000093e00000, 0x0000000093e00000, 0x0000000093f00000|  0%| F|  |TAMS 0x0000000093e00000, 0x0000000093e00000| Untracked 
| 281|0x0000000093f00000, 0x0000000093f00000, 0x0000000094000000|  0%| F|  |TAMS 0x0000000093f00000, 0x0000000093f00000| Untracked 
| 282|0x0000000094000000, 0x0000000094000000, 0x0000000094100000|  0%| F|  |TAMS 0x0000000094000000, 0x0000000094000000| Untracked 
| 283|0x0000000094100000, 0x000000009419cfd0, 0x0000000094200000| 61%| S|CS|TAMS 0x0000000094100000, 0x0000000094100000| Complete 
| 284|0x0000000094200000, 0x0000000094300000, 0x0000000094300000|100%| S|CS|TAMS 0x0000000094200000, 0x0000000094200000| Complete 
| 285|0x0000000094300000, 0x0000000094400000, 0x0000000094400000|100%| S|CS|TAMS 0x0000000094300000, 0x0000000094300000| Complete 
| 286|0x0000000094400000, 0x0000000094400000, 0x0000000094500000|  0%| F|  |TAMS 0x0000000094400000, 0x0000000094400000| Untracked 
| 287|0x0000000094500000, 0x0000000094500000, 0x0000000094600000|  0%| F|  |TAMS 0x0000000094500000, 0x0000000094500000| Untracked 
| 288|0x0000000094600000, 0x0000000094600000, 0x0000000094700000|  0%| F|  |TAMS 0x0000000094600000, 0x0000000094600000| Untracked 
| 289|0x0000000094700000, 0x0000000094700000, 0x0000000094800000|  0%| F|  |TAMS 0x0000000094700000, 0x0000000094700000| Untracked 
| 290|0x0000000094800000, 0x0000000094800000, 0x0000000094900000|  0%| F|  |TAMS 0x0000000094800000, 0x0000000094800000| Untracked 
| 291|0x0000000094900000, 0x0000000094900000, 0x0000000094a00000|  0%| F|  |TAMS 0x0000000094900000, 0x0000000094900000| Untracked 
| 292|0x0000000094a00000, 0x0000000094a00000, 0x0000000094b00000|  0%| F|  |TAMS 0x0000000094a00000, 0x0000000094a00000| Untracked 
| 293|0x0000000094b00000, 0x0000000094b00000, 0x0000000094c00000|  0%| F|  |TAMS 0x0000000094b00000, 0x0000000094b00000| Untracked 
| 294|0x0000000094c00000, 0x0000000094c00000, 0x0000000094d00000|  0%| F|  |TAMS 0x0000000094c00000, 0x0000000094c00000| Untracked 
| 295|0x0000000094d00000, 0x0000000094d00000, 0x0000000094e00000|  0%| F|  |TAMS 0x0000000094d00000, 0x0000000094d00000| Untracked 
| 296|0x0000000094e00000, 0x0000000094e00000, 0x0000000094f00000|  0%| F|  |TAMS 0x0000000094e00000, 0x0000000094e00000| Untracked 
| 297|0x0000000094f00000, 0x0000000094f00000, 0x0000000095000000|  0%| F|  |TAMS 0x0000000094f00000, 0x0000000094f00000| Untracked 
| 298|0x0000000095000000, 0x0000000095000000, 0x0000000095100000|  0%| F|  |TAMS 0x0000000095000000, 0x0000000095000000| Untracked 
| 299|0x0000000095100000, 0x0000000095100000, 0x0000000095200000|  0%| F|  |TAMS 0x0000000095100000, 0x0000000095100000| Untracked 
| 300|0x0000000095200000, 0x0000000095200000, 0x0000000095300000|  0%| F|  |TAMS 0x0000000095200000, 0x0000000095200000| Untracked 
| 301|0x0000000095300000, 0x0000000095300000, 0x0000000095400000|  0%| F|  |TAMS 0x0000000095300000, 0x0000000095300000| Untracked 
| 302|0x0000000095400000, 0x0000000095400000, 0x0000000095500000|  0%| F|  |TAMS 0x0000000095400000, 0x0000000095400000| Untracked 
| 303|0x0000000095500000, 0x0000000095500000, 0x0000000095600000|  0%| F|  |TAMS 0x0000000095500000, 0x0000000095500000| Untracked 
| 304|0x0000000095600000, 0x0000000095600000, 0x0000000095700000|  0%| F|  |TAMS 0x0000000095600000, 0x0000000095600000| Untracked 
| 305|0x0000000095700000, 0x0000000095700000, 0x0000000095800000|  0%| F|  |TAMS 0x0000000095700000, 0x0000000095700000| Untracked 
| 306|0x0000000095800000, 0x0000000095800000, 0x0000000095900000|  0%| F|  |TAMS 0x0000000095800000, 0x0000000095800000| Untracked 
| 307|0x0000000095900000, 0x0000000095900000, 0x0000000095a00000|  0%| F|  |TAMS 0x0000000095900000, 0x0000000095900000| Untracked 
| 308|0x0000000095a00000, 0x0000000095a00000, 0x0000000095b00000|  0%| F|  |TAMS 0x0000000095a00000, 0x0000000095a00000| Untracked 
| 309|0x0000000095b00000, 0x0000000095b00000, 0x0000000095c00000|  0%| F|  |TAMS 0x0000000095b00000, 0x0000000095b00000| Untracked 
| 310|0x0000000095c00000, 0x0000000095c00000, 0x0000000095d00000|  0%| F|  |TAMS 0x0000000095c00000, 0x0000000095c00000| Untracked 
| 311|0x0000000095d00000, 0x0000000095d00000, 0x0000000095e00000|  0%| F|  |TAMS 0x0000000095d00000, 0x0000000095d00000| Untracked 
| 312|0x0000000095e00000, 0x0000000095e00000, 0x0000000095f00000|  0%| F|  |TAMS 0x0000000095e00000, 0x0000000095e00000| Untracked 
| 313|0x0000000095f00000, 0x0000000095f00000, 0x0000000096000000|  0%| F|  |TAMS 0x0000000095f00000, 0x0000000095f00000| Untracked 
| 314|0x0000000096000000, 0x0000000096000000, 0x0000000096100000|  0%| F|  |TAMS 0x0000000096000000, 0x0000000096000000| Untracked 
| 315|0x0000000096100000, 0x0000000096100000, 0x0000000096200000|  0%| F|  |TAMS 0x0000000096100000, 0x0000000096100000| Untracked 
| 316|0x0000000096200000, 0x0000000096200000, 0x0000000096300000|  0%| F|  |TAMS 0x0000000096200000, 0x0000000096200000| Untracked 
| 317|0x0000000096300000, 0x0000000096300000, 0x0000000096400000|  0%| F|  |TAMS 0x0000000096300000, 0x0000000096300000| Untracked 
| 318|0x0000000096400000, 0x0000000096400000, 0x0000000096500000|  0%| F|  |TAMS 0x0000000096400000, 0x0000000096400000| Untracked 

Card table byte_map: [0x000001a6d4f80000,0x000001a6d5370000] _byte_map_base: 0x000001a6d4b6d000

Marking Bits (Prev, Next): (CMBitMap*) 0x000001a6c9b759d0, (CMBitMap*) 0x000001a6c9b75a10
 Prev Bits: [0x000001a6d5760000, 0x000001a6d76c8000)
 Next Bits: [0x000001a6d76d0000, 0x000001a6d9638000)

Polling page: 0x000001a6c7a80000

Metaspace:

Usage:
  Non-class:     56.00 MB used.
      Class:      8.45 MB used.
       Both:     64.44 MB used.

Virtual space:
  Non-class space:       64.00 MB reserved,      56.88 MB ( 89%) committed,  1 nodes.
      Class space:        1.00 GB reserved,       9.44 MB ( <1%) committed,  1 nodes.
             Both:        1.06 GB reserved,      66.31 MB (  6%) committed. 

Chunk freelists:
   Non-Class:  2.81 MB
       Class:  2.45 MB
        Both:  5.26 MB

MaxMetaspaceSize: unlimited
CompressedClassSpaceSize: 1.00 GB
Initial GC threshold: 21.00 MB
Current GC threshold: 108.88 MB
CDS: on
MetaspaceReclaimPolicy: balanced
 - commit_granule_bytes: 65536.
 - commit_granule_words: 8192.
 - virtual_space_node_default_size: 8388608.
 - enlarge_chunks_in_place: 1.
 - new_chunks_are_fully_committed: 0.
 - uncommit_free_chunks: 1.
 - use_allocation_guard: 0.


Internal statistics:

num_allocs_failed_limit: 29.
num_arena_births: 7540.
num_arena_deaths: 4006.
num_vsnodes_births: 2.
num_vsnodes_deaths: 0.
num_space_committed: 1063.
num_space_uncommitted: 1.
num_chunks_returned_to_freelist: 5199.
num_chunks_taken_from_freelist: 12608.
num_chunk_merges: 1456.
num_chunk_splits: 6449.
num_chunks_enlarged: 3086.
num_inconsistent_stats: 0.

CodeCache: size=49152Kb used=22157Kb max_used=22157Kb free=26994Kb
 bounds [0x000001a6d1a80000, 0x000001a6d3050000, 0x000001a6d4a80000]
 total_blobs=11680 nmethods=10880 adapters=723
 compilation: enabled
              stopped_count=0, restarted_count=0
 full_count=0

Compilation events (20 events):
Event: 2990.338 Thread 0x000001a6dc071a30 11042       1       io.quarkus.runtime.logging.LogCleanupFilter::isLoggable (183 bytes)
Event: 2990.340 Thread 0x000001a6dc071a30 nmethod 11042 0x000001a6d2e05d90 code [0x000001a6d2e060a0, 0x000001a6d2e067a8]
Event: 2990.346 Thread 0x000001a6dc071a30 11043       1       org.jboss.resteasy.reactive.server.mapping.URITemplate::<init> (945 bytes)
Event: 2990.346 Thread 0x000001a6e3a63050 11044   !   1       io.quarkus.bootstrap.logging.QuarkusDelayedHandler::doPublish (218 bytes)
Event: 2990.349 Thread 0x000001a6e3a63050 nmethod 11044 0x000001a6d2e04610 code [0x000001a6d2e04960, 0x000001a6d2e05488]
Event: 2990.349 Thread 0x000001a6e491f710 11045       1       org.jboss.resteasy.reactive.common.processor.scanning.SerializerScanningResult::getReaders (5 bytes)
Event: 2990.349 Thread 0x000001a6e491f710 nmethod 11045 0x000001a6d2e04310 code [0x000001a6d2e044a0, 0x000001a6d2e04558]
Event: 2990.352 Thread 0x000001a6e491f710 11046   !   1       org.jboss.resteasy.reactive.common.processor.HashUtil::sha1 (78 bytes)
Event: 2990.354 Thread 0x000001a6e491f710 nmethod 11046 0x000001a6d2e03710 code [0x000001a6d2e03940, 0x000001a6d2e03d88]
Event: 2990.359 Thread 0x000001a6dc071a30 nmethod 11043 0x000001a6d2dfdc90 code [0x000001a6d2dfe360, 0x000001a6d2e013c8]
Event: 2990.375 Thread 0x000001a6dc071a30 11047       1       io.quarkus.qute.EvaluatorImpl$$Lambda$889/0x00000008014e2198::<init> (32 bytes)
Event: 2990.375 Thread 0x000001a6e3a63050 11048       1       io.quarkus.qute.EvaluatorImpl$$Lambda$889/0x00000008014e2198::apply (25 bytes)
Event: 2990.375 Thread 0x000001a6e491f710 11049       1       io.quarkus.qute.EvaluatorImpl::lambda$resolve$3 (26 bytes)
Event: 2990.375 Thread 0x000001a6dc071a30 nmethod 11047 0x000001a6d2dfd890 code [0x000001a6d2dfda20, 0x000001a6d2dfdbf8]
Event: 2990.375 Thread 0x000001a6e491f710 nmethod 11049 0x000001a6d2dfd490 code [0x000001a6d2dfd640, 0x000001a6d2dfd7f8]
Event: 2990.375 Thread 0x000001a6e3a63050 nmethod 11048 0x000001a6d2dfcf90 code [0x000001a6d2dfd140, 0x000001a6d2dfd338]
Event: 2990.379 Thread 0x000001a6e3a63050 11050       1       io.quarkus.qute.ValueResolvers$10::appliesTo (49 bytes)
Event: 2990.379 Thread 0x000001a6dc071a30 11051       1       io.quarkus.qute.SectionNode$SectionResolutionContextImpl::resolutionContext (5 bytes)
Event: 2990.380 Thread 0x000001a6dc071a30 nmethod 11051 0x000001a6d2dfcc90 code [0x000001a6d2dfce20, 0x000001a6d2dfced8]
Event: 2990.380 Thread 0x000001a6e3a63050 nmethod 11050 0x000001a6d2dfc610 code [0x000001a6d2dfc7e0, 0x000001a6d2dfcaf8]

GC Heap History (20 events):
Event: 1290.183 GC heap after
{Heap after GC invocations=19 (full 0):
 garbage-first heap   total 326656K, used 115712K [0x0000000082600000, 0x0000000100000000)
  region size 1024K, 2 young (2048K), 2 survivors (2048K)
 Metaspace       used 61651K, committed 63936K, reserved 1114112K
  class space    used 7845K, committed 8832K, reserved 1048576K
}
Event: 1358.448 GC heap before
{Heap before GC invocations=19 (full 0):
 garbage-first heap   total 326656K, used 135168K [0x0000000082600000, 0x0000000100000000)
  region size 1024K, 23 young (23552K), 2 survivors (2048K)
 Metaspace       used 62226K, committed 64192K, reserved 1114112K
  class space    used 7921K, committed 8832K, reserved 1048576K
}
Event: 1358.452 GC heap after
{Heap after GC invocations=20 (full 0):
 garbage-first heap   total 326656K, used 118159K [0x0000000082600000, 0x0000000100000000)
  region size 1024K, 5 young (5120K), 5 survivors (5120K)
 Metaspace       used 62226K, committed 64192K, reserved 1114112K
  class space    used 7921K, committed 8832K, reserved 1048576K
}
Event: 1681.502 GC heap before
{Heap before GC invocations=21 (full 0):
 garbage-first heap   total 326656K, used 258447K [0x0000000082600000, 0x0000000100000000)
  region size 1024K, 124 young (126976K), 5 survivors (5120K)
 Metaspace       used 63964K, committed 65600K, reserved 1114112K
  class space    used 8313K, committed 9152K, reserved 1048576K
}
Event: 1681.551 GC heap after
{Heap after GC invocations=22 (full 0):
 garbage-first heap   total 326656K, used 125791K [0x0000000082600000, 0x0000000100000000)
  region size 1024K, 16 young (16384K), 16 survivors (16384K)
 Metaspace       used 63964K, committed 65600K, reserved 1114112K
  class space    used 8313K, committed 9152K, reserved 1048576K
}
Event: 1681.560 GC heap before
{Heap before GC invocations=22 (full 0):
 garbage-first heap   total 326656K, used 126815K [0x0000000082600000, 0x0000000100000000)
  region size 1024K, 17 young (17408K), 16 survivors (16384K)
 Metaspace       used 63964K, committed 65600K, reserved 1114112K
  class space    used 8313K, committed 9152K, reserved 1048576K
}
Event: 1681.584 GC heap after
{Heap after GC invocations=23 (full 0):
 garbage-first heap   total 326656K, used 117418K [0x0000000082600000, 0x0000000100000000)
  region size 1024K, 1 young (1024K), 1 survivors (1024K)
 Metaspace       used 63964K, committed 65600K, reserved 1114112K
  class space    used 8313K, committed 9152K, reserved 1048576K
}
Event: 1946.583 GC heap before
{Heap before GC invocations=23 (full 0):
 garbage-first heap   total 326656K, used 146090K [0x0000000082600000, 0x0000000100000000)
  region size 1024K, 31 young (31744K), 1 survivors (1024K)
 Metaspace       used 64524K, committed 66176K, reserved 1114112K
  class space    used 8384K, committed 9216K, reserved 1048576K
}
Event: 1946.613 GC heap after
{Heap after GC invocations=24 (full 0):
 garbage-first heap   total 326656K, used 123018K [0x0000000082600000, 0x0000000100000000)
  region size 1024K, 7 young (7168K), 7 survivors (7168K)
 Metaspace       used 64524K, committed 66176K, reserved 1114112K
  class space    used 8384K, committed 9216K, reserved 1048576K
}
Event: 2773.686 GC heap before
{Heap before GC invocations=25 (full 0):
 garbage-first heap   total 326656K, used 284810K [0x0000000082600000, 0x0000000100000000)
  region size 1024K, 112 young (114688K), 7 survivors (7168K)
 Metaspace       used 64549K, committed 66240K, reserved 1114112K
  class space    used 8393K, committed 9280K, reserved 1048576K
}
Event: 2773.748 GC heap after
{Heap after GC invocations=26 (full 0):
 garbage-first heap   total 326656K, used 126816K [0x0000000082600000, 0x0000000100000000)
  region size 1024K, 13 young (13312K), 13 survivors (13312K)
 Metaspace       used 64549K, committed 66240K, reserved 1114112K
  class space    used 8393K, committed 9280K, reserved 1048576K
}
Event: 2773.771 GC heap before
{Heap before GC invocations=26 (full 0):
 garbage-first heap   total 326656K, used 127840K [0x0000000082600000, 0x0000000100000000)
  region size 1024K, 15 young (15360K), 13 survivors (13312K)
 Metaspace       used 64586K, committed 66304K, reserved 1114112K
  class space    used 8401K, committed 9280K, reserved 1048576K
}
Event: 2773.816 GC heap after
{Heap after GC invocations=27 (full 0):
 garbage-first heap   total 326656K, used 118355K [0x0000000082600000, 0x0000000100000000)
  region size 1024K, 2 young (2048K), 2 survivors (2048K)
 Metaspace       used 64586K, committed 66304K, reserved 1114112K
  class space    used 8401K, committed 9280K, reserved 1048576K
}
Event: 2774.046 GC heap before
{Heap before GC invocations=27 (full 0):
 garbage-first heap   total 326656K, used 129619K [0x0000000082600000, 0x0000000100000000)
  region size 1024K, 15 young (15360K), 2 survivors (2048K)
 Metaspace       used 64847K, committed 66624K, reserved 1114112K
  class space    used 8452K, committed 9408K, reserved 1048576K
}
Event: 2774.054 GC heap after
{Heap after GC invocations=28 (full 0):
 garbage-first heap   total 326656K, used 117967K [0x0000000082600000, 0x0000000100000000)
  region size 1024K, 2 young (2048K), 2 survivors (2048K)
 Metaspace       used 64847K, committed 66624K, reserved 1114112K
  class space    used 8452K, committed 9408K, reserved 1048576K
}
Event: 2990.098 GC heap before
{Heap before GC invocations=29 (full 0):
 garbage-first heap   total 326656K, used 252111K [0x0000000082600000, 0x0000000100000000)
  region size 1024K, 112 young (114688K), 2 survivors (2048K)
 Metaspace       used 65464K, committed 67264K, reserved 1114112K
  class space    used 8537K, committed 9472K, reserved 1048576K
}
Event: 2990.115 GC heap after
{Heap after GC invocations=30 (full 0):
 garbage-first heap   total 326656K, used 131537K [0x0000000082600000, 0x0000000100000000)
  region size 1024K, 14 young (14336K), 14 survivors (14336K)
 Metaspace       used 65464K, committed 67264K, reserved 1114112K
  class space    used 8537K, committed 9472K, reserved 1048576K
}
Event: 2990.120 GC heap before
{Heap before GC invocations=30 (full 0):
 garbage-first heap   total 326656K, used 132561K [0x0000000082600000, 0x0000000100000000)
  region size 1024K, 15 young (15360K), 14 survivors (14336K)
 Metaspace       used 65464K, committed 67264K, reserved 1114112K
  class space    used 8537K, committed 9472K, reserved 1048576K
}
Event: 2990.144 GC heap after
{Heap after GC invocations=31 (full 0):
 garbage-first heap   total 326656K, used 129081K [0x0000000082600000, 0x0000000100000000)
  region size 1024K, 2 young (2048K), 2 survivors (2048K)
 Metaspace       used 65464K, committed 67264K, reserved 1114112K
  class space    used 8537K, committed 9472K, reserved 1048576K
}
Event: 2990.380 GC heap before
{Heap before GC invocations=31 (full 0):
 garbage-first heap   total 326656K, used 158777K [0x0000000082600000, 0x0000000100000000)
  region size 1024K, 33 young (33792K), 2 survivors (2048K)
 Metaspace       used 65989K, committed 67904K, reserved 1114112K
  class space    used 8648K, committed 9664K, reserved 1048576K
}

Dll operation events (16 events):
Event: 0.008 Loaded shared library C:\Program Files\Java\jdk-19\bin\java.dll
Event: 0.017 Loaded shared library C:\Program Files\Java\jdk-19\bin\jsvml.dll
Event: 0.060 Loaded shared library C:\Program Files\Java\jdk-19\bin\zip.dll
Event: 0.062 Loaded shared library C:\Program Files\Java\jdk-19\bin\instrument.dll
Event: 0.067 Loaded shared library C:\Program Files\Java\jdk-19\bin\net.dll
Event: 0.069 Loaded shared library C:\Program Files\Java\jdk-19\bin\nio.dll
Event: 0.071 Loaded shared library C:\Program Files\Java\jdk-19\bin\zip.dll
Event: 0.153 Loaded shared library C:\Program Files\Java\jdk-19\bin\jimage.dll
Event: 1.130 Loaded shared library C:\Program Files\Java\jdk-19\bin\management.dll
Event: 1.136 Loaded shared library C:\Program Files\Java\jdk-19\bin\management_ext.dll
Event: 1.181 Loaded shared library C:\Program Files\Java\jdk-19\bin\verify.dll
Event: 2.234 Loaded shared library C:\Users\33660\AppData\Local\Temp\jansi-2.4.0-d7413316b45a799b-jansi.dll
Event: 3.427 Loaded shared library C:\Program Files\Java\jdk-19\bin\sunmscapi.dll
Event: 3.469 Loaded shared library C:\Program Files\Java\jdk-19\bin\extnet.dll
Event: 879.933 Loaded shared library C:\Program Files\Java\jdk-19\bin\awt.dll
Event: 880.234 Loaded shared library C:\Users\33660\AppData\Local\Temp\jna-48672528\jna5491053360075048059.dll

Deoptimization events (20 events):
Event: 2990.328 Thread 0x000001a6e468c5b0 DEOPT PACKING pc=0x000001a6d2780f94 sp=0x00000050629fe3a0
Event: 2990.328 Thread 0x000001a6e468c5b0 DEOPT UNPACKING pc=0x000001a6d1ae7543 sp=0x00000050629fd858 mode 1
Event: 2990.328 Thread 0x000001a6e468c5b0 DEOPT PACKING pc=0x000001a6d2780b5d sp=0x00000050629fe3d0
Event: 2990.328 Thread 0x000001a6e468c5b0 DEOPT UNPACKING pc=0x000001a6d1ae7543 sp=0x00000050629fd878 mode 1
Event: 2990.328 Thread 0x000001a6e468c5b0 DEOPT PACKING pc=0x000001a6d2780f94 sp=0x00000050629fe440
Event: 2990.329 Thread 0x000001a6e468c5b0 DEOPT UNPACKING pc=0x000001a6d1ae7543 sp=0x00000050629fd8f8 mode 1
Event: 2990.329 Thread 0x000001a6e468c5b0 DEOPT PACKING pc=0x000001a6d23e2bac sp=0x00000050629fe520
Event: 2990.329 Thread 0x000001a6e468c5b0 DEOPT UNPACKING pc=0x000001a6d1ae7543 sp=0x00000050629fda58 mode 1
Event: 2990.329 Thread 0x000001a6e468c5b0 DEOPT PACKING pc=0x000001a6d1ee289c sp=0x00000050629fe1d0
Event: 2990.329 Thread 0x000001a6e468c5b0 DEOPT UNPACKING pc=0x000001a6d1ae7543 sp=0x00000050629fd6a0 mode 1
Event: 2990.329 Thread 0x000001a6e468c5b0 DEOPT PACKING pc=0x000001a6d1ee52a4 sp=0x00000050629fe2a0
Event: 2990.329 Thread 0x000001a6e468c5b0 DEOPT UNPACKING pc=0x000001a6d1ae7543 sp=0x00000050629fd778 mode 1
Event: 2990.329 Thread 0x000001a6e468c5b0 DEOPT PACKING pc=0x000001a6d1ee20cc sp=0x00000050629fe380
Event: 2990.329 Thread 0x000001a6e468c5b0 DEOPT UNPACKING pc=0x000001a6d1ae7543 sp=0x00000050629fd8a0 mode 1
Event: 2990.329 Thread 0x000001a6e468c5b0 DEOPT PACKING pc=0x000001a6d23e1324 sp=0x00000050629fe470
Event: 2990.329 Thread 0x000001a6e468c5b0 DEOPT UNPACKING pc=0x000001a6d1ae7543 sp=0x00000050629fd968 mode 1
Event: 2990.334 Thread 0x000001a6e468c5b0 DEOPT PACKING pc=0x000001a6d2780b5d sp=0x00000050629fdea0
Event: 2990.334 Thread 0x000001a6e468c5b0 DEOPT UNPACKING pc=0x000001a6d1ae7543 sp=0x00000050629fd348 mode 1
Event: 2990.334 Thread 0x000001a6e468c5b0 DEOPT PACKING pc=0x000001a6d2780f94 sp=0x00000050629fdf10
Event: 2990.334 Thread 0x000001a6e468c5b0 DEOPT UNPACKING pc=0x000001a6d1ae7543 sp=0x00000050629fd3c8 mode 1

Classes loaded (20 events):
Event: 880.122 Loading class java/awt/image/BufferedImage$1
Event: 880.122 Loading class java/awt/image/BufferedImage$1 done
Event: 880.122 Loading class sun/awt/image/IntegerComponentRaster
Event: 880.123 Loading class sun/awt/image/IntegerComponentRaster done
Event: 880.123 Loading class sun/awt/image/ShortComponentRaster
Event: 880.124 Loading class sun/awt/image/ShortComponentRaster done
Event: 880.200 Loading class javax/imageio/ImageWriteParam
Event: 880.200 Loading class javax/imageio/ImageWriteParam done
Event: 880.201 Loading class javax/imageio/IIOImage
Event: 880.201 Loading class javax/imageio/IIOImage done
Event: 880.205 Loading class java/util/zip/ZipFile$ZipEntryIterator
Event: 880.205 Loading class java/util/zip/ZipFile$ZipEntryIterator done
Event: 880.225 Loading class java/io/File$TempDirectory
Event: 880.226 Loading class java/io/File$TempDirectory done
Event: 880.287 Loading class java/lang/foreign/ValueLayout
Event: 880.287 Loading class java/lang/foreign/MemoryLayout
Event: 880.288 Loading class java/lang/foreign/MemoryLayout done
Event: 880.288 Loading class java/lang/foreign/AbstractLayout
Event: 880.288 Loading class java/lang/foreign/AbstractLayout done
Event: 880.288 Loading class java/lang/foreign/ValueLayout done

Classes unloaded (20 events):
Event: 2774.287 Thread 0x000001a6dc0457f0 Unloading class 0x00000008018cf800 'java/lang/invoke/LambdaForm$MH+0x00000008018cf800'
Event: 2774.287 Thread 0x000001a6dc0457f0 Unloading class 0x00000008018d0000 'java/lang/invoke/LambdaForm$MH+0x00000008018d0000'
Event: 2774.287 Thread 0x000001a6dc0457f0 Unloading class 0x00000008018d1400 'java/lang/invoke/LambdaForm$MH+0x00000008018d1400'
Event: 2774.287 Thread 0x000001a6dc0457f0 Unloading class 0x00000008018d7c00 'java/lang/invoke/LambdaForm$MH+0x00000008018d7c00'
Event: 2774.287 Thread 0x000001a6dc0457f0 Unloading class 0x00000008018d9c00 'java/lang/invoke/LambdaForm$MH+0x00000008018d9c00'
Event: 2774.287 Thread 0x000001a6dc0457f0 Unloading class 0x00000008018db000 'java/lang/invoke/LambdaForm$MH+0x00000008018db000'
Event: 2774.287 Thread 0x000001a6dc0457f0 Unloading class 0x00000008018dcc00 'java/lang/invoke/LambdaForm$MH+0x00000008018dcc00'
Event: 2774.287 Thread 0x000001a6dc0457f0 Unloading class 0x00000008018e1400 'java/lang/invoke/LambdaForm$MH+0x00000008018e1400'
Event: 2774.287 Thread 0x000001a6dc0457f0 Unloading class 0x00000008018e5800 'java/lang/invoke/LambdaForm$MH+0x00000008018e5800'
Event: 2774.287 Thread 0x000001a6dc0457f0 Unloading class 0x00000008018d2800 'java/lang/invoke/LambdaForm$MH+0x00000008018d2800'
Event: 2774.287 Thread 0x000001a6dc0457f0 Unloading class 0x00000008018e7400 'java/lang/invoke/LambdaForm$MH+0x00000008018e7400'
Event: 2774.287 Thread 0x000001a6dc0457f0 Unloading class 0x00000008018ea400 'java/lang/invoke/LambdaForm$MH+0x00000008018ea400'
Event: 2774.287 Thread 0x000001a6dc0457f0 Unloading class 0x00000008018eb000 'java/lang/invoke/LambdaForm$MH+0x00000008018eb000'
Event: 2774.287 Thread 0x000001a6dc0457f0 Unloading class 0x00000008018ed400 'java/lang/invoke/LambdaForm$MH+0x00000008018ed400'
Event: 2774.287 Thread 0x000001a6dc0457f0 Unloading class 0x00000008018ee800 'java/lang/invoke/LambdaForm$MH+0x00000008018ee800'
Event: 2774.287 Thread 0x000001a6dc0457f0 Unloading class 0x00000008018f5c00 'java/lang/invoke/LambdaForm$MH+0x00000008018f5c00'
Event: 2774.287 Thread 0x000001a6dc0457f0 Unloading class 0x0000000801907800 'java/lang/invoke/LambdaForm$MH+0x0000000801907800'
Event: 2774.287 Thread 0x000001a6dc0457f0 Unloading class 0x0000000801908c00 'java/lang/invoke/LambdaForm$MH+0x0000000801908c00'
Event: 2774.287 Thread 0x000001a6dc0457f0 Unloading class 0x0000000801584800 'java/lang/invoke/LambdaForm$MH+0x0000000801584800'
Event: 2774.287 Thread 0x000001a6dc0457f0 Unloading class 0x000000080157a000 'java/lang/invoke/LambdaForm$MH+0x000000080157a000'

Classes redefined (0 events):
No events

Internal exceptions (20 events):
Event: 2990.276 Thread 0x000001a6e468c5b0 Exception <a 'sun/nio/fs/WindowsException'{0x00000000952de088}> (0x00000000952de088) 
thrown [s\open\src\hotspot\share\prims\jni.cpp, line 517]
Event: 2990.297 Thread 0x000001a6e468c5b0 Exception <a 'sun/nio/fs/WindowsException'{0x0000000094d36f78}> (0x0000000094d36f78) 
thrown [s\open\src\hotspot\share\prims\jni.cpp, line 517]
Event: 2990.297 Thread 0x000001a6e468c5b0 Exception <a 'sun/nio/fs/WindowsException'{0x0000000094d374a8}> (0x0000000094d374a8) 
thrown [s\open\src\hotspot\share\prims\jni.cpp, line 517]
Event: 2990.297 Thread 0x000001a6e468c5b0 Exception <a 'sun/nio/fs/WindowsException'{0x0000000094d378e8}> (0x0000000094d378e8) 
thrown [s\open\src\hotspot\share\prims\jni.cpp, line 517]
Event: 2990.298 Thread 0x000001a6e468c5b0 Exception <a 'sun/nio/fs/WindowsException'{0x0000000094d38058}> (0x0000000094d38058) 
thrown [s\open\src\hotspot\share\prims\jni.cpp, line 517]
Event: 2990.302 Thread 0x000001a6e468c5b0 Exception <a 'sun/nio/fs/WindowsException'{0x0000000094dd89e0}> (0x0000000094dd89e0) 
thrown [s\open\src\hotspot\share\prims\jni.cpp, line 517]
Event: 2990.302 Thread 0x000001a6e468c5b0 Exception <a 'sun/nio/fs/WindowsException'{0x0000000094c00700}> (0x0000000094c00700) 
thrown [s\open\src\hotspot\share\prims\jni.cpp, line 517]
Event: 2990.302 Thread 0x000001a6e468c5b0 Exception <a 'sun/nio/fs/WindowsException'{0x0000000094c064e8}> (0x0000000094c064e8) 
thrown [s\open\src\hotspot\share\prims\jni.cpp, line 517]
Event: 2990.303 Thread 0x000001a6e468c5b0 Exception <a 'sun/nio/fs/WindowsException'{0x0000000094c072a8}> (0x0000000094c072a8) 
thrown [s\open\src\hotspot\share\prims\jni.cpp, line 517]
Event: 2990.303 Thread 0x000001a6e468c5b0 Exception <a 'sun/nio/fs/WindowsException'{0x0000000094c07660}> (0x0000000094c07660) 
thrown [s\open\src\hotspot\share\prims\jni.cpp, line 517]
Event: 2990.311 Thread 0x000001a6e468c5b0 Exception <a 'sun/nio/fs/WindowsException'{0x0000000094b65860}> (0x0000000094b65860) 
thrown [s\open\src\hotspot\share\prims\jni.cpp, line 517]
Event: 2990.312 Thread 0x000001a6e468c5b0 Exception <a 'sun/nio/fs/WindowsException'{0x0000000094b65d90}> (0x0000000094b65d90) 
thrown [s\open\src\hotspot\share\prims\jni.cpp, line 517]
Event: 2990.312 Thread 0x000001a6e468c5b0 Exception <a 'sun/nio/fs/WindowsException'{0x0000000094bb86f8}> (0x0000000094bb86f8) 
thrown [s\open\src\hotspot\share\prims\jni.cpp, line 517]
Event: 2990.313 Thread 0x000001a6e468c5b0 Exception <a 'sun/nio/fs/WindowsException'{0x0000000094bb8e68}> (0x0000000094bb8e68) 
thrown [s\open\src\hotspot\share\prims\jni.cpp, line 517]
Event: 2990.317 Thread 0x000001a6e468c5b0 Exception <a 'sun/nio/fs/WindowsException'{0x0000000094aaeaf8}> (0x0000000094aaeaf8) 
thrown [s\open\src\hotspot\share\prims\jni.cpp, line 517]
Event: 2990.327 Thread 0x000001a6e468c5b0 Exception <a 'sun/nio/fs/WindowsException'{0x0000000094980490}> (0x0000000094980490) 
thrown [s\open\src\hotspot\share\prims\jni.cpp, line 517]
Event: 2990.328 Thread 0x000001a6e468c5b0 Exception <a 'sun/nio/fs/WindowsException'{0x0000000094980990}> (0x0000000094980990) 
thrown [s\open\src\hotspot\share\prims\jni.cpp, line 517]
Event: 2990.328 Thread 0x000001a6e468c5b0 Exception <a 'sun/nio/fs/WindowsException'{0x0000000094980d80}> (0x0000000094980d80) 
thrown [s\open\src\hotspot\share\prims\jni.cpp, line 517]
Event: 2990.329 Thread 0x000001a6e468c5b0 Exception <a 'sun/nio/fs/WindowsException'{0x00000000949814f0}> (0x00000000949814f0) 
thrown [s\open\src\hotspot\share\prims\jni.cpp, line 517]
Event: 2990.333 Thread 0x000001a6e468c5b0 Exception <a 'sun/nio/fs/WindowsException'{0x0000000094800a50}> (0x0000000094800a50) 
thrown [s\open\src\hotspot\share\prims\jni.cpp, line 517]

VM Operations (20 events):
Event: 2774.054 Executing VM operation: G1TryInitiateConcMark done
Event: 2774.284 Executing VM operation: G1PauseRemark
Event: 2774.391 Executing VM operation: G1PauseRemark done
Event: 2774.391 Executing VM operation: Cleanup
Event: 2774.393 Executing VM operation: Cleanup done
Event: 2774.478 Executing VM operation: G1PauseCleanup
Event: 2774.479 Executing VM operation: G1PauseCleanup done
Event: 2775.486 Executing VM operation: Cleanup
Event: 2775.486 Executing VM operation: Cleanup done
Event: 2776.498 Executing VM operation: Cleanup
Event: 2776.498 Executing VM operation: Cleanup done
Event: 2778.509 Executing VM operation: Cleanup
Event: 2778.509 Executing VM operation: Cleanup done
Event: 2834.998 Executing VM operation: Cleanup
Event: 2834.998 Executing VM operation: Cleanup done
Event: 2990.098 Executing VM operation: G1CollectForAllocation
Event: 2990.116 Executing VM operation: G1CollectForAllocation done
Event: 2990.120 Executing VM operation: G1CollectForAllocation
Event: 2990.144 Executing VM operation: G1CollectForAllocation done
Event: 2990.380 Executing VM operation: G1TryInitiateConcMark

Events (20 events):
Event: 2989.962 Thread 0x000001a6e3762600 Thread added: 0x000001a6e3762600
Event: 2989.963 Thread 0x000001a6e37620b0 Thread added: 0x000001a6e37620b0
Event: 2989.963 Thread 0x000001a6e37610c0 Thread added: 0x000001a6e37610c0
Event: 2989.963 Thread 0x000001a6e468c5b0 Thread added: 0x000001a6e468c5b0
Event: 2989.964 Thread 0x000001a6e0bc0f90 Thread added: 0x000001a6e0bc0f90
Event: 2989.965 Thread 0x000001a6e338f820 Thread added: 0x000001a6e338f820
Event: 2989.966 Thread 0x000001a6e468b070 Thread added: 0x000001a6e468b070
Event: 2989.967 Thread 0x000001a6e3b30af0 Thread added: 0x000001a6e3b30af0
Event: 2989.969 Thread 0x000001a6e3b31ae0 Thread added: 0x000001a6e3b31ae0
Event: 2989.969 Thread 0x000001a6e3a63050 Thread added: 0x000001a6e3a63050
Event: 2989.970 Thread 0x000001a6e467e060 Thread added: 0x000001a6e467e060
Event: 2989.972 Thread 0x000001a6e3b2f060 Thread added: 0x000001a6e3b2f060
Event: 2989.974 Thread 0x000001a6e4689090 Thread added: 0x000001a6e4689090
Event: 2989.976 Thread 0x000001a6e0bc14e0 Thread added: 0x000001a6e0bc14e0
Event: 2989.981 Thread 0x000001a6e3b2fb00 Thread added: 0x000001a6e3b2fb00
Event: 2989.983 Thread 0x000001a6e4e5a360 Thread added: 0x000001a6e4e5a360
Event: 2989.985 Thread 0x000001a6e4680040 Thread added: 0x000001a6e4680040
Event: 2989.988 Thread 0x000001a6e4e5b350 Thread added: 0x000001a6e4e5b350
Event: 2990.048 Thread 0x000001a6e491f710 Thread added: 0x000001a6e491f710
Event: 2990.236 Thread 0x000001a6e46895e0 Thread added: 0x000001a6e46895e0


Dynamic libraries:
0x00007ff677450000 - 0x00007ff677460000 	C:\Program Files\Java\jdk-19\bin\java.EXE
0x00007ff9fdb60000 - 0x00007ff9fdd69000 	C:\WINDOWS\SYSTEM32\ntdll.dll
0x00007ff9fc760000 - 0x00007ff9fc81e000 	C:\WINDOWS\System32\KERNEL32.DLL
0x00007ff9fb2e0000 - 0x00007ff9fb664000 	C:\WINDOWS\System32\KERNELBASE.dll
0x00007ff9fb670000 - 0x00007ff9fb781000 	C:\WINDOWS\System32\ucrtbase.dll
0x00007ff9f5470000 - 0x00007ff9f5488000 	C:\Program Files\Java\jdk-19\bin\jli.dll
0x00007ff9f5530000 - 0x00007ff9f554b000 	C:\Program Files\Java\jdk-19\bin\VCRUNTIME140.dll
0x00007ff9fc5c0000 - 0x00007ff9fc66f000 	C:\WINDOWS\System32\ADVAPI32.dll
0x00007ff9fb9d0000 - 0x00007ff9fba73000 	C:\WINDOWS\System32\msvcrt.dll
0x00007ff9fba80000 - 0x00007ff9fbb1e000 	C:\WINDOWS\System32\sechost.dll
0x00007ff9fbd30000 - 0x00007ff9fbe51000 	C:\WINDOWS\System32\RPCRT4.dll
0x00007ff9fbe60000 - 0x00007ff9fc00d000 	C:\WINDOWS\System32\USER32.dll
0x00007ff9f1d20000 - 0x00007ff9f1fc5000 	C:\WINDOWS\WinSxS\amd64_microsoft.windows.common-controls_6595b64144ccf1df_6.0.22000.120_none_9d947278b86cc467\COMCTL32.dll
0x00007ff9fb9a0000 - 0x00007ff9fb9c6000 	C:\WINDOWS\System32\win32u.dll
0x00007ff9fbc70000 - 0x00007ff9fbc9a000 	C:\WINDOWS\System32\GDI32.dll
0x00007ff9fb790000 - 0x00007ff9fb8af000 	C:\WINDOWS\System32\gdi32full.dll
0x00007ff9fb240000 - 0x00007ff9fb2dd000 	C:\WINDOWS\System32\msvcp_win.dll
0x00007ff9f6280000 - 0x00007ff9f628a000 	C:\WINDOWS\SYSTEM32\VERSION.dll
0x00007ff9fc030000 - 0x00007ff9fc061000 	C:\WINDOWS\System32\IMM32.DLL
0x00007ff9f6810000 - 0x00007ff9f681c000 	C:\Program Files\Java\jdk-19\bin\vcruntime140_1.dll
0x00007ff9e4d90000 - 0x00007ff9e4e1e000 	C:\Program Files\Java\jdk-19\bin\msvcp140.dll
0x00007ff97ce40000 - 0x00007ff97db00000 	C:\Program Files\Java\jdk-19\bin\server\jvm.dll
0x00007ff9ef820000 - 0x00007ff9ef829000 	C:\WINDOWS\SYSTEM32\WSOCK32.dll
0x00007ff9f62c0000 - 0x00007ff9f62f3000 	C:\WINDOWS\SYSTEM32\WINMM.dll
0x00007ff9fc820000 - 0x00007ff9fc88f000 	C:\WINDOWS\System32\WS2_32.dll
0x00007ff9fa0d0000 - 0x00007ff9fa0e8000 	C:\WINDOWS\SYSTEM32\kernel.appcore.dll
0x00007ff9f6390000 - 0x00007ff9f639a000 	C:\Program Files\Java\jdk-19\bin\jimage.dll
0x00007ff9f8ab0000 - 0x00007ff9f8cd1000 	C:\WINDOWS\SYSTEM32\DBGHELP.DLL
0x00007ff9f51d0000 - 0x00007ff9f5201000 	C:\WINDOWS\SYSTEM32\dbgcore.DLL
0x00007ff9fb8b0000 - 0x00007ff9fb92f000 	C:\WINDOWS\System32\bcryptPrimitives.dll
0x00007ff9f4350000 - 0x00007ff9f435e000 	C:\Program Files\Java\jdk-19\bin\instrument.dll
0x00007ff9f2700000 - 0x00007ff9f2726000 	C:\Program Files\Java\jdk-19\bin\java.dll
0x00007ff9f0240000 - 0x00007ff9f027c000 	C:\Program Files\Java\jdk-19\bin\jdwp.dll
0x00007ff9dfea0000 - 0x00007ff9dff77000 	C:\Program Files\Java\jdk-19\bin\jsvml.dll
0x00007ff9fd2f0000 - 0x00007ff9fdab5000 	C:\WINDOWS\System32\SHELL32.dll
0x00007ff9f90b0000 - 0x00007ff9f9914000 	C:\WINDOWS\SYSTEM32\windows.storage.dll
0x00007ff9fcd40000 - 0x00007ff9fd0b6000 	C:\WINDOWS\System32\combase.dll
0x00007ff9f8f40000 - 0x00007ff9f90a7000 	C:\WINDOWS\SYSTEM32\wintypes.dll
0x00007ff9fc890000 - 0x00007ff9fc97a000 	C:\WINDOWS\System32\SHCORE.dll
0x00007ff9fc070000 - 0x00007ff9fc0cd000 	C:\WINDOWS\System32\shlwapi.dll
0x00007ff9faf40000 - 0x00007ff9faf61000 	C:\WINDOWS\SYSTEM32\profapi.dll
0x00007ff9f3bf0000 - 0x00007ff9f3c08000 	C:\Program Files\Java\jdk-19\bin\zip.dll
0x00007ff9f3cd0000 - 0x00007ff9f3ce3000 	C:\Program Files\Java\jdk-19\bin\net.dll
0x00007ff9f7fb0000 - 0x00007ff9f80c3000 	C:\WINDOWS\SYSTEM32\WINHTTP.dll
0x00007ff9fa620000 - 0x00007ff9fa687000 	C:\WINDOWS\system32\mswsock.dll
0x00007ff9f3c60000 - 0x00007ff9f3c76000 	C:\Program Files\Java\jdk-19\bin\nio.dll
0x00007ff9f40b0000 - 0x00007ff9f40bc000 	C:\Program Files\Java\jdk-19\bin\dt_socket.dll
0x00007ff9f9b70000 - 0x00007ff9f9b9d000 	C:\WINDOWS\SYSTEM32\IPHLPAPI.DLL
0x00007ff9f9be0000 - 0x00007ff9f9cc8000 	C:\WINDOWS\SYSTEM32\DNSAPI.dll
0x00007ff9fc670000 - 0x00007ff9fc679000 	C:\WINDOWS\System32\NSI.dll
0x00007ff9f3370000 - 0x00007ff9f337a000 	C:\Windows\System32\rasadhlp.dll
0x00007ff9f4c20000 - 0x00007ff9f4ca2000 	C:\WINDOWS\System32\fwpuclnt.dll
0x00007ff9f4060000 - 0x00007ff9f406a000 	C:\Program Files\Java\jdk-19\bin\management.dll
0x00007ff9f3fe0000 - 0x00007ff9f3feb000 	C:\Program Files\Java\jdk-19\bin\management_ext.dll
0x00007ff9fc010000 - 0x00007ff9fc018000 	C:\WINDOWS\System32\PSAPI.DLL
0x00007ff9f5500000 - 0x00007ff9f5510000 	C:\Program Files\Java\jdk-19\bin\verify.dll
0x0000000069ac0000 - 0x0000000069ae4000 	C:\Users\33660\AppData\Local\Temp\jansi-2.4.0-d7413316b45a799b-jansi.dll
0x00007ff9fa880000 - 0x00007ff9fa898000 	C:\WINDOWS\SYSTEM32\CRYPTSP.dll
0x00007ff9fa030000 - 0x00007ff9fa065000 	C:\WINDOWS\system32\rsaenh.dll
0x00007ff9fa720000 - 0x00007ff9fa749000 	C:\WINDOWS\SYSTEM32\USERENV.dll
0x00007ff9fa9f0000 - 0x00007ff9faa17000 	C:\WINDOWS\SYSTEM32\bcrypt.dll
0x00007ff9fa870000 - 0x00007ff9fa87c000 	C:\WINDOWS\SYSTEM32\CRYPTBASE.dll
0x00007ff9f5aa0000 - 0x00007ff9f5ab9000 	C:\WINDOWS\SYSTEM32\dhcpcsvc6.DLL
0x00007ff9f6290000 - 0x00007ff9f62ae000 	C:\WINDOWS\SYSTEM32\dhcpcsvc.DLL
0x00007ff9f2530000 - 0x00007ff9f253e000 	C:\Program Files\Java\jdk-19\bin\sunmscapi.dll
0x00007ff9fb0d0000 - 0x00007ff9fb23a000 	C:\WINDOWS\System32\CRYPT32.dll
0x00007ff9fa9c0000 - 0x00007ff9fa9ea000 	C:\WINDOWS\SYSTEM32\ncrypt.dll
0x00007ff9fa980000 - 0x00007ff9fa9b7000 	C:\WINDOWS\SYSTEM32\NTASN1.dll
0x00007ff9f2520000 - 0x00007ff9f2528000 	C:\WINDOWS\system32\wshunix.dll
0x00007ff9f5430000 - 0x00007ff9f5438000 	C:\Program Files\Java\jdk-19\bin\extnet.dll
0x00007ff9a0cd0000 - 0x00007ff9a0ce7000 	C:\WINDOWS\system32\napinsp.dll
0x00007ff9a0cb0000 - 0x00007ff9a0ccb000 	C:\WINDOWS\system32\pnrpnsp.dll
0x00007ff9a0bb0000 - 0x00007ff9a0bc2000 	C:\WINDOWS\System32\winrnr.dll
0x00007ff9d1120000 - 0x00007ff9d1135000 	C:\WINDOWS\system32\wshbth.dll
0x00007ff9d1d90000 - 0x00007ff9d1daf000 	C:\WINDOWS\system32\nlansp_c.dll
0x00007ff9c08d0000 - 0x00007ff9c0a61000 	C:\Program Files\Java\jdk-19\bin\awt.dll
0x00007ff9fc680000 - 0x00007ff9fc756000 	C:\WINDOWS\System32\OLEAUT32.dll
0x00007ff9f7d70000 - 0x00007ff9f7e02000 	C:\WINDOWS\SYSTEM32\apphelp.dll
0x00007ff9dfd70000 - 0x00007ff9dfdb4000 	C:\Users\33660\AppData\Local\Temp\jna-48672528\jna5491053360075048059.dll
0x00007ff9b9bc0000 - 0x00007ff9b9eb9000 	C:\Users\33660\AppData\Local\Temp\tess4j\win32-x86-64\libtesseract531.dll
0x00007ff9b7bb0000 - 0x00007ff9b7fa7000 	C:\Users\33660\AppData\Local\Temp\tess4j\win32-x86-64\libleptonica1831.dll

dbghelp: loaded successfully - version: 4.0.5 - missing functions: none
symbol engine: initialized successfully - sym options: 0x614 - pdb path: .;C:\Program Files\Java\jdk-19\bin;C:\WINDOWS\SYSTEM32;C:\WINDOWS\WinSxS\amd64_microsoft.windows.common-controls_6595b64144ccf1df_6.0.22000.120_none_9d947278b86cc467;C:\Program Files\Java\jdk-19\bin\server;C:\Users\33660\AppData\Local\Temp;C:\Users\33660\AppData\Local\Temp\jna-48672528;C:\Users\33660\AppData\Local\Temp\tess4j\win32-x86-64

VM Arguments:
jvm_args: -Dquarkus-internal.serialized-app-model.path=C:\Users\33660\Documents\PLD_SMART\PLDsmart\back-end\prescrypt\target\quarkus\bootstrap\dev-app-model.dat -javaagent:C:\Users\33660\.m2\repository\io\quarkus\quarkus-class-change-agent\3.0.1.Final\quarkus-class-change-agent-3.0.1.Final.jar -XX:TieredStopAtLevel=1 -agentlib:jdwp=transport=dt_socket,address=localhost:5005,server=y,suspend=n -Djava.util.logging.manager=org.jboss.logmanager.LogManager 
java_command: C:\Users\33660\Documents\PLD_SMART\PLDsmart\back-end\prescrypt\target\prescrypt-dev.jar
java_class_path (initial): C:\Users\33660\Documents\PLD_SMART\PLDsmart\back-end\prescrypt\target\prescrypt-dev.jar
Launcher Type: SUN_STANDARD

[Global flags]
     intx CICompilerCount                          = 4                                         {product} {ergonomic}
     uint ConcGCThreads                            = 2                                         {product} {ergonomic}
     uint G1ConcRefinementThreads                  = 8                                         {product} {ergonomic}
   size_t G1HeapRegionSize                         = 1048576                                   {product} {ergonomic}
    uintx GCDrainStackTargetSize                   = 64                                        {product} {ergonomic}
   size_t InitialHeapSize                          = 132120576                                 {product} {ergonomic}
   size_t MarkStackSize                            = 4194304                                   {product} {ergonomic}
   size_t MaxHeapSize                              = 2107637760                                {product} {ergonomic}
   size_t MaxNewSize                               = 1264582656                                {product} {ergonomic}
   size_t MinHeapDeltaBytes                        = 1048576                                   {product} {ergonomic}
   size_t MinHeapSize                              = 8388608                                   {product} {ergonomic}
    uintx NonProfiledCodeHeapSize                  = 0                                      {pd product} {ergonomic}
     bool ProfileInterpreter                       = false                                  {pd product} {command line}
    uintx ProfiledCodeHeapSize                     = 0                                      {pd product} {ergonomic}
   size_t SoftMaxHeapSize                          = 2107637760                             {manageable} {ergonomic}
     intx TieredStopAtLevel                        = 1                                         {product} {command line}
     bool UseCompressedClassPointers               = true                           {product lp64_product} {ergonomic}
     bool UseCompressedOops                        = true                           {product lp64_product} {ergonomic}
     bool UseG1GC                                  = true                                      {product} {ergonomic}
     bool UseLargePagesIndividualAllocation        = false                                  {pd product} {ergonomic}

Logging:
Log output configuration:
 #0: stdout all=warning uptime,level,tags foldmultilines=false
 #1: stderr all=off uptime,level,tags foldmultilines=false

Environment Variables:
JAVA_HOME=C:\Program Files\Java\jdk-19
PATH=C:\Program Files (x86)\Intel\Intel(R) Management Engine Components\iCLS\;C:\Program Files\Intel\Intel(R) Management Engine Components\iCLS\;C:\Windows\system32;C:\Windows;C:\Windows\System32\Wbem;C:\Windows\System32\WindowsPowerShell\v1.0\;C:\Windows\System32\OpenSSH\;C:\Program Files (x86)\Intel\Intel(R) Management Engine Components\DAL;C:\Program Files\Intel\Intel(R) Management Engine Components\DAL;C:\Program Files (x86)\Intel\Intel(R) Management Engine Components\IPT;C:\Program Files\Intel\Intel(R) Management Engine Components\IPT;C:\Program Files (x86)\NVIDIA Corporation\PhysX\Common;C:\Program Files\Intel\WiFi\bin\;C:\Program Files\Common Files\Intel\WirelessCommon\;C:\WINDOWS\system32;C:\WINDOWS;C:\WINDOWS\System32\Wbem;C:\WINDOWS\System32\WindowsPowerShell\v1.0\;C:\WINDOWS\System32\OpenSSH\;c:\php;C:\ProgramData\chocolatey\bin;C:\ProgramData\chocolatey\lib\maven\apache-maven-3.6.3\bin;C:\Program Files\OpenJDK\jdk-13.0.2\bin;C:\Program Files\MATLAB\R2021b\bin;C:\Program Files (x86)\dotnet\;C:\Program Files\Git\cmd;C:\Program Files\MATLAB\R2022b\bin;C:\Program Files\nodejs\;C:\Program Files\Docker\Docker\resources\bin;C:\Users\33660\AppData\Local\Microsoft\WindowsApps;C:\Users\33660\AppData\Local\gitkraken\bin;C:\Users\33660\AppData\Local\Microsoft\WindowsApps;C:\Users\33660\AppData\Local\Programs\Microsoft VS Code\bin;C:\ProgramData\33660\GitHubDesktop\bin;C:\Program Files\swipl\bin;C:\Users\33660\AppData\Roaming\npm
USERNAME=33660
LANG=en_US.UTF-8
OS=Windows_NT
PROCESSOR_IDENTIFIER=Intel64 Family 6 Model 142 Stepping 10, GenuineIntel
TMP=C:\Users\33660\AppData\Local\Temp
TEMP=C:\Users\33660\AppData\Local\Temp



---------------  S Y S T E M  ---------------

OS:
 Windows 11 , 64 bit Build 22000 (10.0.22000.1880)
OS uptime: 0 days 20:33 hours
Hyper-V role detected

CPU: total 8 (initial active 8) (4 cores per cpu, 2 threads per core) family 6 model 142 stepping 10 microcode 0xe0, cx8, cmov, fxsr, ht, mmx, 3dnowpref, sse, sse2, sse3, ssse3, sse4.1, sse4.2, popcnt, lzcnt, tsc, tscinvbit, avx, avx2, aes, erms, clmul, bmi1, bmi2, adx, fma, vzeroupper, clflush, clflushopt, hv, rdtscp

Memory: 4k page, system-wide physical 8034M (904M free)
TotalPageFile size 18274M (AvailPageFile size 244M)
current process WorkingSet (physical memory assigned to process): 400M, peak: 434M
current process commit charge ("private bytes"): 571M, peak: 1209M

vm_info: Java HotSpot(TM) 64-Bit Server VM (19.0.2+7-44) for windows-amd64 JRE (19.0.2+7-44), built on 2022-11-30T18:02:09Z by "mach5one" with MS VC++ 17.1 (VS2022)

END.
